Clock: clk
Sources: clk 
Generated: no
Virtual: yes
Propagated: no
Period: 25.000000

===========================================================================
report_clock_properties
============================================================================
Clock                   Period          Waveform
----------------------------------------------------
clk                  25.000000    0.000000 12.500000

===========================================================================
report_clock_latency
============================================================================
Clock clk
rise -> rise
    min     max
0.000000 0.000000 source latency
0.318675         network latency _178_/CLK
        0.321905 network latency _166_/CLK
---------------
0.318675 0.321905 latency
        0.003230 skew

fall -> fall
    min     max
0.000000 0.000000 source latency
0.311850         network latency _178_/CLK
        0.314453 network latency _166_/CLK
---------------
0.311850 0.314453 latency
        0.002603 skew



===========================================================================
report_clock_min_period
============================================================================
clk period_min = 4.15 fmax = 241.19
