                                                                       Cells by Function                                                                        
┏━━━━━━━━━━━━━━━━━━━━━━━━━━━━━━━━━━━━━━━━━━━━━━━━━━━━━━━━━━━━━━━━━━━━━━━━━━━━━━━━━━━━━━━━━━━━━━━━━━━━━━━━━━━━━━━━━━━━━━━━━━━━━━━━┳━━━━━━━━━━━━━━━━━━━━━━━━━━━━━┓
┃ Cell Function                                                                                                                  ┃ Count                       ┃
┡━━━━━━━━━━━━━━━━━━━━━━━━━━━━━━━━━━━━━━━━━━━━━━━━━━━━━━━━━━━━━━━━━━━━━━━━━━━━━━━━━━━━━━━━━━━━━━━━━━━━━━━━━━━━━━━━━━━━━━━━━━━━━━━━╇━━━━━━━━━━━━━━━━━━━━━━━━━━━━━┩
│ sky130_ef_sc_hd__decap                                                                                                         │ 31                          │
│ sky130_fd_sc_hd__a211o                                                                                                         │ 1                           │
│ sky130_fd_sc_hd__a21boi                                                                                                        │ 2                           │
│ sky130_fd_sc_hd__a21oi                                                                                                         │ 5                           │
│ sky130_fd_sc_hd__a32o                                                                                                          │ 1                           │
│ sky130_fd_sc_hd__and2                                                                                                          │ 1                           │
│ sky130_fd_sc_hd__and2b                                                                                                         │ 4                           │
│ sky130_fd_sc_hd__and3                                                                                                          │ 2                           │
│ sky130_fd_sc_hd__buf                                                                                                           │ 11                          │
│ sky130_fd_sc_hd__clkbuf                                                                                                        │ 22                          │
│ sky130_fd_sc_hd__decap                                                                                                         │ 85                          │
│ sky130_fd_sc_hd__dfrtp                                                                                                         │ 26                          │
│ sky130_fd_sc_hd__dlygate4sd3                                                                                                   │ 5                           │
│ sky130_fd_sc_hd__fill                                                                                                          │ 55                          │
│ sky130_fd_sc_hd__inv                                                                                                           │ 28                          │
│ sky130_fd_sc_hd__mux2                                                                                                          │ 2                           │
│ sky130_fd_sc_hd__nand2                                                                                                         │ 8                           │
│ sky130_fd_sc_hd__nand2b                                                                                                        │ 2                           │
│ sky130_fd_sc_hd__nor2                                                                                                          │ 5                           │
│ sky130_fd_sc_hd__nor3b                                                                                                         │ 1                           │
│ sky130_fd_sc_hd__o21a                                                                                                          │ 2                           │
│ sky130_fd_sc_hd__or2                                                                                                           │ 4                           │
│ sky130_fd_sc_hd__or3b                                                                                                          │ 1                           │
│ sky130_fd_sc_hd__tapvpwrvgnd                                                                                                   │ 30                          │
│ sky130_fd_sc_hd__xnor2                                                                                                         │ 5                           │
│ sky130_fd_sc_hd__xor2                                                                                                          │ 3                           │
└────────────────────────────────────────────────────────────────────────────────────────────────────────────────────────────────┴─────────────────────────────┘
