[WARNING ORD-0039] .openroad ignored with -python
                                Cells by Master                                 
┏━━━━━━━━━━━━━━━━━━━━━━━━━━━━━━━━━━━━━━━━━━━━━━━━━━━━━━━━━━━━━━━━┳━━━━━━━━━━━━━┓
┃ Cell                                                           ┃ Count       ┃
┡━━━━━━━━━━━━━━━━━━━━━━━━━━━━━━━━━━━━━━━━━━━━━━━━━━━━━━━━━━━━━━━━╇━━━━━━━━━━━━━┩
│ sky130_ef_sc_hd__decap_12                                      │ 31          │
│ sky130_fd_sc_hd__a211o_1                                       │ 1           │
│ sky130_fd_sc_hd__a21boi_1                                      │ 2           │
│ sky130_fd_sc_hd__a21oi_1                                       │ 4           │
│ sky130_fd_sc_hd__a21oi_2                                       │ 1           │
│ sky130_fd_sc_hd__a32o_1                                        │ 1           │
│ sky130_fd_sc_hd__and2_1                                        │ 1           │
│ sky130_fd_sc_hd__and2b_1                                       │ 4           │
│ sky130_fd_sc_hd__and3_1                                        │ 2           │
│ sky130_fd_sc_hd__buf_2                                         │ 9           │
│ sky130_fd_sc_hd__buf_4                                         │ 2           │
│ sky130_fd_sc_hd__clkbuf_1                                      │ 18          │
│ sky130_fd_sc_hd__clkbuf_16                                     │ 3           │
│ sky130_fd_sc_hd__clkbuf_4                                      │ 1           │
│ sky130_fd_sc_hd__decap_3                                       │ 43          │
│ sky130_fd_sc_hd__decap_4                                       │ 14          │
│ sky130_fd_sc_hd__decap_6                                       │ 9           │
│ sky130_fd_sc_hd__decap_8                                       │ 19          │
│ sky130_fd_sc_hd__dfrtp_1                                       │ 26          │
│ sky130_fd_sc_hd__dlygate4sd3_1                                 │ 5           │
│ sky130_fd_sc_hd__fill_1                                        │ 34          │
│ sky130_fd_sc_hd__fill_2                                        │ 21          │
│ sky130_fd_sc_hd__inv_2                                         │ 28          │
│ sky130_fd_sc_hd__mux2_1                                        │ 2           │
│ sky130_fd_sc_hd__nand2_1                                       │ 8           │
│ sky130_fd_sc_hd__nand2b_1                                      │ 2           │
│ sky130_fd_sc_hd__nor2_1                                        │ 5           │
│ sky130_fd_sc_hd__nor3b_1                                       │ 1           │
│ sky130_fd_sc_hd__o21a_1                                        │ 2           │
│ sky130_fd_sc_hd__or2_1                                         │ 4           │
│ sky130_fd_sc_hd__or3b_1                                        │ 1           │
│ sky130_fd_sc_hd__tapvpwrvgnd_1                                 │ 30          │
│ sky130_fd_sc_hd__xnor2_1                                       │ 4           │
│ sky130_fd_sc_hd__xnor2_2                                       │ 1           │
│ sky130_fd_sc_hd__xor2_1                                        │ 3           │
└────────────────────────────────────────────────────────────────┴─────────────┘
                               Cells by Function                                
┏━━━━━━━━━━━━━━━━━━━━━━━━━━━━━━━━━━━━━━━━━━━━━━━━━━━━━━━━━━━━━━━┳━━━━━━━━━━━━━━┓
┃ Cell Function                                                 ┃ Count        ┃
┡━━━━━━━━━━━━━━━━━━━━━━━━━━━━━━━━━━━━━━━━━━━━━━━━━━━━━━━━━━━━━━━╇━━━━━━━━━━━━━━┩
│ sky130_ef_sc_hd__decap                                        │ 31           │
│ sky130_fd_sc_hd__a211o                                        │ 1            │
│ sky130_fd_sc_hd__a21boi                                       │ 2            │
│ sky130_fd_sc_hd__a21oi                                        │ 5            │
│ sky130_fd_sc_hd__a32o                                         │ 1            │
│ sky130_fd_sc_hd__and2                                         │ 1            │
│ sky130_fd_sc_hd__and2b                                        │ 4            │
│ sky130_fd_sc_hd__and3                                         │ 2            │
│ sky130_fd_sc_hd__buf                                          │ 11           │
│ sky130_fd_sc_hd__clkbuf                                       │ 22           │
│ sky130_fd_sc_hd__decap                                        │ 85           │
│ sky130_fd_sc_hd__dfrtp                                        │ 26           │
│ sky130_fd_sc_hd__dlygate4sd3                                  │ 5            │
│ sky130_fd_sc_hd__fill                                         │ 55           │
│ sky130_fd_sc_hd__inv                                          │ 28           │
│ sky130_fd_sc_hd__mux2                                         │ 2            │
│ sky130_fd_sc_hd__nand2                                        │ 8            │
│ sky130_fd_sc_hd__nand2b                                       │ 2            │
│ sky130_fd_sc_hd__nor2                                         │ 5            │
│ sky130_fd_sc_hd__nor3b                                        │ 1            │
│ sky130_fd_sc_hd__o21a                                         │ 2            │
│ sky130_fd_sc_hd__or2                                          │ 4            │
│ sky130_fd_sc_hd__or3b                                         │ 1            │
│ sky130_fd_sc_hd__tapvpwrvgnd                                  │ 30           │
│ sky130_fd_sc_hd__xnor2                                        │ 5            │
│ sky130_fd_sc_hd__xor2                                         │ 3            │
└───────────────────────────────────────────────────────────────┴──────────────┘
                                  Cells by SCL                                  
┏━━━━━━━━━━━━━━━━━━━━━━━━━━━━━━━━━━━━━━━━━━━━━━━━━━━━━━━┳━━━━━━━━━━━━━━━━━━━━━━┓
┃ SCL                                                   ┃ Count                ┃
┡━━━━━━━━━━━━━━━━━━━━━━━━━━━━━━━━━━━━━━━━━━━━━━━━━━━━━━━╇━━━━━━━━━━━━━━━━━━━━━━┩
│ sky130_ef_sc_hd                                       │ 31                   │
│ sky130_fd_sc_hd                                       │ 311                  │
└───────────────────────────────────────────────────────┴──────────────────────┘
                             Buffers by Cell Master                             
┏━━━━━━━━━━━━━━━━━━━━━━━━━━━━━━━━━━━━━━━━━━━━━━━━━━━━━━━━━━━━━━━━┳━━━━━━━━━━━━━┓
┃ Buffer                                                         ┃ Count       ┃
┡━━━━━━━━━━━━━━━━━━━━━━━━━━━━━━━━━━━━━━━━━━━━━━━━━━━━━━━━━━━━━━━━╇━━━━━━━━━━━━━┩
│ sky130_fd_sc_hd__buf_2                                         │ 9           │
│ sky130_fd_sc_hd__buf_4                                         │ 2           │
│ sky130_fd_sc_hd__clkbuf_1                                      │ 18          │
│ sky130_fd_sc_hd__clkbuf_16                                     │ 3           │
│ sky130_fd_sc_hd__clkbuf_4                                      │ 1           │
│ sky130_fd_sc_hd__dlygate4sd3_1                                 │ 5           │
└────────────────────────────────────────────────────────────────┴─────────────┘
