Clock: clk
Sources: clk 
Generated: no
Virtual: yes
Propagated: no
Period: 25.000000

===========================================================================
report_clock_properties
============================================================================
Clock                   Period          Waveform
----------------------------------------------------
clk                  25.000000    0.000000 12.500000

===========================================================================
report_clock_latency
============================================================================
Clock clk
rise -> rise
    min     max
0.000000 0.000000 source latency
0.599763         network latency _308_/CLK
        0.603542 network latency _322_/CLK
---------------
0.599763 0.603542 latency
        0.003778 skew

fall -> fall
    min     max
0.000000 0.000000 source latency
0.589940         network latency _308_/CLK
        0.593526 network latency _322_/CLK
---------------
0.589940 0.593526 latency
        0.003586 skew



===========================================================================
report_clock_min_period
============================================================================
clk period_min = 9.15 fmax = 109.28
