Clock: clk
Sources: clk 
Generated: no
Virtual: yes
Propagated: no
Period: 25.000000

===========================================================================
report_clock_properties
============================================================================
Clock                   Period          Waveform
----------------------------------------------------
clk                  25.000000    0.000000 12.500000

===========================================================================
report_clock_latency
============================================================================
Clock clk
rise -> rise
    min     max
0.000000 0.000000 source latency
0.308013         network latency _156_/CLK
        0.311159 network latency _153_/CLK
---------------
0.308013 0.311159 latency
        0.003146 skew

fall -> fall
    min     max
0.000000 0.000000 source latency
0.305792         network latency _156_/CLK
        0.308276 network latency _153_/CLK
---------------
0.305792 0.308276 latency
        0.002484 skew



===========================================================================
report_clock_min_period
============================================================================
clk period_min = 3.43 fmax = 291.13
