Clock: clk
Sources: clk 
Generated: no
Virtual: yes
Propagated: no
Period: 25.000000

===========================================================================
report_clock_properties
============================================================================
Clock                   Period          Waveform
----------------------------------------------------
clk                  25.000000    0.000000 12.500000

===========================================================================
report_clock_latency
============================================================================
Clock clk
rise -> rise
    min     max
0.000000 0.000000 source latency
0.245611         network latency _308_/CLK
        0.249333 network latency _322_/CLK
---------------
0.245611 0.249333 latency
        0.003722 skew

fall -> fall
    min     max
0.000000 0.000000 source latency
0.229994         network latency _308_/CLK
        0.233266 network latency _322_/CLK
---------------
0.229994 0.233266 latency
        0.003272 skew



===========================================================================
report_clock_min_period
============================================================================
clk period_min = 2.73 fmax = 366.34
