Clock: clk
Sources: clk 
Generated: no
Virtual: yes
Propagated: no
Period: 25.000000

===========================================================================
report_clock_properties
============================================================================
Clock                   Period          Waveform
----------------------------------------------------
clk                  25.000000    0.000000 12.500000

===========================================================================
report_clock_latency
============================================================================
Clock clk
rise -> rise
    min     max
0.000000 0.000000 source latency
0.212959         network latency _161_/CLK
        0.214787 network latency _150_/CLK
---------------
0.212959 0.214787 latency
        0.001827 skew

fall -> fall
    min     max
0.000000 0.000000 source latency
0.207383         network latency _161_/CLK
        0.208699 network latency _150_/CLK
---------------
0.207383 0.208699 latency
        0.001315 skew



===========================================================================
report_clock_min_period
============================================================================
clk period_min = 2.20 fmax = 454.88
