
===========================================================================
report_checks -unconstrained
===========================================================================
======================= nom_tt_025C_1v80 Corner ===================================

Startpoint: reset (input port clocked by clk)
Endpoint: _162_ (recovery check against rising-edge clock clk)
Path Group: asynchronous
Path Type: max

Fanout         Cap        Slew       Delay        Time   Description
---------------------------------------------------------------------------------------------
                                  0.000000    0.000000   clock clk (rise edge)
                                  0.000000    0.000000   clock network delay (propagated)
                                  5.000000    5.000000 v input external delay
    26    0.126243    0.275797    0.203838    5.203838 v reset (in)
                                                         reset (net)
                      0.275802    0.000000    5.203838 v _136_/A (sky130_fd_sc_hd__inv_2)
     1    0.003707    0.068923    0.106753    5.310591 ^ _136_/Y (sky130_fd_sc_hd__inv_2)
                                                         _017_ (net)
                      0.068923    0.000002    5.310593 ^ _162_/RESET_B (sky130_fd_sc_hd__dfrtp_2)
                                              5.310593   data arrival time

                                 25.000000   25.000000   clock clk (rise edge)
                                  0.000000   25.000000   clock source latency
    26    0.063875    0.290789    0.200972   25.200972 ^ clk (in)
                                                         clk (net)
                      0.290789    0.000000   25.200972 ^ _162_/CLK (sky130_fd_sc_hd__dfrtp_2)
                                 -0.250000   24.950972   clock uncertainty
                                  0.000000   24.950972   clock reconvergence pessimism
                                  0.287786   25.238758   library recovery time
                                             25.238758   data required time
---------------------------------------------------------------------------------------------
                                             25.238758   data required time
                                             -5.310593   data arrival time
---------------------------------------------------------------------------------------------
                                             19.928165   slack (MET)


Startpoint: _153_ (rising edge-triggered flip-flop clocked by clk)
Endpoint: cout (output port clocked by clk)
Path Group: clk
Path Type: max

Fanout         Cap        Slew       Delay        Time   Description
---------------------------------------------------------------------------------------------
                                  0.000000    0.000000   clock clk (rise edge)
                                  0.000000    0.000000   clock source latency
    26    0.063875    0.290789    0.201017    0.201017 ^ clk (in)
                                                         clk (net)
                      0.290789    0.000000    0.201017 ^ _153_/CLK (sky130_fd_sc_hd__dfrtp_2)
     1    0.034663    0.113976    0.548725    0.749742 v _153_/Q (sky130_fd_sc_hd__dfrtp_2)
                                                         cout (net)
                      0.113976    0.000279    0.750021 v cout (out)
                                              0.750021   data arrival time

                                 25.000000   25.000000   clock clk (rise edge)
                                  0.000000   25.000000   clock network delay (propagated)
                                 -0.250000   24.750000   clock uncertainty
                                  0.000000   24.750000   clock reconvergence pessimism
                                 -5.000000   19.750000   output external delay
                                             19.750000   data required time
---------------------------------------------------------------------------------------------
                                             19.750000   data required time
                                             -0.750021   data arrival time
---------------------------------------------------------------------------------------------
                                             18.999979   slack (MET)




===========================================================================
report_checks --slack_max -0.01
============================================================================
======================= nom_tt_025C_1v80 Corner ===================================

No paths found.


===========================================================================
 report_check_types -max_slew -max_cap -max_fanout -violators
============================================================================
======================= nom_tt_025C_1v80 Corner ===================================

max fanout

Pin                                   Limit Fanout  Slack
---------------------------------------------------------
clk                                      10     26    -16 (VIOLATED)
reset                                    10     26    -16 (VIOLATED)



===========================================================================
report_parasitic_annotation -report_unannotated
============================================================================
Found 0 unannotated drivers.
Found 0 partially unannotated drivers.

===========================================================================
max slew violation count 0
Writing metric design__max_slew_violation__count__corner:nom_tt_025C_1v80: 0
max fanout violation count 2
Writing metric design__max_fanout_violation__count__corner:nom_tt_025C_1v80: 2
max cap violation count 0
Writing metric design__max_cap_violation__count__corner:nom_tt_025C_1v80: 0
============================================================================

===========================================================================
check_setup -verbose -unconstrained_endpoints -multiple_clock -no_clock -no_input_delay -loops -generated_clocks
===========================================================================
