Clock: clk
Sources: clk 
Generated: no
Virtual: yes
Propagated: no
Period: 25.000000

===========================================================================
report_clock_properties
============================================================================
Clock                   Period          Waveform
----------------------------------------------------
clk                  25.000000    0.000000 12.500000

===========================================================================
report_clock_latency
============================================================================
Clock clk
rise -> rise
    min     max
0.000000 0.000000 source latency
0.200817         network latency _170_/CLK
        0.201349 network latency _151_/CLK
---------------
0.200817 0.201349 latency
        0.000532 skew

fall -> fall
    min     max
0.000000 0.000000 source latency
0.096061         network latency _170_/CLK
        0.096560 network latency _151_/CLK
---------------
0.096061 0.096560 latency
        0.000499 skew



===========================================================================
report_clock_min_period
============================================================================
clk period_min = 3.25 fmax = 307.38
