Reading OpenROAD database at '/Users/prahalad/ReversableGate/openlane/conventional-carry-select-openlane/runs/RUN_2025-11-05_20-14-14/31-openroad-repairdesignpostgpl/carry_select_wrapper.odb'…
Reading library file at '/Users/prahalad/.volare/volare/sky130/versions/0fe599b2afb6708d281543108caf8310912f54af/sky130A/libs.ref/sky130_fd_sc_hd/lib/sky130_fd_sc_hd__tt_025C_1v80.lib'…
Reading design constraints file at '/nix/store/4an8h2zgjvxb79xycic0fl63w2yk470s-python3-3.11.9-env/lib/python3.11/site-packages/openlane/scripts/base.sdc'…
[INFO] Using clock clk…
[INFO] Setting output delay to: 5
[INFO] Setting input delay to: 5
[INFO] Setting load to: 0.033442
[INFO] Setting clock uncertainty to: 0.25
[INFO] Setting clock transition to: 0.1499999999999999944488848768742172978818416595458984375
[INFO] Setting timing derate to: 5%
Placement Analysis
---------------------------------
total displacement          0.0 u
average displacement        0.0 u
max displacement            0.0 u
original HPWL            1379.9 u
legalized HPWL           1429.3 u
delta HPWL                    4 %

[INFO DPL-0020] Mirrored 52 instances
[INFO DPL-0021] HPWL before            1429.3 u
[INFO DPL-0022] HPWL after             1379.9 u
[INFO DPL-0023] HPWL delta               -3.5 %
Setting global connections for newly added cells…
[INFO] Setting global connections...
Updating metrics…
Cell type report:                       Count       Area
  Fill cell                                36     135.13
  Tap cell                                 30      37.54
  Timing Repair Buffer                     30     135.13
  Inverter                                 28     105.10
  Sequential cell                          26     650.62
  Multi-Input combinational cell           49     329.07
  Total                                   199    1392.59
Writing OpenROAD database to '/Users/prahalad/ReversableGate/openlane/conventional-carry-select-openlane/runs/RUN_2025-11-05_20-14-14/33-openroad-detailedplacement/carry_select_wrapper.odb'…
Writing netlist to '/Users/prahalad/ReversableGate/openlane/conventional-carry-select-openlane/runs/RUN_2025-11-05_20-14-14/33-openroad-detailedplacement/carry_select_wrapper.nl.v'…
Writing powered netlist to '/Users/prahalad/ReversableGate/openlane/conventional-carry-select-openlane/runs/RUN_2025-11-05_20-14-14/33-openroad-detailedplacement/carry_select_wrapper.pnl.v'…
Writing layout to '/Users/prahalad/ReversableGate/openlane/conventional-carry-select-openlane/runs/RUN_2025-11-05_20-14-14/33-openroad-detailedplacement/carry_select_wrapper.def'…
Writing timing constraints to '/Users/prahalad/ReversableGate/openlane/conventional-carry-select-openlane/runs/RUN_2025-11-05_20-14-14/33-openroad-detailedplacement/carry_select_wrapper.sdc'…
