Reading OpenROAD database at '/Users/prahalad/ReversableGate/openlane/reversable-openlane/runs/RUN_2025-11-05_20-20-54/23-openroad-globalplacementskipio/reversible_wrapper.odb'…
Reading library file at '/Users/prahalad/.volare/volare/sky130/versions/0fe599b2afb6708d281543108caf8310912f54af/sky130A/libs.ref/sky130_fd_sc_hd/lib/sky130_fd_sc_hd__tt_025C_1v80.lib'…
Reading design constraints file at '/nix/store/4an8h2zgjvxb79xycic0fl63w2yk470s-python3-3.11.9-env/lib/python3.11/site-packages/openlane/scripts/base.sdc'…
[INFO] Using clock clk…
[INFO] Setting output delay to: 5
[INFO] Setting input delay to: 5
[INFO] Setting load to: 0.033442
[INFO] Setting clock uncertainty to: 0.25
[INFO] Setting clock transition to: 0.1499999999999999944488848768742172978818416595458984375
[INFO] Setting timing derate to: 5%
[INFO] place_pins args: -min_distance 3
Found 0 macro blocks.
[INFO PPL-0010] Tentative 0 to set up sections.
[INFO PPL-0001] Number of slots           104
[INFO PPL-0002] Number of I/O             53
[INFO PPL-0003] Number of I/O w/sink      53
[INFO PPL-0004] Number of I/O w/o sink    0
[INFO PPL-0005] Slots per section         200
[INFO PPL-0006] Slots increase factor     0.01
[INFO PPL-0008] Successfully assigned pins to sections.
[INFO PPL-0012] I/O nets HPWL: 1542.83 um.
Setting global connections for newly added cells…
[INFO] Setting global connections...
Updating metrics…
Cell type report:                       Count       Area
  Fill cell                                50     187.68
  Tap cell                                 67      83.83
  Inverter                                  7      26.28
  Sequential cell                          50    1063.52
  Multi-Input combinational cell          136    1279.98
  Total                                   310    2641.28
Writing OpenROAD database to '/Users/prahalad/ReversableGate/openlane/reversable-openlane/runs/RUN_2025-11-05_20-20-54/24-openroad-ioplacement/reversible_wrapper.odb'…
Writing netlist to '/Users/prahalad/ReversableGate/openlane/reversable-openlane/runs/RUN_2025-11-05_20-20-54/24-openroad-ioplacement/reversible_wrapper.nl.v'…
Writing powered netlist to '/Users/prahalad/ReversableGate/openlane/reversable-openlane/runs/RUN_2025-11-05_20-20-54/24-openroad-ioplacement/reversible_wrapper.pnl.v'…
Writing layout to '/Users/prahalad/ReversableGate/openlane/reversable-openlane/runs/RUN_2025-11-05_20-20-54/24-openroad-ioplacement/reversible_wrapper.def'…
Writing timing constraints to '/Users/prahalad/ReversableGate/openlane/reversable-openlane/runs/RUN_2025-11-05_20-20-54/24-openroad-ioplacement/reversible_wrapper.sdc'…
