Clock: clk
Sources: clk 
Generated: no
Virtual: yes
Propagated: no
Period: 25.000000

===========================================================================
report_clock_properties
============================================================================
Clock                   Period          Waveform
----------------------------------------------------
clk                  25.000000    0.000000 12.500000

===========================================================================
report_clock_latency
============================================================================
Clock clk
rise -> rise
    min     max
0.000000 0.000000 source latency
0.346657         network latency _308_/CLK
        0.349541 network latency _322_/CLK
---------------
0.346657 0.349541 latency
        0.002884 skew

fall -> fall
    min     max
0.000000 0.000000 source latency
0.331458         network latency _308_/CLK
        0.333924 network latency _322_/CLK
---------------
0.331458 0.333924 latency
        0.002466 skew



===========================================================================
report_clock_min_period
============================================================================
clk period_min = 4.31 fmax = 231.77
