Clock: clk
Sources: clk 
Generated: no
Virtual: yes
Propagated: no
Period: 25.000000

===========================================================================
report_clock_properties
============================================================================
Clock                   Period          Waveform
----------------------------------------------------
clk                  25.000000    0.000000 12.500000

===========================================================================
report_clock_latency
============================================================================
Clock clk
rise -> rise
    min     max
0.000000 0.000000 source latency
0.215540         network latency _161_/CLK
        0.217697 network latency _163_/CLK
---------------
0.215540 0.217697 latency
        0.002157 skew

fall -> fall
    min     max
0.000000 0.000000 source latency
0.209182         network latency _161_/CLK
        0.210748 network latency _163_/CLK
---------------
0.209182 0.210748 latency
        0.001566 skew



===========================================================================
report_clock_min_period
============================================================================
clk period_min = 2.22 fmax = 450.78
