Clock: clk
Sources: clk 
Generated: no
Virtual: no
Propagated: no
Period: 25.000000

===========================================================================
report_clock_properties
============================================================================
Clock                   Period          Waveform
----------------------------------------------------
clk                  25.000000    0.000000 12.500000

===========================================================================
report_clock_latency
============================================================================
Clock clk
rise -> rise
    min     max
0.000000 0.000000 source latency
0.230963         network latency _145_/CLK
        0.230963 network latency _145_/CLK
---------------
0.230963 0.230963 latency
        0.000000 skew

fall -> fall
    min     max
0.000000 0.000000 source latency
0.129107         network latency _145_/CLK
        0.129107 network latency _145_/CLK
---------------
0.129107 0.129107 latency
        0.000000 skew



===========================================================================
report_clock_min_period
============================================================================
clk period_min = 6.42 fmax = 155.76
