102. Printing statistics.

=== ripple_adder_wrapper ===

   Number of wires:                 65
   Number of wire bits:             86
   Number of public wires:          34
   Number of public wire bits:      55
   Number of ports:                  8
   Number of port bits:             29
   Number of memories:               0
   Number of memory bits:            0
   Number of processes:              0
   Number of cells:                 66
     $_ANDNOT_                      16
     $_NAND_                         1
     $_ORNOT_                        6
     $_OR_                           1
     $_SDFFE_PP0P_                  17
     $_SDFF_PP0_                     9
     $_XNOR_                         9
     $_XOR_                          7

   Area for cell type $_NAND_ is unknown!
   Area for cell type $_OR_ is unknown!
   Area for cell type $_XOR_ is unknown!
   Area for cell type $_XNOR_ is unknown!
   Area for cell type $_ANDNOT_ is unknown!
   Area for cell type $_ORNOT_ is unknown!
   Area for cell type $_SDFF_PP0_ is unknown!
   Area for cell type $_SDFFE_PP0P_ is unknown!

