Clock: clk
Sources: clk 
Generated: no
Virtual: yes
Propagated: no
Period: 25.000000

===========================================================================
report_clock_properties
============================================================================
Clock                   Period          Waveform
----------------------------------------------------
clk                  25.000000    0.000000 12.500000

===========================================================================
report_clock_latency
============================================================================
Clock clk
rise -> rise
    min     max
0.000000 0.000000 source latency
0.329332         network latency _324_/CLK
        0.330834 network latency _319_/CLK
---------------
0.329332 0.330834 latency
        0.001501 skew

fall -> fall
    min     max
0.000000 0.000000 source latency
0.320683         network latency _324_/CLK
        0.321887 network latency _319_/CLK
---------------
0.320683 0.321887 latency
        0.001204 skew



===========================================================================
report_clock_min_period
============================================================================
clk period_min = 4.20 fmax = 238.13
