
===========================================================================
report_checks -unconstrained
===========================================================================
======================= min_tt_025C_1v80 Corner ===================================

Startpoint: reset (input port clocked by clk)
Endpoint: _294_ (rising edge-triggered flip-flop clocked by clk)
Path Group: clk
Path Type: max

Fanout         Cap        Slew       Delay        Time   Description
---------------------------------------------------------------------------------------------
                                  0.000000    0.000000   clock clk (rise edge)
                                  0.000000    0.000000   clock network delay (propagated)
                                  5.000000    5.000000 ^ input external delay
     1    0.002773    0.019618    0.010206    5.010206 ^ reset (in)
                                                         reset (net)
                      0.019618    0.000000    5.010206 ^ input27/A (sky130_fd_sc_hd__clkbuf_1)
     1    0.002664    0.042587    0.070662    5.080868 ^ input27/X (sky130_fd_sc_hd__clkbuf_1)
                                                         net27 (net)
                      0.042587    0.000023    5.080891 ^ fanout59/A (sky130_fd_sc_hd__clkbuf_2)
     6    0.024772    0.139526    0.171251    5.252141 ^ fanout59/X (sky130_fd_sc_hd__clkbuf_2)
                                                         net59 (net)
                      0.139526    0.000111    5.252253 ^ fanout58/A (sky130_fd_sc_hd__clkbuf_2)
     8    0.024849    0.140133    0.205526    5.457779 ^ fanout58/X (sky130_fd_sc_hd__clkbuf_2)
                                                         net58 (net)
                      0.140133    0.000114    5.457893 ^ fanout56/A (sky130_fd_sc_hd__clkbuf_2)
    10    0.027774    0.155316    0.216449    5.674342 ^ fanout56/X (sky130_fd_sc_hd__clkbuf_2)
                                                         net56 (net)
                      0.155316    0.000336    5.674678 ^ _219_/A_N (sky130_fd_sc_hd__and2b_1)
     2    0.004201    0.039555    0.204051    5.878729 v _219_/X (sky130_fd_sc_hd__and2b_1)
                                                         _049_ (net)
                      0.039555    0.000036    5.878765 v _220_/A0 (sky130_fd_sc_hd__mux2_1)
     1    0.002136    0.051474    0.268649    6.147414 v _220_/X (sky130_fd_sc_hd__mux2_1)
                                                         _008_ (net)
                      0.051474    0.000020    6.147434 v _294_/D (sky130_fd_sc_hd__dfxtp_1)
                                              6.147434   data arrival time

                                 25.000000   25.000000   clock clk (rise edge)
                                  0.000000   25.000000   clock source latency
     1    0.014583    0.071555    0.048724   25.048723 ^ clk (in)
                                                         clk (net)
                      0.071557    0.000000   25.048723 ^ clkbuf_0_clk/A (sky130_fd_sc_hd__clkbuf_16)
     4    0.036561    0.056755    0.149072   25.197794 ^ clkbuf_0_clk/X (sky130_fd_sc_hd__clkbuf_16)
                                                         clknet_0_clk (net)
                      0.056758    0.000400   25.198195 ^ clkbuf_2_2__f_clk/A (sky130_fd_sc_hd__clkbuf_16)
    13    0.038577    0.058483    0.144988   25.343182 ^ clkbuf_2_2__f_clk/X (sky130_fd_sc_hd__clkbuf_16)
                                                         clknet_2_2__leaf_clk (net)
                      0.058495    0.000796   25.343979 ^ _294_/CLK (sky130_fd_sc_hd__dfxtp_1)
                                 -0.250000   25.093979   clock uncertainty
                                  0.000000   25.093979   clock reconvergence pessimism
                                 -0.110218   24.983761   library setup time
                                             24.983761   data required time
---------------------------------------------------------------------------------------------
                                             24.983761   data required time
                                             -6.147434   data arrival time
---------------------------------------------------------------------------------------------
                                             18.836329   slack (MET)




===========================================================================
report_checks --slack_max -0.01
============================================================================
======================= min_tt_025C_1v80 Corner ===================================

No paths found.


===========================================================================
 report_check_types -max_slew -max_cap -max_fanout -violators
============================================================================
======================= min_tt_025C_1v80 Corner ===================================

max fanout

Pin                                   Limit Fanout  Slack
---------------------------------------------------------
clkbuf_2_0__f_clk/X                      10     14     -4 (VIOLATED)
clkbuf_2_1__f_clk/X                      10     14     -4 (VIOLATED)
clkbuf_2_2__f_clk/X                      10     13     -3 (VIOLATED)
clkbuf_2_3__f_clk/X                      10     12     -2 (VIOLATED)



===========================================================================
report_parasitic_annotation -report_unannotated
============================================================================
Found 3 unannotated drivers.
 clkload0/X
 clkload1/X
 clkload2/Y
Found 0 partially unannotated drivers.

===========================================================================
max slew violation count 0
max fanout violation count 4
max cap violation count 0
============================================================================

===========================================================================
check_setup -verbose -unconstrained_endpoints -multiple_clock -no_clock -no_input_delay -loops -generated_clocks
===========================================================================
