
===========================================================================
report_checks -unconstrained
===========================================================================
======================= nom_tt_025C_1v80 Corner ===================================

Startpoint: reset (input port clocked by clk)
Endpoint: _160_ (recovery check against rising-edge clock clk)
Path Group: asynchronous
Path Type: max

Fanout         Cap        Slew       Delay        Time   Description
---------------------------------------------------------------------------------------------
                                  0.000000    0.000000   clock clk (rise edge)
                                  0.000000    0.000000   clock network delay (propagated)
                                  5.000000    5.000000 v input external delay
     1    0.003126    0.009389    0.004983    5.004983 v reset (in)
                                                         reset (net)
                      0.009389    0.000000    5.004983 v input18/A (sky130_fd_sc_hd__clkbuf_1)
     1    0.002236    0.023603    0.069370    5.074354 v input18/X (sky130_fd_sc_hd__clkbuf_1)
                                                         net18 (net)
                      0.023603    0.000044    5.074398 v fanout30/A (sky130_fd_sc_hd__clkbuf_4)
     8    0.040797    0.091603    0.182767    5.257164 v fanout30/X (sky130_fd_sc_hd__clkbuf_4)
                                                         net30 (net)
                      0.091614    0.001026    5.258190 v fanout28/A (sky130_fd_sc_hd__buf_4)
    10    0.056409    0.081149    0.211456    5.469646 v fanout28/X (sky130_fd_sc_hd__buf_4)
                                                         net28 (net)
                      0.081307    0.003137    5.472784 v _134_/A (sky130_fd_sc_hd__inv_2)
     1    0.004651    0.036071    0.060727    5.533511 ^ _134_/Y (sky130_fd_sc_hd__inv_2)
                                                         _015_ (net)
                      0.036071    0.000107    5.533617 ^ _160_/RESET_B (sky130_fd_sc_hd__dfrtp_1)
                                              5.533617   data arrival time

                                 25.000000   25.000000   clock clk (rise edge)
                                  0.000000   25.000000   clock source latency
     1    0.012306    0.061602    0.041554   25.041553 ^ clk (in)
                                                         clk (net)
                      0.061604    0.000000   25.041553 ^ clkbuf_0_clk/A (sky130_fd_sc_hd__clkbuf_16)
     2    0.018571    0.040637    0.130001   25.171555 ^ clkbuf_0_clk/X (sky130_fd_sc_hd__clkbuf_16)
                                                         clknet_0_clk (net)
                      0.040639    0.000544   25.172098 ^ clkbuf_1_0__f_clk/A (sky130_fd_sc_hd__clkbuf_16)
    13    0.036441    0.056529    0.137380   25.309479 ^ clkbuf_1_0__f_clk/X (sky130_fd_sc_hd__clkbuf_16)
                                                         clknet_1_0__leaf_clk (net)
                      0.056555    0.000984   25.310463 ^ _160_/CLK (sky130_fd_sc_hd__dfrtp_1)
                                 -0.250000   25.060463   clock uncertainty
                                  0.000000   25.060463   clock reconvergence pessimism
                                  0.236182   25.296646   library recovery time
                                             25.296646   data required time
---------------------------------------------------------------------------------------------
                                             25.296646   data required time
                                             -5.533617   data arrival time
---------------------------------------------------------------------------------------------
                                             19.763029   slack (MET)


Startpoint: _147_ (rising edge-triggered flip-flop clocked by clk)
Endpoint: sum[2] (output port clocked by clk)
Path Group: clk
Path Type: max

Fanout         Cap        Slew       Delay        Time   Description
---------------------------------------------------------------------------------------------
                                  0.000000    0.000000   clock clk (rise edge)
                                  0.000000    0.000000   clock source latency
     1    0.012306    0.061602    0.041554    0.041554 ^ clk (in)
                                                         clk (net)
                      0.061604    0.000000    0.041554 ^ clkbuf_0_clk/A (sky130_fd_sc_hd__clkbuf_16)
     2    0.018571    0.040637    0.130002    0.171556 ^ clkbuf_0_clk/X (sky130_fd_sc_hd__clkbuf_16)
                                                         clknet_0_clk (net)
                      0.040638    0.000510    0.172066 ^ clkbuf_1_1__f_clk/A (sky130_fd_sc_hd__clkbuf_16)
    13    0.039977    0.059699    0.140113    0.312179 ^ clkbuf_1_1__f_clk/X (sky130_fd_sc_hd__clkbuf_16)
                                                         clknet_1_1__leaf_clk (net)
                      0.059712    0.000831    0.313009 ^ _147_/CLK (sky130_fd_sc_hd__dfrtp_1)
     1    0.003093    0.040714    0.359945    0.672954 v _147_/Q (sky130_fd_sc_hd__dfrtp_1)
                                                         net22 (net)
                      0.040714    0.000095    0.673049 v output22/A (sky130_fd_sc_hd__buf_2)
     1    0.034814    0.090768    0.179186    0.852236 v output22/X (sky130_fd_sc_hd__buf_2)
                                                         sum[2] (net)
                      0.090774    0.000765    0.853000 v sum[2] (out)
                                              0.853000   data arrival time

                                 25.000000   25.000000   clock clk (rise edge)
                                  0.000000   25.000000   clock network delay (propagated)
                                 -0.250000   24.750000   clock uncertainty
                                  0.000000   24.750000   clock reconvergence pessimism
                                 -5.000000   19.750000   output external delay
                                             19.750000   data required time
---------------------------------------------------------------------------------------------
                                             19.750000   data required time
                                             -0.853000   data arrival time
---------------------------------------------------------------------------------------------
                                             18.896999   slack (MET)




===========================================================================
report_checks --slack_max -0.01
============================================================================
======================= nom_tt_025C_1v80 Corner ===================================

No paths found.


===========================================================================
 report_check_types -max_slew -max_cap -max_fanout -violators
============================================================================
======================= nom_tt_025C_1v80 Corner ===================================

max fanout

Pin                                   Limit Fanout  Slack
---------------------------------------------------------
clkbuf_1_0__f_clk/X                      10     13     -3 (VIOLATED)
clkbuf_1_1__f_clk/X                      10     13     -3 (VIOLATED)



===========================================================================
report_parasitic_annotation -report_unannotated
============================================================================
Found 0 unannotated drivers.
Found 0 partially unannotated drivers.

===========================================================================
max slew violation count 0
max fanout violation count 2
max cap violation count 0
============================================================================

===========================================================================
check_setup -verbose -unconstrained_endpoints -multiple_clock -no_clock -no_input_delay -loops -generated_clocks
===========================================================================
