Clock: clk
Sources: clk 
Generated: no
Virtual: yes
Propagated: no
Period: 25.000000

===========================================================================
report_clock_properties
============================================================================
Clock                   Period          Waveform
----------------------------------------------------
clk                  25.000000    0.000000 12.500000

===========================================================================
report_clock_latency
============================================================================
Clock clk
rise -> rise
    min     max
0.000000 0.000000 source latency
0.310385         network latency _161_/CLK
        0.313231 network latency _163_/CLK
---------------
0.310385 0.313231 latency
        0.002846 skew

fall -> fall
    min     max
0.000000 0.000000 source latency
0.307244         network latency _161_/CLK
        0.309389 network latency _163_/CLK
---------------
0.307244 0.309389 latency
        0.002145 skew



===========================================================================
report_clock_min_period
============================================================================
clk period_min = 3.47 fmax = 288.57
