Reading timing models for corner nom_tt_025C_1v80…
Reading timing library for the 'nom_tt_025C_1v80' corner at '/Users/prahalad/.volare/volare/sky130/versions/0fe599b2afb6708d281543108caf8310912f54af/sky130A/libs.ref/sky130_fd_sc_hd/lib/sky130_fd_sc_hd__tt_025C_1v80.lib'…
Reading timing models for corner nom_ff_n40C_1v95…
Reading timing library for the 'nom_ff_n40C_1v95' corner at '/Users/prahalad/.volare/volare/sky130/versions/0fe599b2afb6708d281543108caf8310912f54af/sky130A/libs.ref/sky130_fd_sc_hd/lib/sky130_fd_sc_hd__ff_n40C_1v95.lib'…
Reading timing models for corner nom_ss_100C_1v60…
Reading timing library for the 'nom_ss_100C_1v60' corner at '/Users/prahalad/.volare/volare/sky130/versions/0fe599b2afb6708d281543108caf8310912f54af/sky130A/libs.ref/sky130_fd_sc_hd/lib/sky130_fd_sc_hd__ss_100C_1v60.lib'…
Reading OpenROAD database at '/Users/prahalad/ReversableGate/openlane/conventional-carry-select-openlane/runs/RUN_2025-11-05_20-14-14/33-openroad-detailedplacement/carry_select_wrapper.odb'…
Reading design constraints file at '/nix/store/4an8h2zgjvxb79xycic0fl63w2yk470s-python3-3.11.9-env/lib/python3.11/site-packages/openlane/scripts/base.sdc'…
[INFO] Using clock clk…
[INFO] Setting output delay to: 5
[INFO] Setting input delay to: 5
[INFO] Setting load to: 0.033442
[INFO] Setting clock uncertainty to: 0.25
[INFO] Setting clock transition to: 0.1499999999999999944488848768742172978818416595458984375
[INFO] Setting timing derate to: 5%
[INFO] Setting RC values…
[INFO] Configuring cts characterization…
[INFO] Performing clock tree synthesis…
[INFO] Looking for the following net(s): clk
[INFO] Running Clock Tree Synthesis…
[INFO CTS-0050] Root buffer is sky130_fd_sc_hd__clkbuf_16.
[INFO CTS-0051] Sink buffer is sky130_fd_sc_hd__clkbuf_4.
[INFO CTS-0052] The following clock buffers will be used for CTS:
                    sky130_fd_sc_hd__clkbuf_2
                    sky130_fd_sc_hd__clkbuf_4
                    sky130_fd_sc_hd__clkbuf_8
[INFO CTS-0049] Characterization buffer is sky130_fd_sc_hd__clkbuf_8.
[INFO CTS-0007] Net "clk" found for clock "clk".
[INFO CTS-0010]  Clock net "clk" has 26 sinks.
[INFO CTS-0008] TritonCTS found 1 clock nets.
[INFO CTS-0097] Characterization used 3 buffer(s) types.
[INFO CTS-0200] 0 placement blockages have been identified.
[INFO CTS-0201] 0 placed hard macros will be treated like blockages.
[INFO CTS-0027] Generating H-Tree topology for net clk.
[INFO CTS-0028]  Total number of sinks: 26.
[INFO CTS-0029]  Sinks will be clustered in groups of up to 25 and with maximum cluster diameter of 50.0 um.
[INFO CTS-0030]  Number of static layers: 0.
[INFO CTS-0020]  Wire segment unit: 13600  dbu (13 um).
[INFO CTS-0023]  Original sink region: [(7165, 12180), (53555, 55700)].
[INFO CTS-0024]  Normalized sink region: [(0.526838, 0.895588), (3.93787, 4.09559)].
[INFO CTS-0025]     Width:  3.4110.
[INFO CTS-0026]     Height: 3.2000.
 Level 1
    Direction: Horizontal
    Sinks per sub-region: 13
    Sub-region size: 1.7055 X 3.2000
[INFO CTS-0034]     Segment length (rounded): 1.
[INFO CTS-0032]  Stop criterion found. Max number of sinks is 15.
[INFO CTS-0035]  Number of sinks covered: 26.
[INFO CTS-0018]     Created 3 clock buffers.
[INFO CTS-0012]     Minimum number of buffers in the clock path: 2.
[INFO CTS-0013]     Maximum number of buffers in the clock path: 2.
[INFO CTS-0015]     Created 3 clock nets.
[INFO CTS-0016]     Fanout distribution for the current clock = 13:2..
[INFO CTS-0017]     Max level of the clock tree: 1.
[INFO CTS-0098] Clock net "clk"
[INFO CTS-0099]  Sinks 26
[INFO CTS-0100]  Leaf buffers 0
[INFO CTS-0101]  Average sink wire length 76.28 um
[INFO CTS-0102]  Path depth 2 - 2
[INFO CTS-0207]  Leaf load cells 0
[INFO] Repairing long wires on clock nets…
[INFO RSZ-0058] Using max wire length 6335um.
Setting global connections for newly added cells…
[INFO] Setting global connections...
Updating metrics…
Cell type report:                       Count       Area
  Fill cell                                36     135.13
  Tap cell                                 30      37.54
  Clock buffer                              3      75.07
  Timing Repair Buffer                     30     135.13
  Inverter                                 28     105.10
  Sequential cell                          26     650.62
  Multi-Input combinational cell           49     329.07
  Total                                   202    1467.66
Writing OpenROAD database to '/Users/prahalad/ReversableGate/openlane/conventional-carry-select-openlane/runs/RUN_2025-11-05_20-14-14/34-openroad-cts/carry_select_wrapper.odb'…
Writing netlist to '/Users/prahalad/ReversableGate/openlane/conventional-carry-select-openlane/runs/RUN_2025-11-05_20-14-14/34-openroad-cts/carry_select_wrapper.nl.v'…
Writing powered netlist to '/Users/prahalad/ReversableGate/openlane/conventional-carry-select-openlane/runs/RUN_2025-11-05_20-14-14/34-openroad-cts/carry_select_wrapper.pnl.v'…
Writing layout to '/Users/prahalad/ReversableGate/openlane/conventional-carry-select-openlane/runs/RUN_2025-11-05_20-14-14/34-openroad-cts/carry_select_wrapper.def'…
Writing timing constraints to '/Users/prahalad/ReversableGate/openlane/conventional-carry-select-openlane/runs/RUN_2025-11-05_20-14-14/34-openroad-cts/carry_select_wrapper.sdc'…
[INFO] Legalizing…
Placement Analysis
---------------------------------
total displacement         78.1 u
average displacement        0.4 u
max displacement            9.1 u
original HPWL            1480.1 u
legalized HPWL           1619.1 u
delta HPWL                    9 %

[INFO DPL-0020] Mirrored 57 instances
[INFO DPL-0021] HPWL before            1619.1 u
[INFO DPL-0022] HPWL after             1558.6 u
[INFO DPL-0023] HPWL delta               -3.7 %
Setting global connections for newly added cells…
[INFO] Setting global connections...
Updating metrics…
Cell type report:                       Count       Area
  Fill cell                                36     135.13
  Tap cell                                 30      37.54
  Clock buffer                              3      75.07
  Timing Repair Buffer                     30     135.13
  Inverter                                 28     105.10
  Sequential cell                          26     650.62
  Multi-Input combinational cell           49     329.07
  Total                                   202    1467.66
Writing OpenROAD database to '/Users/prahalad/ReversableGate/openlane/conventional-carry-select-openlane/runs/RUN_2025-11-05_20-14-14/34-openroad-cts/carry_select_wrapper.odb'…
Writing netlist to '/Users/prahalad/ReversableGate/openlane/conventional-carry-select-openlane/runs/RUN_2025-11-05_20-14-14/34-openroad-cts/carry_select_wrapper.nl.v'…
Writing powered netlist to '/Users/prahalad/ReversableGate/openlane/conventional-carry-select-openlane/runs/RUN_2025-11-05_20-14-14/34-openroad-cts/carry_select_wrapper.pnl.v'…
Writing layout to '/Users/prahalad/ReversableGate/openlane/conventional-carry-select-openlane/runs/RUN_2025-11-05_20-14-14/34-openroad-cts/carry_select_wrapper.def'…
Writing timing constraints to '/Users/prahalad/ReversableGate/openlane/conventional-carry-select-openlane/runs/RUN_2025-11-05_20-14-14/34-openroad-cts/carry_select_wrapper.sdc'…
%OL_CREATE_REPORT cts.rpt
[INFO CTS-0003] Total number of Clock Roots: 1.
[INFO CTS-0004] Total number of Buffers Inserted: 3.
[INFO CTS-0005] Total number of Clock Subnets: 3.
[INFO CTS-0006] Total number of Sinks: 26.
%OL_END_REPORT
