Clock: clk
Sources: clk 
Generated: no
Virtual: yes
Propagated: no
Period: 25.000000

===========================================================================
report_clock_properties
============================================================================
Clock                   Period          Waveform
----------------------------------------------------
clk                  25.000000    0.000000 12.500000

===========================================================================
report_clock_latency
============================================================================
Clock clk
rise -> rise
    min     max
0.000000 0.000000 source latency
0.307016         network latency _161_/CLK
        0.309436 network latency _150_/CLK
---------------
0.307016 0.309436 latency
        0.002421 skew

fall -> fall
    min     max
0.000000 0.000000 source latency
0.304905         network latency _161_/CLK
        0.306720 network latency _150_/CLK
---------------
0.304905 0.306720 latency
        0.001815 skew



===========================================================================
report_clock_min_period
============================================================================
clk period_min = 3.44 fmax = 290.97
