116. Printing statistics.

=== carry_select_wrapper ===

   Number of wires:                101
   Number of wire bits:            122
   Number of public wires:          33
   Number of public wire bits:      54
   Number of ports:                  7
   Number of port bits:             28
   Number of memories:               0
   Number of memory bits:            0
   Number of processes:              0
   Number of cells:                103
     sky130_fd_sc_hd__a211o_2        1
     sky130_fd_sc_hd__a21boi_2       2
     sky130_fd_sc_hd__a21oi_2        5
     sky130_fd_sc_hd__a32o_2         1
     sky130_fd_sc_hd__and2_2         1
     sky130_fd_sc_hd__and2b_2        4
     sky130_fd_sc_hd__and3_2         2
     sky130_fd_sc_hd__dfrtp_2       26
     sky130_fd_sc_hd__inv_2         28
     sky130_fd_sc_hd__mux2_1         2
     sky130_fd_sc_hd__nand2_2        8
     sky130_fd_sc_hd__nand2b_2       2
     sky130_fd_sc_hd__nor2_2         5
     sky130_fd_sc_hd__nor3b_2        1
     sky130_fd_sc_hd__o21a_2         2
     sky130_fd_sc_hd__or2_2          4
     sky130_fd_sc_hd__or3b_2         1
     sky130_fd_sc_hd__xnor2_2        5
     sky130_fd_sc_hd__xor2_2         3

   Chip area for module '\carry_select_wrapper': 1248.697600
     of which used for sequential elements: 683.155200 (54.71%)

