Reading OpenROAD database at '/Users/prahalad/ReversableGate/openlane/reversable-openlane/runs/RUN_2025-11-05_20-20-54/52-odb-cellfrequencytables/reversible_wrapper.odb'…
Reading library file at '/Users/prahalad/.volare/volare/sky130/versions/0fe599b2afb6708d281543108caf8310912f54af/sky130A/libs.ref/sky130_fd_sc_hd/lib/sky130_fd_sc_hd__tt_025C_1v80.lib'…
Reading design constraints file at '/nix/store/4an8h2zgjvxb79xycic0fl63w2yk470s-python3-3.11.9-env/lib/python3.11/site-packages/openlane/scripts/base.sdc'…
[INFO] Using clock clk…
[INFO] Setting output delay to: 5
[INFO] Setting input delay to: 5
[INFO] Setting load to: 0.033442
[INFO] Setting clock uncertainty to: 0.25
[INFO] Setting clock transition to: 0.1499999999999999944488848768742172978818416595458984375
[INFO] Setting timing derate to: 5%
[INFO] Setting RC values…
[INFO] Using voltage extracted from lib (1.8000000000V) for power nets and 0V for ground nets…
%OL_CREATE_REPORT irdrop.rpt
[INFO PSM-0040] All shapes on net VPWR are connected.
########## IR report #################
Net              : VPWR
Corner           : nom_tt_025C_1v80
Supply voltage   : 1.80e+00 V
Worstcase voltage: 1.80e+00 V
Average voltage  : 1.80e+00 V
Average IR drop  : 3.89e-05 V
Worstcase IR drop: 1.66e-04 V
Percentage drop  : 0.01 %
######################################
[INFO PSM-0040] All shapes on net VGND are connected.
########## IR report #################
Net              : VGND
Corner           : nom_tt_025C_1v80
Supply voltage   : 0.00e+00 V
Worstcase voltage: 1.47e-04 V
Average voltage  : 3.55e-05 V
Average IR drop  : 3.55e-05 V
Worstcase IR drop: 1.47e-04 V
Percentage drop  : 0.01 %
######################################
%OL_END_REPORT
