Reading OpenROAD database at '/Users/prahalad/ReversableGate/openlane/conventional-ripple-openlane/runs/RUN_2025-11-05_20-17-51/18-openroad-tapendcapinsertion/ripple_adder_wrapper.odb'…
Reading library file at '/Users/prahalad/.volare/volare/sky130/versions/0fe599b2afb6708d281543108caf8310912f54af/sky130A/libs.ref/sky130_fd_sc_hd/lib/sky130_fd_sc_hd__tt_025C_1v80.lib'…
Reading design constraints file at '/nix/store/4an8h2zgjvxb79xycic0fl63w2yk470s-python3-3.11.9-env/lib/python3.11/site-packages/openlane/scripts/base.sdc'…
[INFO] Using clock clk…
[INFO] Setting output delay to: 5
[INFO] Setting input delay to: 5
[INFO] Setting load to: 0.033442
[INFO] Setting clock uncertainty to: 0.25
[INFO] Setting clock transition to: 0.1499999999999999944488848768742172978818416595458984375
[INFO] Setting timing derate to: 5%
[INFO] Setting global connections...
[INFO PDN-0001] Inserting grid: stdcell_grid
Setting global connections for newly added cells…
[INFO] Setting global connections...
Updating metrics…
Cell type report:                       Count       Area
  Fill cell                                36     135.13
  Tap cell                                 30      37.54
  Sequential cell                          26     553.03
  Multi-Input combinational cell           79     754.47
  Total                                   171    1480.17
Writing OpenROAD database to '/Users/prahalad/ReversableGate/openlane/conventional-ripple-openlane/runs/RUN_2025-11-05_20-17-51/20-openroad-generatepdn/ripple_adder_wrapper.odb'…
Writing netlist to '/Users/prahalad/ReversableGate/openlane/conventional-ripple-openlane/runs/RUN_2025-11-05_20-17-51/20-openroad-generatepdn/ripple_adder_wrapper.nl.v'…
Writing powered netlist to '/Users/prahalad/ReversableGate/openlane/conventional-ripple-openlane/runs/RUN_2025-11-05_20-17-51/20-openroad-generatepdn/ripple_adder_wrapper.pnl.v'…
Writing layout to '/Users/prahalad/ReversableGate/openlane/conventional-ripple-openlane/runs/RUN_2025-11-05_20-17-51/20-openroad-generatepdn/ripple_adder_wrapper.def'…
Writing timing constraints to '/Users/prahalad/ReversableGate/openlane/conventional-ripple-openlane/runs/RUN_2025-11-05_20-17-51/20-openroad-generatepdn/ripple_adder_wrapper.sdc'…
[INFO PSM-0040] All shapes on net VPWR are connected.
[INFO PSM-0040] All shapes on net VGND are connected.
