
===========================================================================
report_checks -unconstrained
===========================================================================
======================= nom_ss_100C_1v60 Corner ===================================

Startpoint: _311_ (rising edge-triggered flip-flop clocked by clk)
Endpoint: _294_ (rising edge-triggered flip-flop clocked by clk)
Path Group: clk
Path Type: max

Fanout         Cap        Slew       Delay        Time   Description
---------------------------------------------------------------------------------------------
                      0.150000    0.000000    0.000000   clock clk (rise edge)
                                  0.000000    0.000000   clock network delay (ideal)
                      0.150000    0.000000    0.000000 ^ _311_/CLK (sky130_fd_sc_hd__dfxtp_2)
     5    0.013850    0.085213    0.681071    0.681071 v _311_/Q (sky130_fd_sc_hd__dfxtp_2)
                                                         u_rev.rfa_bits[0].rfa.b (net)
                      0.085213    0.000000    0.681071 v _148_/A (sky130_fd_sc_hd__or2_2)
     4    0.012287    0.164666    0.743520    1.424592 v _148_/X (sky130_fd_sc_hd__or2_2)
                                                         _055_ (net)
                      0.164666    0.000000    1.424592 v _155_/D (sky130_fd_sc_hd__and4_2)
     4    0.012383    0.120910    0.587076    2.011667 v _155_/X (sky130_fd_sc_hd__and4_2)
                                                         _061_ (net)
                      0.120910    0.000000    2.011667 v _164_/C (sky130_fd_sc_hd__or4_2)
     4    0.014221    0.306995    1.617700    3.629368 v _164_/X (sky130_fd_sc_hd__or4_2)
                                                         _069_ (net)
                      0.306995    0.000000    3.629368 v _172_/C (sky130_fd_sc_hd__and4_2)
     3    0.007655    0.100964    0.610846    4.240214 v _172_/X (sky130_fd_sc_hd__and4_2)
                                                         _076_ (net)
                      0.100964    0.000000    4.240214 v _185_/A2 (sky130_fd_sc_hd__o31a_2)
     3    0.004855    0.101686    0.643367    4.883581 v _185_/X (sky130_fd_sc_hd__o31a_2)
                                                         _088_ (net)
                      0.101686    0.000000    4.883581 v _194_/A3 (sky130_fd_sc_hd__o31a_2)
     3    0.006541    0.109245    0.586362    5.469943 v _194_/X (sky130_fd_sc_hd__o31a_2)
                                                         _096_ (net)
                      0.109245    0.000000    5.469943 v _202_/D (sky130_fd_sc_hd__or4_2)
     4    0.012240    0.292875    1.441381    6.911324 v _202_/X (sky130_fd_sc_hd__or4_2)
                                                         _103_ (net)
                      0.292875    0.000000    6.911324 v _213_/A2 (sky130_fd_sc_hd__a31o_2)
     2    0.006074    0.081364    0.535540    7.446863 v _213_/X (sky130_fd_sc_hd__a31o_2)
                                                         _113_ (net)
                      0.081364    0.000000    7.446863 v _215_/C (sky130_fd_sc_hd__and3_2)
     2    0.007246    0.096358    0.466941    7.913804 v _215_/X (sky130_fd_sc_hd__and3_2)
                                                         _115_ (net)
                      0.096358    0.000000    7.913804 v _220_/S (sky130_fd_sc_hd__mux2_1)
     1    0.001577    0.099965    0.675575    8.589379 v _220_/X (sky130_fd_sc_hd__mux2_1)
                                                         _008_ (net)
                      0.099965    0.000000    8.589379 v _294_/D (sky130_fd_sc_hd__dfxtp_2)
                                              8.589379   data arrival time

                      0.150000   25.000000   25.000000   clock clk (rise edge)
                                  0.000000   25.000000   clock network delay (ideal)
                                 -0.250000   24.750000   clock uncertainty
                                  0.000000   24.750000   clock reconvergence pessimism
                                             24.750000 ^ _294_/CLK (sky130_fd_sc_hd__dfxtp_2)
                                 -0.265161   24.484840   library setup time
                                             24.484840   data required time
---------------------------------------------------------------------------------------------
                                             24.484840   data required time
                                             -8.589379   data arrival time
---------------------------------------------------------------------------------------------
                                             15.895459   slack (MET)




===========================================================================
report_checks --slack_max -0.01
============================================================================
======================= nom_ss_100C_1v60 Corner ===================================

No paths found.


===========================================================================
 report_check_types -max_slew -max_cap -max_fanout -violators
============================================================================
======================= nom_ss_100C_1v60 Corner ===================================

max slew

Pin                                        Limit        Slew       Slack
------------------------------------------------------------------------
reset                                   0.750000    0.807487   -0.057487 (VIOLATED)
_146_/A                                 0.750000    0.807487   -0.057487 (VIOLATED)
_168_/C1                                0.750000    0.807487   -0.057487 (VIOLATED)
_177_/B1                                0.750000    0.807487   -0.057487 (VIOLATED)
_187_/B1                                0.750000    0.807487   -0.057487 (VIOLATED)
_196_/B1                                0.750000    0.807487   -0.057487 (VIOLATED)
_207_/A                                 0.750000    0.807487   -0.057487 (VIOLATED)
_216_/A                                 0.750000    0.807487   -0.057487 (VIOLATED)
_218_/A                                 0.750000    0.807487   -0.057487 (VIOLATED)
_219_/A_N                               0.750000    0.807487   -0.057487 (VIOLATED)
_221_/A_N                               0.750000    0.807487   -0.057487 (VIOLATED)
_222_/A_N                               0.750000    0.807487   -0.057487 (VIOLATED)
_223_/A_N                               0.750000    0.807487   -0.057487 (VIOLATED)
_224_/A_N                               0.750000    0.807487   -0.057487 (VIOLATED)
_225_/A_N                               0.750000    0.807487   -0.057487 (VIOLATED)
_226_/A_N                               0.750000    0.807487   -0.057487 (VIOLATED)
_227_/A_N                               0.750000    0.807487   -0.057487 (VIOLATED)
_228_/A_N                               0.750000    0.807487   -0.057487 (VIOLATED)
_230_/A_N                               0.750000    0.807487   -0.057487 (VIOLATED)
_232_/A_N                               0.750000    0.807487   -0.057487 (VIOLATED)
_234_/A_N                               0.750000    0.807487   -0.057487 (VIOLATED)
_236_/A_N                               0.750000    0.807487   -0.057487 (VIOLATED)
_238_/A_N                               0.750000    0.807487   -0.057487 (VIOLATED)
_240_/A_N                               0.750000    0.807487   -0.057487 (VIOLATED)
_242_/A_N                               0.750000    0.807487   -0.057487 (VIOLATED)
_244_/A_N                               0.750000    0.807487   -0.057487 (VIOLATED)
_246_/A_N                               0.750000    0.807487   -0.057487 (VIOLATED)
_248_/A_N                               0.750000    0.807487   -0.057487 (VIOLATED)
_250_/A_N                               0.750000    0.807487   -0.057487 (VIOLATED)
_252_/A_N                               0.750000    0.807487   -0.057487 (VIOLATED)
_254_/A_N                               0.750000    0.807487   -0.057487 (VIOLATED)
_256_/A_N                               0.750000    0.807487   -0.057487 (VIOLATED)
_258_/A_N                               0.750000    0.807487   -0.057487 (VIOLATED)
_260_/A_N                               0.750000    0.807487   -0.057487 (VIOLATED)
_262_/A_N                               0.750000    0.807487   -0.057487 (VIOLATED)
_264_/A_N                               0.750000    0.807487   -0.057487 (VIOLATED)
_266_/A_N                               0.750000    0.807487   -0.057487 (VIOLATED)
_268_/A_N                               0.750000    0.807487   -0.057487 (VIOLATED)
_270_/A_N                               0.750000    0.807487   -0.057487 (VIOLATED)
_272_/A_N                               0.750000    0.807487   -0.057487 (VIOLATED)
_274_/A_N                               0.750000    0.807487   -0.057487 (VIOLATED)
_276_/A_N                               0.750000    0.807487   -0.057487 (VIOLATED)
_278_/A_N                               0.750000    0.807487   -0.057487 (VIOLATED)
_279_/A_N                               0.750000    0.807487   -0.057487 (VIOLATED)
_280_/A                                 0.750000    0.807487   -0.057487 (VIOLATED)
_281_/A                                 0.750000    0.807487   -0.057487 (VIOLATED)
_282_/A                                 0.750000    0.807487   -0.057487 (VIOLATED)
_283_/A                                 0.750000    0.807487   -0.057487 (VIOLATED)
_284_/A                                 0.750000    0.807487   -0.057487 (VIOLATED)
_285_/A_N                               0.750000    0.807487   -0.057487 (VIOLATED)

max fanout

Pin                                   Limit Fanout  Slack
---------------------------------------------------------
reset                                    10     49    -39 (VIOLATED)
enable                                   10     25    -15 (VIOLATED)



===========================================================================
report_parasitic_annotation -report_unannotated
============================================================================
Found 221 unannotated drivers.
 a[0]
 a[1]
 a[2]
 a[3]
 a[4]
 a[5]
 a[6]
 a[7]
 anc[0]
 anc[1]
 anc[2]
 anc[3]
 anc[4]
 anc[5]
 anc[6]
 anc[7]
 b[0]
 b[1]
 b[2]
 b[3]
 b[4]
 b[5]
 b[6]
 b[7]
 cin
 clk
 enable
 reset
 _143_/Y
 _144_/Y
 _145_/Y
 _146_/Y
 _147_/Y
 _148_/X
 _149_/X
 _150_/Y
 _151_/X
 _152_/Y
 _153_/X
 _154_/X
 _155_/X
 _156_/X
 _157_/Y
 _158_/Y
 _159_/Y
 _160_/X
 _161_/Y
 _162_/X
 _163_/Y
 _164_/X
 _165_/Y
 _166_/Y
 _167_/Y
 _168_/Y
 _169_/Y
 _170_/X
 _171_/Y
 _172_/X
 _173_/Y
 _174_/Y
 _175_/Y
 _176_/X
 _177_/X
 _178_/X
 _179_/Y
 _180_/X
 _181_/Y
 _182_/Y
 _183_/Y
 _184_/Y
 _185_/X
 _186_/X
 _187_/Y
 _188_/X
 _189_/Y
 _190_/X
 _191_/Y
 _192_/X
 _193_/X
 _194_/X
 _195_/X
 _196_/Y
 _197_/X
 _198_/Y
 _199_/X
 _200_/Y
 _201_/Y
 _202_/X
 _203_/Y
 _204_/Y
 _205_/Y
 _206_/X
 _207_/Y
 _208_/Y
 _209_/X
 _210_/X
 _211_/Y
 _212_/Y
 _213_/X
 _214_/Y
 _215_/X
 _216_/Y
 _217_/Y
 _218_/Y
 _219_/X
 _220_/X
 _221_/X
 _222_/X
 _223_/X
 _224_/X
 _225_/X
 _226_/X
 _227_/X
 _228_/X
 _229_/X
 _230_/X
 _231_/X
 _232_/X
 _233_/X
 _234_/X
 _235_/X
 _236_/X
 _237_/X
 _238_/X
 _239_/X
 _240_/X
 _241_/X
 _242_/X
 _243_/X
 _244_/X
 _245_/X
 _246_/X
 _247_/X
 _248_/X
 _249_/X
 _250_/X
 _251_/X
 _252_/X
 _253_/X
 _254_/X
 _255_/X
 _256_/X
 _257_/X
 _258_/X
 _259_/X
 _260_/X
 _261_/X
 _262_/X
 _263_/X
 _264_/X
 _265_/X
 _266_/X
 _267_/X
 _268_/X
 _269_/X
 _270_/X
 _271_/X
 _272_/X
 _273_/X
 _274_/X
 _275_/X
 _276_/X
 _277_/X
 _278_/X
 _279_/X
 _280_/Y
 _281_/Y
 _282_/Y
 _283_/Y
 _284_/Y
 _285_/X
 _286_/Q
 _287_/Q
 _288_/Q
 _289_/Q
 _290_/Q
 _291_/Q
 _292_/Q
 _293_/Q
 _294_/Q
 _295_/Q
 _296_/Q
 _297_/Q
 _298_/Q
 _299_/Q
 _300_/Q
 _301_/Q
 _302_/Q
 _303_/Q
 _304_/Q
 _305_/Q
 _306_/Q
 _307_/Q
 _308_/Q
 _309_/Q
 _310_/Q
 _311_/Q
 _312_/Q
 _313_/Q
 _314_/Q
 _315_/Q
 _316_/Q
 _317_/Q
 _318_/Q
 _319_/Q
 _320_/Q
 _321_/Q
 _322_/Q
 _323_/Q
 _324_/Q
 _325_/Q
 _326_/Q
 _327_/Q
 _328_/Q
 _329_/Q
 _330_/Q
 _331_/Q
 _332_/Q
 _333_/Q
 _334_/Q
 _335_/Q
Found 0 partially unannotated drivers.

===========================================================================
max slew violation count 50
max fanout violation count 2
max cap violation count 0
============================================================================

===========================================================================
check_setup -verbose -unconstrained_endpoints -multiple_clock -no_clock -no_input_delay -loops -generated_clocks
===========================================================================
