
===========================================================================
report_checks -unconstrained
===========================================================================
======================= nom_ff_n40C_1v95 Corner ===================================

Startpoint: enable (input port clocked by clk)
Endpoint: _166_ (rising edge-triggered flip-flop clocked by clk)
Path Group: clk
Path Type: max

Fanout         Cap        Slew       Delay        Time   Description
---------------------------------------------------------------------------------------------
                      0.150000    0.000000    0.000000   clock clk (rise edge)
                                  0.000000    0.000000   clock network delay (ideal)
                                  5.000000    5.000000 ^ input external delay
    17    0.062662    0.215434    0.147473    5.147473 ^ enable (in)
                                                         enable (net)
                      0.215434    0.000000    5.147473 ^ _123_/S (sky130_fd_sc_hd__mux2_1)
     1    0.001639    0.033975    0.185298    5.332771 v _123_/X (sky130_fd_sc_hd__mux2_1)
                                                         _031_ (net)
                      0.033975    0.000000    5.332771 v _124_/B (sky130_fd_sc_hd__and2b_2)
     1    0.001783    0.024032    0.110979    5.443750 v _124_/X (sky130_fd_sc_hd__and2b_2)
                                                         _008_ (net)
                      0.024032    0.000000    5.443750 v _166_/D (sky130_fd_sc_hd__dfxtp_2)
                                              5.443750   data arrival time

                      0.150000   25.000000   25.000000   clock clk (rise edge)
                                  0.000000   25.000000   clock network delay (ideal)
                                 -0.250000   24.750000   clock uncertainty
                                  0.000000   24.750000   clock reconvergence pessimism
                                             24.750000 ^ _166_/CLK (sky130_fd_sc_hd__dfxtp_2)
                                 -0.057037   24.692963   library setup time
                                             24.692963   data required time
---------------------------------------------------------------------------------------------
                                             24.692963   data required time
                                             -5.443750   data arrival time
---------------------------------------------------------------------------------------------
                                             19.249212   slack (MET)




===========================================================================
report_checks --slack_max -0.01
============================================================================
======================= nom_ff_n40C_1v95 Corner ===================================

No paths found.


===========================================================================
 report_check_types -max_slew -max_cap -max_fanout -violators
============================================================================
======================= nom_ff_n40C_1v95 Corner ===================================

max fanout

Pin                                   Limit Fanout  Slack
---------------------------------------------------------
reset                                    10     26    -16 (VIOLATED)
enable                                   10     17     -7 (VIOLATED)



===========================================================================
report_parasitic_annotation -report_unannotated
============================================================================
Found 125 unannotated drivers.
 a[0]
 a[1]
 a[2]
 a[3]
 a[4]
 a[5]
 a[6]
 a[7]
 b[0]
 b[1]
 b[2]
 b[3]
 b[4]
 b[5]
 b[6]
 b[7]
 cin
 clk
 enable
 reset
 _079_/X
 _080_/Y
 _081_/Y
 _082_/X
 _083_/Y
 _084_/Y
 _085_/Y
 _086_/Y
 _087_/X
 _088_/Y
 _089_/X
 _090_/Y
 _091_/X
 _092_/X
 _093_/Y
 _094_/X
 _095_/X
 _096_/Y
 _097_/X
 _098_/X
 _099_/Y
 _100_/X
 _101_/Y
 _102_/X
 _103_/X
 _104_/Y
 _105_/X
 _106_/X
 _107_/Y
 _108_/X
 _109_/X
 _110_/Y
 _111_/X
 _112_/Y
 _113_/X
 _114_/X
 _115_/Y
 _116_/X
 _117_/Y
 _118_/Y
 _119_/Y
 _120_/X
 _121_/Y
 _122_/X
 _123_/X
 _124_/X
 _125_/X
 _126_/X
 _127_/X
 _128_/X
 _129_/X
 _130_/X
 _131_/X
 _132_/X
 _133_/X
 _134_/X
 _135_/X
 _136_/X
 _137_/X
 _138_/X
 _139_/X
 _140_/X
 _141_/X
 _142_/X
 _143_/X
 _144_/X
 _145_/X
 _146_/X
 _147_/X
 _148_/X
 _149_/X
 _150_/X
 _151_/X
 _152_/X
 _153_/X
 _154_/X
 _155_/X
 _156_/X
 _157_/Y
 _158_/Q
 _159_/Q
 _160_/Q
 _161_/Q
 _162_/Q
 _163_/Q
 _164_/Q
 _165_/Q
 _166_/Q
 _167_/Q
 _168_/Q
 _169_/Q
 _170_/Q
 _171_/Q
 _172_/Q
 _173_/Q
 _174_/Q
 _175_/Q
 _176_/Q
 _177_/Q
 _178_/Q
 _179_/Q
 _180_/Q
 _181_/Q
 _182_/Q
 _183_/Q
Found 0 partially unannotated drivers.

===========================================================================
max slew violation count 0
max fanout violation count 2
max cap violation count 0
============================================================================

===========================================================================
check_setup -verbose -unconstrained_endpoints -multiple_clock -no_clock -no_input_delay -loops -generated_clocks
===========================================================================
