Clock: clk
Sources: clk 
Generated: no
Virtual: no
Propagated: no
Period: 25.000000

===========================================================================
report_clock_properties
============================================================================
Clock                   Period          Waveform
----------------------------------------------------
clk                  25.000000    0.000000 12.500000

===========================================================================
report_clock_latency
============================================================================
Clock clk
rise -> rise
    min     max
0.000000 0.000000 source latency
0.119930         network latency _158_/CLK
        0.119930 network latency _158_/CLK
---------------
0.119930 0.119930 latency
        0.000000 skew

fall -> fall
    min     max
0.000000 0.000000 source latency
0.049247         network latency _158_/CLK
        0.049247 network latency _158_/CLK
---------------
0.049247 0.049247 latency
        0.000000 skew



===========================================================================
report_clock_min_period
============================================================================
clk period_min = 2.40 fmax = 416.42
