
===========================================================================
report_checks -path_delay min (Hold)
============================================================================
======================= nom_ff_n40C_1v95 Corner ===================================

Startpoint: _181_ (rising edge-triggered flip-flop clocked by clk)
Endpoint: _183_ (rising edge-triggered flip-flop clocked by clk)
Path Group: clk
Path Type: min

Fanout         Cap        Slew       Delay        Time   Description
---------------------------------------------------------------------------------------------
                      0.150000    0.000000    0.000000   clock clk (rise edge)
                                  0.000000    0.000000   clock network delay (ideal)
                      0.150000    0.000000    0.000000 ^ _181_/CLK (sky130_fd_sc_hd__dfxtp_2)
     3    0.007403    0.024837    0.227583    0.227583 v _181_/Q (sky130_fd_sc_hd__dfxtp_2)
                                                         u_rip.gen_fa[7].fa.b (net)
                      0.024837    0.000000    0.227583 v _121_/A (sky130_fd_sc_hd__nand2_2)
     2    0.006749    0.035200    0.040445    0.268028 ^ _121_/Y (sky130_fd_sc_hd__nand2_2)
                                                         _030_ (net)
                      0.035200    0.000000    0.268028 ^ _157_/A2 (sky130_fd_sc_hd__a21oi_2)
     1    0.001783    0.017651    0.026137    0.294164 v _157_/Y (sky130_fd_sc_hd__a21oi_2)
                                                         _025_ (net)
                      0.017651    0.000000    0.294164 v _183_/D (sky130_fd_sc_hd__dfxtp_2)
                                              0.294164   data arrival time

                      0.150000    0.000000    0.000000   clock clk (rise edge)
                                  0.000000    0.000000   clock network delay (ideal)
                                  0.250000    0.250000   clock uncertainty
                                  0.000000    0.250000   clock reconvergence pessimism
                                              0.250000 ^ _183_/CLK (sky130_fd_sc_hd__dfxtp_2)
                                 -0.018514    0.231486   library hold time
                                              0.231486   data required time
---------------------------------------------------------------------------------------------
                                              0.231486   data required time
                                             -0.294164   data arrival time
---------------------------------------------------------------------------------------------
                                              0.062678   slack (MET)


Startpoint: _174_ (rising edge-triggered flip-flop clocked by clk)
Endpoint: _158_ (rising edge-triggered flip-flop clocked by clk)
Path Group: clk
Path Type: min

Fanout         Cap        Slew       Delay        Time   Description
---------------------------------------------------------------------------------------------
                      0.150000    0.000000    0.000000   clock clk (rise edge)
                                  0.000000    0.000000   clock network delay (ideal)
                      0.150000    0.000000    0.000000 ^ _174_/CLK (sky130_fd_sc_hd__dfxtp_2)
     4    0.011569    0.031009    0.234928    0.234928 v _174_/Q (sky130_fd_sc_hd__dfxtp_2)
                                                         u_rip.fa0.b (net)
                      0.031009    0.000000    0.234928 v _081_/B1 (sky130_fd_sc_hd__a21oi_2)
     1    0.004698    0.047618    0.050042    0.284970 ^ _081_/Y (sky130_fd_sc_hd__a21oi_2)
                                                         _050_ (net)
                      0.047618    0.000000    0.284970 ^ _083_/B (sky130_fd_sc_hd__nor3_2)
     1    0.001783    0.012899    0.023811    0.308781 v _083_/Y (sky130_fd_sc_hd__nor3_2)
                                                         _000_ (net)
                      0.012899    0.000000    0.308781 v _158_/D (sky130_fd_sc_hd__dfxtp_2)
                                              0.308781   data arrival time

                      0.150000    0.000000    0.000000   clock clk (rise edge)
                                  0.000000    0.000000   clock network delay (ideal)
                                  0.250000    0.250000   clock uncertainty
                                  0.000000    0.250000   clock reconvergence pessimism
                                              0.250000 ^ _158_/CLK (sky130_fd_sc_hd__dfxtp_2)
                                 -0.016930    0.233070   library hold time
                                              0.233070   data required time
---------------------------------------------------------------------------------------------
                                              0.233070   data required time
                                             -0.308781   data arrival time
---------------------------------------------------------------------------------------------
                                              0.075711   slack (MET)


Startpoint: _176_ (rising edge-triggered flip-flop clocked by clk)
Endpoint: _160_ (rising edge-triggered flip-flop clocked by clk)
Path Group: clk
Path Type: min

Fanout         Cap        Slew       Delay        Time   Description
---------------------------------------------------------------------------------------------
                      0.150000    0.000000    0.000000   clock clk (rise edge)
                                  0.000000    0.000000   clock network delay (ideal)
                      0.150000    0.000000    0.000000 ^ _176_/CLK (sky130_fd_sc_hd__dfxtp_2)
     4    0.011273    0.051116    0.238854    0.238854 ^ _176_/Q (sky130_fd_sc_hd__dfxtp_2)
                                                         u_rip.gen_fa[2].fa.b (net)
                      0.051116    0.000000    0.238854 ^ _094_/A1 (sky130_fd_sc_hd__o21a_2)
     1    0.001748    0.016453    0.073743    0.312597 ^ _094_/X (sky130_fd_sc_hd__o21a_2)
                                                         _002_ (net)
                      0.016453    0.000000    0.312597 ^ _160_/D (sky130_fd_sc_hd__dfxtp_2)
                                              0.312597   data arrival time

                      0.150000    0.000000    0.000000   clock clk (rise edge)
                                  0.000000    0.000000   clock network delay (ideal)
                                  0.250000    0.250000   clock uncertainty
                                  0.000000    0.250000   clock reconvergence pessimism
                                              0.250000 ^ _160_/CLK (sky130_fd_sc_hd__dfxtp_2)
                                 -0.013448    0.236552   library hold time
                                              0.236552   data required time
---------------------------------------------------------------------------------------------
                                              0.236552   data required time
                                             -0.312597   data arrival time
---------------------------------------------------------------------------------------------
                                              0.076046   slack (MET)


Startpoint: _178_ (rising edge-triggered flip-flop clocked by clk)
Endpoint: _162_ (rising edge-triggered flip-flop clocked by clk)
Path Group: clk
Path Type: min

Fanout         Cap        Slew       Delay        Time   Description
---------------------------------------------------------------------------------------------
                      0.150000    0.000000    0.000000   clock clk (rise edge)
                                  0.000000    0.000000   clock network delay (ideal)
                      0.150000    0.000000    0.000000 ^ _178_/CLK (sky130_fd_sc_hd__dfxtp_2)
     4    0.011273    0.051116    0.238854    0.238854 ^ _178_/Q (sky130_fd_sc_hd__dfxtp_2)
                                                         u_rip.gen_fa[4].fa.b (net)
                      0.051116    0.000000    0.238854 ^ _105_/A1 (sky130_fd_sc_hd__o21a_2)
     1    0.001748    0.016453    0.073743    0.312597 ^ _105_/X (sky130_fd_sc_hd__o21a_2)
                                                         _004_ (net)
                      0.016453    0.000000    0.312597 ^ _162_/D (sky130_fd_sc_hd__dfxtp_2)
                                              0.312597   data arrival time

                      0.150000    0.000000    0.000000   clock clk (rise edge)
                                  0.000000    0.000000   clock network delay (ideal)
                                  0.250000    0.250000   clock uncertainty
                                  0.000000    0.250000   clock reconvergence pessimism
                                              0.250000 ^ _162_/CLK (sky130_fd_sc_hd__dfxtp_2)
                                 -0.013448    0.236552   library hold time
                                              0.236552   data required time
---------------------------------------------------------------------------------------------
                                              0.236552   data required time
                                             -0.312597   data arrival time
---------------------------------------------------------------------------------------------
                                              0.076046   slack (MET)


Startpoint: _180_ (rising edge-triggered flip-flop clocked by clk)
Endpoint: _164_ (rising edge-triggered flip-flop clocked by clk)
Path Group: clk
Path Type: min

Fanout         Cap        Slew       Delay        Time   Description
---------------------------------------------------------------------------------------------
                      0.150000    0.000000    0.000000   clock clk (rise edge)
                                  0.000000    0.000000   clock network delay (ideal)
                      0.150000    0.000000    0.000000 ^ _180_/CLK (sky130_fd_sc_hd__dfxtp_2)
     4    0.013391    0.058423    0.244517    0.244517 ^ _180_/Q (sky130_fd_sc_hd__dfxtp_2)
                                                         u_rip.gen_fa[6].fa.b (net)
                      0.058423    0.000000    0.244517 ^ _116_/A1 (sky130_fd_sc_hd__o21a_2)
     1    0.001748    0.016453    0.075142    0.319659 ^ _116_/X (sky130_fd_sc_hd__o21a_2)
                                                         _006_ (net)
                      0.016453    0.000000    0.319659 ^ _164_/D (sky130_fd_sc_hd__dfxtp_2)
                                              0.319659   data arrival time

                      0.150000    0.000000    0.000000   clock clk (rise edge)
                                  0.000000    0.000000   clock network delay (ideal)
                                  0.250000    0.250000   clock uncertainty
                                  0.000000    0.250000   clock reconvergence pessimism
                                              0.250000 ^ _164_/CLK (sky130_fd_sc_hd__dfxtp_2)
                                 -0.013448    0.236552   library hold time
                                              0.236552   data required time
---------------------------------------------------------------------------------------------
                                              0.236552   data required time
                                             -0.319659   data arrival time
---------------------------------------------------------------------------------------------
                                              0.083107   slack (MET)


Startpoint: _168_ (rising edge-triggered flip-flop clocked by clk)
Endpoint: _168_ (rising edge-triggered flip-flop clocked by clk)
Path Group: clk
Path Type: min

Fanout         Cap        Slew       Delay        Time   Description
---------------------------------------------------------------------------------------------
                      0.150000    0.000000    0.000000   clock clk (rise edge)
                                  0.000000    0.000000   clock network delay (ideal)
                      0.150000    0.000000    0.000000 ^ _168_/CLK (sky130_fd_sc_hd__dfxtp_2)
     3    0.004740    0.028580    0.221388    0.221388 ^ _168_/Q (sky130_fd_sc_hd__dfxtp_2)
                                                         u_rip.gen_fa[2].fa.a (net)
                      0.028580    0.000000    0.221388 ^ _127_/A0 (sky130_fd_sc_hd__mux2_1)
     1    0.001786    0.023694    0.065343    0.286732 ^ _127_/X (sky130_fd_sc_hd__mux2_1)
                                                         _033_ (net)
                      0.023694    0.000000    0.286732 ^ _128_/B (sky130_fd_sc_hd__and2b_2)
     1    0.001748    0.020362    0.073213    0.359945 ^ _128_/X (sky130_fd_sc_hd__and2b_2)
                                                         _010_ (net)
                      0.020362    0.000000    0.359945 ^ _168_/D (sky130_fd_sc_hd__dfxtp_2)
                                              0.359945   data arrival time

                      0.150000    0.000000    0.000000   clock clk (rise edge)
                                  0.000000    0.000000   clock network delay (ideal)
                                  0.250000    0.250000   clock uncertainty
                                  0.000000    0.250000   clock reconvergence pessimism
                                              0.250000 ^ _168_/CLK (sky130_fd_sc_hd__dfxtp_2)
                                 -0.013720    0.236280   library hold time
                                              0.236280   data required time
---------------------------------------------------------------------------------------------
                                              0.236280   data required time
                                             -0.359945   data arrival time
---------------------------------------------------------------------------------------------
                                              0.123665   slack (MET)


Startpoint: _170_ (rising edge-triggered flip-flop clocked by clk)
Endpoint: _170_ (rising edge-triggered flip-flop clocked by clk)
Path Group: clk
Path Type: min

Fanout         Cap        Slew       Delay        Time   Description
---------------------------------------------------------------------------------------------
                      0.150000    0.000000    0.000000   clock clk (rise edge)
                                  0.000000    0.000000   clock network delay (ideal)
                      0.150000    0.000000    0.000000 ^ _170_/CLK (sky130_fd_sc_hd__dfxtp_2)
     3    0.004740    0.028580    0.221388    0.221388 ^ _170_/Q (sky130_fd_sc_hd__dfxtp_2)
                                                         u_rip.gen_fa[4].fa.a (net)
                      0.028580    0.000000    0.221388 ^ _131_/A0 (sky130_fd_sc_hd__mux2_1)
     1    0.001786    0.023694    0.065343    0.286732 ^ _131_/X (sky130_fd_sc_hd__mux2_1)
                                                         _035_ (net)
                      0.023694    0.000000    0.286732 ^ _132_/B (sky130_fd_sc_hd__and2b_2)
     1    0.001748    0.020362    0.073213    0.359945 ^ _132_/X (sky130_fd_sc_hd__and2b_2)
                                                         _012_ (net)
                      0.020362    0.000000    0.359945 ^ _170_/D (sky130_fd_sc_hd__dfxtp_2)
                                              0.359945   data arrival time

                      0.150000    0.000000    0.000000   clock clk (rise edge)
                                  0.000000    0.000000   clock network delay (ideal)
                                  0.250000    0.250000   clock uncertainty
                                  0.000000    0.250000   clock reconvergence pessimism
                                              0.250000 ^ _170_/CLK (sky130_fd_sc_hd__dfxtp_2)
                                 -0.013720    0.236280   library hold time
                                              0.236280   data required time
---------------------------------------------------------------------------------------------
                                              0.236280   data required time
                                             -0.359945   data arrival time
---------------------------------------------------------------------------------------------
                                              0.123665   slack (MET)


Startpoint: _172_ (rising edge-triggered flip-flop clocked by clk)
Endpoint: _172_ (rising edge-triggered flip-flop clocked by clk)
Path Group: clk
Path Type: min

Fanout         Cap        Slew       Delay        Time   Description
---------------------------------------------------------------------------------------------
                      0.150000    0.000000    0.000000   clock clk (rise edge)
                                  0.000000    0.000000   clock network delay (ideal)
                      0.150000    0.000000    0.000000 ^ _172_/CLK (sky130_fd_sc_hd__dfxtp_2)
     3    0.004740    0.028580    0.221388    0.221388 ^ _172_/Q (sky130_fd_sc_hd__dfxtp_2)
                                                         u_rip.gen_fa[6].fa.a (net)
                      0.028580    0.000000    0.221388 ^ _135_/A0 (sky130_fd_sc_hd__mux2_1)
     1    0.001786    0.023694    0.065343    0.286732 ^ _135_/X (sky130_fd_sc_hd__mux2_1)
                                                         _037_ (net)
                      0.023694    0.000000    0.286732 ^ _136_/B (sky130_fd_sc_hd__and2b_2)
     1    0.001748    0.020362    0.073213    0.359945 ^ _136_/X (sky130_fd_sc_hd__and2b_2)
                                                         _014_ (net)
                      0.020362    0.000000    0.359945 ^ _172_/D (sky130_fd_sc_hd__dfxtp_2)
                                              0.359945   data arrival time

                      0.150000    0.000000    0.000000   clock clk (rise edge)
                                  0.000000    0.000000   clock network delay (ideal)
                                  0.250000    0.250000   clock uncertainty
                                  0.000000    0.250000   clock reconvergence pessimism
                                              0.250000 ^ _172_/CLK (sky130_fd_sc_hd__dfxtp_2)
                                 -0.013720    0.236280   library hold time
                                              0.236280   data required time
---------------------------------------------------------------------------------------------
                                              0.236280   data required time
                                             -0.359945   data arrival time
---------------------------------------------------------------------------------------------
                                              0.123665   slack (MET)


Startpoint: _181_ (rising edge-triggered flip-flop clocked by clk)
Endpoint: _165_ (rising edge-triggered flip-flop clocked by clk)
Path Group: clk
Path Type: min

Fanout         Cap        Slew       Delay        Time   Description
---------------------------------------------------------------------------------------------
                      0.150000    0.000000    0.000000   clock clk (rise edge)
                                  0.000000    0.000000   clock network delay (ideal)
                      0.150000    0.000000    0.000000 ^ _181_/CLK (sky130_fd_sc_hd__dfxtp_2)
     3    0.007403    0.024837    0.227583    0.227583 v _181_/Q (sky130_fd_sc_hd__dfxtp_2)
                                                         u_rip.gen_fa[7].fa.b (net)
                      0.024837    0.000000    0.227583 v _121_/A (sky130_fd_sc_hd__nand2_2)
     2    0.006749    0.035200    0.040445    0.268028 ^ _121_/Y (sky130_fd_sc_hd__nand2_2)
                                                         _030_ (net)
                      0.035200    0.000000    0.268028 ^ _122_/C (sky130_fd_sc_hd__and3b_2)
     1    0.001748    0.024310    0.095761    0.363789 ^ _122_/X (sky130_fd_sc_hd__and3b_2)
                                                         _007_ (net)
                      0.024310    0.000000    0.363789 ^ _165_/D (sky130_fd_sc_hd__dfxtp_2)
                                              0.363789   data arrival time

                      0.150000    0.000000    0.000000   clock clk (rise edge)
                                  0.000000    0.000000   clock network delay (ideal)
                                  0.250000    0.250000   clock uncertainty
                                  0.000000    0.250000   clock reconvergence pessimism
                                              0.250000 ^ _165_/CLK (sky130_fd_sc_hd__dfxtp_2)
                                 -0.013995    0.236005   library hold time
                                              0.236005   data required time
---------------------------------------------------------------------------------------------
                                              0.236005   data required time
                                             -0.363789   data arrival time
---------------------------------------------------------------------------------------------
                                              0.127784   slack (MET)


Startpoint: _175_ (rising edge-triggered flip-flop clocked by clk)
Endpoint: _159_ (rising edge-triggered flip-flop clocked by clk)
Path Group: clk
Path Type: min

Fanout         Cap        Slew       Delay        Time   Description
---------------------------------------------------------------------------------------------
                      0.150000    0.000000    0.000000   clock clk (rise edge)
                                  0.000000    0.000000   clock network delay (ideal)
                      0.150000    0.000000    0.000000 ^ _175_/CLK (sky130_fd_sc_hd__dfxtp_2)
     3    0.007403    0.024837    0.227583    0.227583 v _175_/Q (sky130_fd_sc_hd__dfxtp_2)
                                                         u_rip.gen_fa[1].fa.b (net)
                      0.024837    0.000000    0.227583 v _088_/A (sky130_fd_sc_hd__nand2_2)
     3    0.008863    0.043123    0.046140    0.273724 ^ _088_/Y (sky130_fd_sc_hd__nand2_2)
                                                         _056_ (net)
                      0.043123    0.000000    0.273724 ^ _089_/C (sky130_fd_sc_hd__and3b_2)
     1    0.001748    0.024310    0.097183    0.370906 ^ _089_/X (sky130_fd_sc_hd__and3b_2)
                                                         _001_ (net)
                      0.024310    0.000000    0.370906 ^ _159_/D (sky130_fd_sc_hd__dfxtp_2)
                                              0.370906   data arrival time

                      0.150000    0.000000    0.000000   clock clk (rise edge)
                                  0.000000    0.000000   clock network delay (ideal)
                                  0.250000    0.250000   clock uncertainty
                                  0.000000    0.250000   clock reconvergence pessimism
                                              0.250000 ^ _159_/CLK (sky130_fd_sc_hd__dfxtp_2)
                                 -0.013995    0.236005   library hold time
                                              0.236005   data required time
---------------------------------------------------------------------------------------------
                                              0.236005   data required time
                                             -0.370906   data arrival time
---------------------------------------------------------------------------------------------
                                              0.134901   slack (MET)


Startpoint: _177_ (rising edge-triggered flip-flop clocked by clk)
Endpoint: _161_ (rising edge-triggered flip-flop clocked by clk)
Path Group: clk
Path Type: min

Fanout         Cap        Slew       Delay        Time   Description
---------------------------------------------------------------------------------------------
                      0.150000    0.000000    0.000000   clock clk (rise edge)
                                  0.000000    0.000000   clock network delay (ideal)
                      0.150000    0.000000    0.000000 ^ _177_/CLK (sky130_fd_sc_hd__dfxtp_2)
     3    0.007403    0.024837    0.227583    0.227583 v _177_/Q (sky130_fd_sc_hd__dfxtp_2)
                                                         u_rip.gen_fa[3].fa.b (net)
                      0.024837    0.000000    0.227583 v _099_/A (sky130_fd_sc_hd__nand2_2)
     3    0.008863    0.043123    0.046140    0.273724 ^ _099_/Y (sky130_fd_sc_hd__nand2_2)
                                                         _065_ (net)
                      0.043123    0.000000    0.273724 ^ _100_/C (sky130_fd_sc_hd__and3b_2)
     1    0.001748    0.024309    0.097183    0.370906 ^ _100_/X (sky130_fd_sc_hd__and3b_2)
                                                         _003_ (net)
                      0.024309    0.000000    0.370906 ^ _161_/D (sky130_fd_sc_hd__dfxtp_2)
                                              0.370906   data arrival time

                      0.150000    0.000000    0.000000   clock clk (rise edge)
                                  0.000000    0.000000   clock network delay (ideal)
                                  0.250000    0.250000   clock uncertainty
                                  0.000000    0.250000   clock reconvergence pessimism
                                              0.250000 ^ _161_/CLK (sky130_fd_sc_hd__dfxtp_2)
                                 -0.013995    0.236005   library hold time
                                              0.236005   data required time
---------------------------------------------------------------------------------------------
                                              0.236005   data required time
                                             -0.370906   data arrival time
---------------------------------------------------------------------------------------------
                                              0.134901   slack (MET)


Startpoint: _179_ (rising edge-triggered flip-flop clocked by clk)
Endpoint: _163_ (rising edge-triggered flip-flop clocked by clk)
Path Group: clk
Path Type: min

Fanout         Cap        Slew       Delay        Time   Description
---------------------------------------------------------------------------------------------
                      0.150000    0.000000    0.000000   clock clk (rise edge)
                                  0.000000    0.000000   clock network delay (ideal)
                      0.150000    0.000000    0.000000 ^ _179_/CLK (sky130_fd_sc_hd__dfxtp_2)
     3    0.007403    0.024837    0.227583    0.227583 v _179_/Q (sky130_fd_sc_hd__dfxtp_2)
                                                         u_rip.gen_fa[5].fa.b (net)
                      0.024837    0.000000    0.227583 v _110_/A (sky130_fd_sc_hd__nand2_2)
     3    0.008863    0.043123    0.046140    0.273724 ^ _110_/Y (sky130_fd_sc_hd__nand2_2)
                                                         _074_ (net)
                      0.043123    0.000000    0.273724 ^ _111_/C (sky130_fd_sc_hd__and3b_2)
     1    0.001748    0.024309    0.097183    0.370906 ^ _111_/X (sky130_fd_sc_hd__and3b_2)
                                                         _005_ (net)
                      0.024309    0.000000    0.370906 ^ _163_/D (sky130_fd_sc_hd__dfxtp_2)
                                              0.370906   data arrival time

                      0.150000    0.000000    0.000000   clock clk (rise edge)
                                  0.000000    0.000000   clock network delay (ideal)
                                  0.250000    0.250000   clock uncertainty
                                  0.000000    0.250000   clock reconvergence pessimism
                                              0.250000 ^ _163_/CLK (sky130_fd_sc_hd__dfxtp_2)
                                 -0.013995    0.236005   library hold time
                                              0.236005   data required time
---------------------------------------------------------------------------------------------
                                              0.236005   data required time
                                             -0.370906   data arrival time
---------------------------------------------------------------------------------------------
                                              0.134901   slack (MET)


Startpoint: _166_ (rising edge-triggered flip-flop clocked by clk)
Endpoint: _166_ (rising edge-triggered flip-flop clocked by clk)
Path Group: clk
Path Type: min

Fanout         Cap        Slew       Delay        Time   Description
---------------------------------------------------------------------------------------------
                      0.150000    0.000000    0.000000   clock clk (rise edge)
                                  0.000000    0.000000   clock network delay (ideal)
                      0.150000    0.000000    0.000000 ^ _166_/CLK (sky130_fd_sc_hd__dfxtp_2)
     3    0.007896    0.039467    0.229826    0.229826 ^ _166_/Q (sky130_fd_sc_hd__dfxtp_2)
                                                         u_rip.fa0.a (net)
                      0.039467    0.000000    0.229826 ^ _123_/A0 (sky130_fd_sc_hd__mux2_1)
     1    0.001786    0.023684    0.068398    0.298224 ^ _123_/X (sky130_fd_sc_hd__mux2_1)
                                                         _031_ (net)
                      0.023684    0.000000    0.298224 ^ _124_/B (sky130_fd_sc_hd__and2b_2)
     1    0.001748    0.020362    0.073211    0.371434 ^ _124_/X (sky130_fd_sc_hd__and2b_2)
                                                         _008_ (net)
                      0.020362    0.000000    0.371434 ^ _166_/D (sky130_fd_sc_hd__dfxtp_2)
                                              0.371434   data arrival time

                      0.150000    0.000000    0.000000   clock clk (rise edge)
                                  0.000000    0.000000   clock network delay (ideal)
                                  0.250000    0.250000   clock uncertainty
                                  0.000000    0.250000   clock reconvergence pessimism
                                              0.250000 ^ _166_/CLK (sky130_fd_sc_hd__dfxtp_2)
                                 -0.013720    0.236280   library hold time
                                              0.236280   data required time
---------------------------------------------------------------------------------------------
                                              0.236280   data required time
                                             -0.371434   data arrival time
---------------------------------------------------------------------------------------------
                                              0.135155   slack (MET)


Startpoint: _175_ (rising edge-triggered flip-flop clocked by clk)
Endpoint: _175_ (rising edge-triggered flip-flop clocked by clk)
Path Group: clk
Path Type: min

Fanout         Cap        Slew       Delay        Time   Description
---------------------------------------------------------------------------------------------
                      0.150000    0.000000    0.000000   clock clk (rise edge)
                                  0.000000    0.000000   clock network delay (ideal)
                      0.150000    0.000000    0.000000 ^ _175_/CLK (sky130_fd_sc_hd__dfxtp_2)
     3    0.007945    0.039636    0.229957    0.229957 ^ _175_/Q (sky130_fd_sc_hd__dfxtp_2)
                                                         u_rip.gen_fa[1].fa.b (net)
                      0.039636    0.000000    0.229957 ^ _141_/A0 (sky130_fd_sc_hd__mux2_1)
     1    0.001786    0.023684    0.068445    0.298402 ^ _141_/X (sky130_fd_sc_hd__mux2_1)
                                                         _040_ (net)
                      0.023684    0.000000    0.298402 ^ _142_/B (sky130_fd_sc_hd__and2b_2)
     1    0.001748    0.020362    0.073211    0.371613 ^ _142_/X (sky130_fd_sc_hd__and2b_2)
                                                         _017_ (net)
                      0.020362    0.000000    0.371613 ^ _175_/D (sky130_fd_sc_hd__dfxtp_2)
                                              0.371613   data arrival time

                      0.150000    0.000000    0.000000   clock clk (rise edge)
                                  0.000000    0.000000   clock network delay (ideal)
                                  0.250000    0.250000   clock uncertainty
                                  0.000000    0.250000   clock reconvergence pessimism
                                              0.250000 ^ _175_/CLK (sky130_fd_sc_hd__dfxtp_2)
                                 -0.013720    0.236280   library hold time
                                              0.236280   data required time
---------------------------------------------------------------------------------------------
                                              0.236280   data required time
                                             -0.371613   data arrival time
---------------------------------------------------------------------------------------------
                                              0.135333   slack (MET)


Startpoint: _177_ (rising edge-triggered flip-flop clocked by clk)
Endpoint: _177_ (rising edge-triggered flip-flop clocked by clk)
Path Group: clk
Path Type: min

Fanout         Cap        Slew       Delay        Time   Description
---------------------------------------------------------------------------------------------
                      0.150000    0.000000    0.000000   clock clk (rise edge)
                                  0.000000    0.000000   clock network delay (ideal)
                      0.150000    0.000000    0.000000 ^ _177_/CLK (sky130_fd_sc_hd__dfxtp_2)
     3    0.007945    0.039636    0.229957    0.229957 ^ _177_/Q (sky130_fd_sc_hd__dfxtp_2)
                                                         u_rip.gen_fa[3].fa.b (net)
                      0.039636    0.000000    0.229957 ^ _145_/A0 (sky130_fd_sc_hd__mux2_1)
     1    0.001786    0.023684    0.068445    0.298402 ^ _145_/X (sky130_fd_sc_hd__mux2_1)
                                                         _042_ (net)
                      0.023684    0.000000    0.298402 ^ _146_/B (sky130_fd_sc_hd__and2b_2)
     1    0.001748    0.020362    0.073211    0.371613 ^ _146_/X (sky130_fd_sc_hd__and2b_2)
                                                         _019_ (net)
                      0.020362    0.000000    0.371613 ^ _177_/D (sky130_fd_sc_hd__dfxtp_2)
                                              0.371613   data arrival time

                      0.150000    0.000000    0.000000   clock clk (rise edge)
                                  0.000000    0.000000   clock network delay (ideal)
                                  0.250000    0.250000   clock uncertainty
                                  0.000000    0.250000   clock reconvergence pessimism
                                              0.250000 ^ _177_/CLK (sky130_fd_sc_hd__dfxtp_2)
                                 -0.013720    0.236280   library hold time
                                              0.236280   data required time
---------------------------------------------------------------------------------------------
                                              0.236280   data required time
                                             -0.371613   data arrival time
---------------------------------------------------------------------------------------------
                                              0.135333   slack (MET)


Startpoint: _179_ (rising edge-triggered flip-flop clocked by clk)
Endpoint: _179_ (rising edge-triggered flip-flop clocked by clk)
Path Group: clk
Path Type: min

Fanout         Cap        Slew       Delay        Time   Description
---------------------------------------------------------------------------------------------
                      0.150000    0.000000    0.000000   clock clk (rise edge)
                                  0.000000    0.000000   clock network delay (ideal)
                      0.150000    0.000000    0.000000 ^ _179_/CLK (sky130_fd_sc_hd__dfxtp_2)
     3    0.007945    0.039636    0.229957    0.229957 ^ _179_/Q (sky130_fd_sc_hd__dfxtp_2)
                                                         u_rip.gen_fa[5].fa.b (net)
                      0.039636    0.000000    0.229957 ^ _149_/A0 (sky130_fd_sc_hd__mux2_1)
     1    0.001786    0.023684    0.068445    0.298402 ^ _149_/X (sky130_fd_sc_hd__mux2_1)
                                                         _044_ (net)
                      0.023684    0.000000    0.298402 ^ _150_/B (sky130_fd_sc_hd__and2b_2)
     1    0.001748    0.020362    0.073211    0.371613 ^ _150_/X (sky130_fd_sc_hd__and2b_2)
                                                         _021_ (net)
                      0.020362    0.000000    0.371613 ^ _179_/D (sky130_fd_sc_hd__dfxtp_2)
                                              0.371613   data arrival time

                      0.150000    0.000000    0.000000   clock clk (rise edge)
                                  0.000000    0.000000   clock network delay (ideal)
                                  0.250000    0.250000   clock uncertainty
                                  0.000000    0.250000   clock reconvergence pessimism
                                              0.250000 ^ _179_/CLK (sky130_fd_sc_hd__dfxtp_2)
                                 -0.013720    0.236280   library hold time
                                              0.236280   data required time
---------------------------------------------------------------------------------------------
                                              0.236280   data required time
                                             -0.371613   data arrival time
---------------------------------------------------------------------------------------------
                                              0.135333   slack (MET)


Startpoint: _181_ (rising edge-triggered flip-flop clocked by clk)
Endpoint: _181_ (rising edge-triggered flip-flop clocked by clk)
Path Group: clk
Path Type: min

Fanout         Cap        Slew       Delay        Time   Description
---------------------------------------------------------------------------------------------
                      0.150000    0.000000    0.000000   clock clk (rise edge)
                                  0.000000    0.000000   clock network delay (ideal)
                      0.150000    0.000000    0.000000 ^ _181_/CLK (sky130_fd_sc_hd__dfxtp_2)
     3    0.007945    0.039636    0.229957    0.229957 ^ _181_/Q (sky130_fd_sc_hd__dfxtp_2)
                                                         u_rip.gen_fa[7].fa.b (net)
                      0.039636    0.000000    0.229957 ^ _153_/A0 (sky130_fd_sc_hd__mux2_1)
     1    0.001786    0.023684    0.068445    0.298402 ^ _153_/X (sky130_fd_sc_hd__mux2_1)
                                                         _046_ (net)
                      0.023684    0.000000    0.298402 ^ _154_/B (sky130_fd_sc_hd__and2b_2)
     1    0.001748    0.020362    0.073211    0.371613 ^ _154_/X (sky130_fd_sc_hd__and2b_2)
                                                         _023_ (net)
                      0.020362    0.000000    0.371613 ^ _181_/D (sky130_fd_sc_hd__dfxtp_2)
                                              0.371613   data arrival time

                      0.150000    0.000000    0.000000   clock clk (rise edge)
                                  0.000000    0.000000   clock network delay (ideal)
                                  0.250000    0.250000   clock uncertainty
                                  0.000000    0.250000   clock reconvergence pessimism
                                              0.250000 ^ _181_/CLK (sky130_fd_sc_hd__dfxtp_2)
                                 -0.013720    0.236280   library hold time
                                              0.236280   data required time
---------------------------------------------------------------------------------------------
                                              0.236280   data required time
                                             -0.371613   data arrival time
---------------------------------------------------------------------------------------------
                                              0.135333   slack (MET)


Startpoint: _182_ (rising edge-triggered flip-flop clocked by clk)
Endpoint: _182_ (rising edge-triggered flip-flop clocked by clk)
Path Group: clk
Path Type: min

Fanout         Cap        Slew       Delay        Time   Description
---------------------------------------------------------------------------------------------
                      0.150000    0.000000    0.000000   clock clk (rise edge)
                                  0.000000    0.000000   clock network delay (ideal)
                      0.150000    0.000000    0.000000 ^ _182_/CLK (sky130_fd_sc_hd__dfxtp_2)
     3    0.007945    0.039636    0.229957    0.229957 ^ _182_/Q (sky130_fd_sc_hd__dfxtp_2)
                                                         cin_r (net)
                      0.039636    0.000000    0.229957 ^ _155_/A0 (sky130_fd_sc_hd__mux2_1)
     1    0.001786    0.023684    0.068445    0.298402 ^ _155_/X (sky130_fd_sc_hd__mux2_1)
                                                         _047_ (net)
                      0.023684    0.000000    0.298402 ^ _156_/B (sky130_fd_sc_hd__and2b_2)
     1    0.001748    0.020362    0.073211    0.371613 ^ _156_/X (sky130_fd_sc_hd__and2b_2)
                                                         _024_ (net)
                      0.020362    0.000000    0.371613 ^ _182_/D (sky130_fd_sc_hd__dfxtp_2)
                                              0.371613   data arrival time

                      0.150000    0.000000    0.000000   clock clk (rise edge)
                                  0.000000    0.000000   clock network delay (ideal)
                                  0.250000    0.250000   clock uncertainty
                                  0.000000    0.250000   clock reconvergence pessimism
                                              0.250000 ^ _182_/CLK (sky130_fd_sc_hd__dfxtp_2)
                                 -0.013720    0.236280   library hold time
                                              0.236280   data required time
---------------------------------------------------------------------------------------------
                                              0.236280   data required time
                                             -0.371613   data arrival time
---------------------------------------------------------------------------------------------
                                              0.135333   slack (MET)


Startpoint: _176_ (rising edge-triggered flip-flop clocked by clk)
Endpoint: _176_ (rising edge-triggered flip-flop clocked by clk)
Path Group: clk
Path Type: min

Fanout         Cap        Slew       Delay        Time   Description
---------------------------------------------------------------------------------------------
                      0.150000    0.000000    0.000000   clock clk (rise edge)
                                  0.000000    0.000000   clock network delay (ideal)
                      0.150000    0.000000    0.000000 ^ _176_/CLK (sky130_fd_sc_hd__dfxtp_2)
     4    0.011273    0.051116    0.238854    0.238854 ^ _176_/Q (sky130_fd_sc_hd__dfxtp_2)
                                                         u_rip.gen_fa[2].fa.b (net)
                      0.051116    0.000000    0.238854 ^ _143_/A0 (sky130_fd_sc_hd__mux2_1)
     1    0.001786    0.023673    0.071666    0.310520 ^ _143_/X (sky130_fd_sc_hd__mux2_1)
                                                         _041_ (net)
                      0.023673    0.000000    0.310520 ^ _144_/B (sky130_fd_sc_hd__and2b_2)
     1    0.001748    0.020362    0.073208    0.383728 ^ _144_/X (sky130_fd_sc_hd__and2b_2)
                                                         _018_ (net)
                      0.020362    0.000000    0.383728 ^ _176_/D (sky130_fd_sc_hd__dfxtp_2)
                                              0.383728   data arrival time

                      0.150000    0.000000    0.000000   clock clk (rise edge)
                                  0.000000    0.000000   clock network delay (ideal)
                                  0.250000    0.250000   clock uncertainty
                                  0.000000    0.250000   clock reconvergence pessimism
                                              0.250000 ^ _176_/CLK (sky130_fd_sc_hd__dfxtp_2)
                                 -0.013720    0.236280   library hold time
                                              0.236280   data required time
---------------------------------------------------------------------------------------------
                                              0.236280   data required time
                                             -0.383728   data arrival time
---------------------------------------------------------------------------------------------
                                              0.147449   slack (MET)


Startpoint: _178_ (rising edge-triggered flip-flop clocked by clk)
Endpoint: _178_ (rising edge-triggered flip-flop clocked by clk)
Path Group: clk
Path Type: min

Fanout         Cap        Slew       Delay        Time   Description
---------------------------------------------------------------------------------------------
                      0.150000    0.000000    0.000000   clock clk (rise edge)
                                  0.000000    0.000000   clock network delay (ideal)
                      0.150000    0.000000    0.000000 ^ _178_/CLK (sky130_fd_sc_hd__dfxtp_2)
     4    0.011273    0.051116    0.238854    0.238854 ^ _178_/Q (sky130_fd_sc_hd__dfxtp_2)
                                                         u_rip.gen_fa[4].fa.b (net)
                      0.051116    0.000000    0.238854 ^ _147_/A0 (sky130_fd_sc_hd__mux2_1)
     1    0.001786    0.023673    0.071666    0.310520 ^ _147_/X (sky130_fd_sc_hd__mux2_1)
                                                         _043_ (net)
                      0.023673    0.000000    0.310520 ^ _148_/B (sky130_fd_sc_hd__and2b_2)
     1    0.001748    0.020362    0.073208    0.383728 ^ _148_/X (sky130_fd_sc_hd__and2b_2)
                                                         _020_ (net)
                      0.020362    0.000000    0.383728 ^ _178_/D (sky130_fd_sc_hd__dfxtp_2)
                                              0.383728   data arrival time

                      0.150000    0.000000    0.000000   clock clk (rise edge)
                                  0.000000    0.000000   clock network delay (ideal)
                                  0.250000    0.250000   clock uncertainty
                                  0.000000    0.250000   clock reconvergence pessimism
                                              0.250000 ^ _178_/CLK (sky130_fd_sc_hd__dfxtp_2)
                                 -0.013720    0.236280   library hold time
                                              0.236280   data required time
---------------------------------------------------------------------------------------------
                                              0.236280   data required time
                                             -0.383728   data arrival time
---------------------------------------------------------------------------------------------
                                              0.147449   slack (MET)


Startpoint: _174_ (rising edge-triggered flip-flop clocked by clk)
Endpoint: _174_ (rising edge-triggered flip-flop clocked by clk)
Path Group: clk
Path Type: min

Fanout         Cap        Slew       Delay        Time   Description
---------------------------------------------------------------------------------------------
                      0.150000    0.000000    0.000000   clock clk (rise edge)
                                  0.000000    0.000000   clock network delay (ideal)
                      0.150000    0.000000    0.000000 ^ _174_/CLK (sky130_fd_sc_hd__dfxtp_2)
     4    0.012638    0.055825    0.242504    0.242504 ^ _174_/Q (sky130_fd_sc_hd__dfxtp_2)
                                                         u_rip.fa0.b (net)
                      0.055825    0.000000    0.242504 ^ _139_/A0 (sky130_fd_sc_hd__mux2_1)
     1    0.001786    0.023736    0.072787    0.315290 ^ _139_/X (sky130_fd_sc_hd__mux2_1)
                                                         _039_ (net)
                      0.023736    0.000000    0.315290 ^ _140_/B (sky130_fd_sc_hd__and2b_2)
     1    0.001748    0.020362    0.073223    0.388513 ^ _140_/X (sky130_fd_sc_hd__and2b_2)
                                                         _016_ (net)
                      0.020362    0.000000    0.388513 ^ _174_/D (sky130_fd_sc_hd__dfxtp_2)
                                              0.388513   data arrival time

                      0.150000    0.000000    0.000000   clock clk (rise edge)
                                  0.000000    0.000000   clock network delay (ideal)
                                  0.250000    0.250000   clock uncertainty
                                  0.000000    0.250000   clock reconvergence pessimism
                                              0.250000 ^ _174_/CLK (sky130_fd_sc_hd__dfxtp_2)
                                 -0.013720    0.236280   library hold time
                                              0.236280   data required time
---------------------------------------------------------------------------------------------
                                              0.236280   data required time
                                             -0.388513   data arrival time
---------------------------------------------------------------------------------------------
                                              0.152233   slack (MET)


Startpoint: _180_ (rising edge-triggered flip-flop clocked by clk)
Endpoint: _180_ (rising edge-triggered flip-flop clocked by clk)
Path Group: clk
Path Type: min

Fanout         Cap        Slew       Delay        Time   Description
---------------------------------------------------------------------------------------------
                      0.150000    0.000000    0.000000   clock clk (rise edge)
                                  0.000000    0.000000   clock network delay (ideal)
                      0.150000    0.000000    0.000000 ^ _180_/CLK (sky130_fd_sc_hd__dfxtp_2)
     4    0.013391    0.058423    0.244517    0.244517 ^ _180_/Q (sky130_fd_sc_hd__dfxtp_2)
                                                         u_rip.gen_fa[6].fa.b (net)
                      0.058423    0.000000    0.244517 ^ _151_/A0 (sky130_fd_sc_hd__mux2_1)
     1    0.001786    0.023799    0.073322    0.317839 ^ _151_/X (sky130_fd_sc_hd__mux2_1)
                                                         _045_ (net)
                      0.023799    0.000000    0.317839 ^ _152_/B (sky130_fd_sc_hd__and2b_2)
     1    0.001748    0.020362    0.073237    0.391077 ^ _152_/X (sky130_fd_sc_hd__and2b_2)
                                                         _022_ (net)
                      0.020362    0.000000    0.391077 ^ _180_/D (sky130_fd_sc_hd__dfxtp_2)
                                              0.391077   data arrival time

                      0.150000    0.000000    0.000000   clock clk (rise edge)
                                  0.000000    0.000000   clock network delay (ideal)
                                  0.250000    0.250000   clock uncertainty
                                  0.000000    0.250000   clock reconvergence pessimism
                                              0.250000 ^ _180_/CLK (sky130_fd_sc_hd__dfxtp_2)
                                 -0.013720    0.236280   library hold time
                                              0.236280   data required time
---------------------------------------------------------------------------------------------
                                              0.236280   data required time
                                             -0.391077   data arrival time
---------------------------------------------------------------------------------------------
                                              0.154797   slack (MET)


Startpoint: _167_ (rising edge-triggered flip-flop clocked by clk)
Endpoint: _167_ (rising edge-triggered flip-flop clocked by clk)
Path Group: clk
Path Type: min

Fanout         Cap        Slew       Delay        Time   Description
---------------------------------------------------------------------------------------------
                      0.150000    0.000000    0.000000   clock clk (rise edge)
                                  0.000000    0.000000   clock network delay (ideal)
                      0.150000    0.000000    0.000000 ^ _167_/CLK (sky130_fd_sc_hd__dfxtp_2)
     3    0.015456    0.065851    0.249902    0.249902 ^ _167_/Q (sky130_fd_sc_hd__dfxtp_2)
                                                         u_rip.gen_fa[1].fa.a (net)
                      0.065851    0.000000    0.249902 ^ _125_/A0 (sky130_fd_sc_hd__mux2_1)
     1    0.001786    0.023951    0.074854    0.324757 ^ _125_/X (sky130_fd_sc_hd__mux2_1)
                                                         _032_ (net)
                      0.023951    0.000000    0.324757 ^ _126_/B (sky130_fd_sc_hd__and2b_2)
     1    0.001748    0.020362    0.073273    0.398029 ^ _126_/X (sky130_fd_sc_hd__and2b_2)
                                                         _009_ (net)
                      0.020362    0.000000    0.398029 ^ _167_/D (sky130_fd_sc_hd__dfxtp_2)
                                              0.398029   data arrival time

                      0.150000    0.000000    0.000000   clock clk (rise edge)
                                  0.000000    0.000000   clock network delay (ideal)
                                  0.250000    0.250000   clock uncertainty
                                  0.000000    0.250000   clock reconvergence pessimism
                                              0.250000 ^ _167_/CLK (sky130_fd_sc_hd__dfxtp_2)
                                 -0.013720    0.236280   library hold time
                                              0.236280   data required time
---------------------------------------------------------------------------------------------
                                              0.236280   data required time
                                             -0.398029   data arrival time
---------------------------------------------------------------------------------------------
                                              0.161750   slack (MET)


Startpoint: _173_ (rising edge-triggered flip-flop clocked by clk)
Endpoint: _173_ (rising edge-triggered flip-flop clocked by clk)
Path Group: clk
Path Type: min

Fanout         Cap        Slew       Delay        Time   Description
---------------------------------------------------------------------------------------------
                      0.150000    0.000000    0.000000   clock clk (rise edge)
                                  0.000000    0.000000   clock network delay (ideal)
                      0.150000    0.000000    0.000000 ^ _173_/CLK (sky130_fd_sc_hd__dfxtp_2)
     3    0.015456    0.065851    0.249902    0.249902 ^ _173_/Q (sky130_fd_sc_hd__dfxtp_2)
                                                         u_rip.gen_fa[7].fa.a (net)
                      0.065851    0.000000    0.249902 ^ _137_/A0 (sky130_fd_sc_hd__mux2_1)
     1    0.001786    0.023951    0.074854    0.324757 ^ _137_/X (sky130_fd_sc_hd__mux2_1)
                                                         _038_ (net)
                      0.023951    0.000000    0.324757 ^ _138_/B (sky130_fd_sc_hd__and2b_2)
     1    0.001748    0.020362    0.073273    0.398029 ^ _138_/X (sky130_fd_sc_hd__and2b_2)
                                                         _015_ (net)
                      0.020362    0.000000    0.398029 ^ _173_/D (sky130_fd_sc_hd__dfxtp_2)
                                              0.398029   data arrival time

                      0.150000    0.000000    0.000000   clock clk (rise edge)
                                  0.000000    0.000000   clock network delay (ideal)
                                  0.250000    0.250000   clock uncertainty
                                  0.000000    0.250000   clock reconvergence pessimism
                                              0.250000 ^ _173_/CLK (sky130_fd_sc_hd__dfxtp_2)
                                 -0.013720    0.236280   library hold time
                                              0.236280   data required time
---------------------------------------------------------------------------------------------
                                              0.236280   data required time
                                             -0.398029   data arrival time
---------------------------------------------------------------------------------------------
                                              0.161750   slack (MET)


Startpoint: _169_ (rising edge-triggered flip-flop clocked by clk)
Endpoint: _169_ (rising edge-triggered flip-flop clocked by clk)
Path Group: clk
Path Type: min

Fanout         Cap        Slew       Delay        Time   Description
---------------------------------------------------------------------------------------------
                      0.150000    0.000000    0.000000   clock clk (rise edge)
                                  0.000000    0.000000   clock network delay (ideal)
                      0.150000    0.000000    0.000000 ^ _169_/CLK (sky130_fd_sc_hd__dfxtp_2)
     3    0.015625    0.066474    0.250336    0.250336 ^ _169_/Q (sky130_fd_sc_hd__dfxtp_2)
                                                         u_rip.gen_fa[3].fa.a (net)
                      0.066474    0.000000    0.250336 ^ _129_/A0 (sky130_fd_sc_hd__mux2_1)
     1    0.001786    0.023951    0.074983    0.325319 ^ _129_/X (sky130_fd_sc_hd__mux2_1)
                                                         _034_ (net)
                      0.023951    0.000000    0.325319 ^ _130_/B (sky130_fd_sc_hd__and2b_2)
     1    0.001748    0.020362    0.073273    0.398592 ^ _130_/X (sky130_fd_sc_hd__and2b_2)
                                                         _011_ (net)
                      0.020362    0.000000    0.398592 ^ _169_/D (sky130_fd_sc_hd__dfxtp_2)
                                              0.398592   data arrival time

                      0.150000    0.000000    0.000000   clock clk (rise edge)
                                  0.000000    0.000000   clock network delay (ideal)
                                  0.250000    0.250000   clock uncertainty
                                  0.000000    0.250000   clock reconvergence pessimism
                                              0.250000 ^ _169_/CLK (sky130_fd_sc_hd__dfxtp_2)
                                 -0.013720    0.236280   library hold time
                                              0.236280   data required time
---------------------------------------------------------------------------------------------
                                              0.236280   data required time
                                             -0.398592   data arrival time
---------------------------------------------------------------------------------------------
                                              0.162312   slack (MET)


Startpoint: _171_ (rising edge-triggered flip-flop clocked by clk)
Endpoint: _171_ (rising edge-triggered flip-flop clocked by clk)
Path Group: clk
Path Type: min

Fanout         Cap        Slew       Delay        Time   Description
---------------------------------------------------------------------------------------------
                      0.150000    0.000000    0.000000   clock clk (rise edge)
                                  0.000000    0.000000   clock network delay (ideal)
                      0.150000    0.000000    0.000000 ^ _171_/CLK (sky130_fd_sc_hd__dfxtp_2)
     3    0.015625    0.066474    0.250336    0.250336 ^ _171_/Q (sky130_fd_sc_hd__dfxtp_2)
                                                         u_rip.gen_fa[5].fa.a (net)
                      0.066474    0.000000    0.250336 ^ _133_/A0 (sky130_fd_sc_hd__mux2_1)
     1    0.001786    0.023951    0.074983    0.325319 ^ _133_/X (sky130_fd_sc_hd__mux2_1)
                                                         _036_ (net)
                      0.023951    0.000000    0.325319 ^ _134_/B (sky130_fd_sc_hd__and2b_2)
     1    0.001748    0.020362    0.073273    0.398592 ^ _134_/X (sky130_fd_sc_hd__and2b_2)
                                                         _013_ (net)
                      0.020362    0.000000    0.398592 ^ _171_/D (sky130_fd_sc_hd__dfxtp_2)
                                              0.398592   data arrival time

                      0.150000    0.000000    0.000000   clock clk (rise edge)
                                  0.000000    0.000000   clock network delay (ideal)
                                  0.250000    0.250000   clock uncertainty
                                  0.000000    0.250000   clock reconvergence pessimism
                                              0.250000 ^ _171_/CLK (sky130_fd_sc_hd__dfxtp_2)
                                 -0.013720    0.236280   library hold time
                                              0.236280   data required time
---------------------------------------------------------------------------------------------
                                              0.236280   data required time
                                             -0.398592   data arrival time
---------------------------------------------------------------------------------------------
                                              0.162312   slack (MET)


Startpoint: _183_ (rising edge-triggered flip-flop clocked by clk)
Endpoint: cout (output port clocked by clk)
Path Group: clk
Path Type: min

Fanout         Cap        Slew       Delay        Time   Description
---------------------------------------------------------------------------------------------
                      0.150000    0.000000    0.000000   clock clk (rise edge)
                                  0.000000    0.000000   clock network delay (ideal)
                      0.150000    0.000000    0.000000 ^ _183_/CLK (sky130_fd_sc_hd__dfxtp_2)
     1    0.033442    0.061636    0.264620    0.264620 v _183_/Q (sky130_fd_sc_hd__dfxtp_2)
                                                         cout (net)
                      0.061636    0.000000    0.264620 v cout (out)
                                              0.264620   data arrival time

                      0.150000    0.000000    0.000000   clock clk (rise edge)
                                  0.000000    0.000000   clock network delay (ideal)
                                  0.250000    0.250000   clock uncertainty
                                  0.000000    0.250000   clock reconvergence pessimism
                                 -5.000000   -4.750000   output external delay
                                             -4.750000   data required time
---------------------------------------------------------------------------------------------
                                             -4.750000   data required time
                                             -0.264620   data arrival time
---------------------------------------------------------------------------------------------
                                              5.014620   slack (MET)


Startpoint: _158_ (rising edge-triggered flip-flop clocked by clk)
Endpoint: sum[0] (output port clocked by clk)
Path Group: clk
Path Type: min

Fanout         Cap        Slew       Delay        Time   Description
---------------------------------------------------------------------------------------------
                      0.150000    0.000000    0.000000   clock clk (rise edge)
                                  0.000000    0.000000   clock network delay (ideal)
                      0.150000    0.000000    0.000000 ^ _158_/CLK (sky130_fd_sc_hd__dfxtp_2)
     1    0.033442    0.061636    0.264620    0.264620 v _158_/Q (sky130_fd_sc_hd__dfxtp_2)
                                                         sum[0] (net)
                      0.061636    0.000000    0.264620 v sum[0] (out)
                                              0.264620   data arrival time

                      0.150000    0.000000    0.000000   clock clk (rise edge)
                                  0.000000    0.000000   clock network delay (ideal)
                                  0.250000    0.250000   clock uncertainty
                                  0.000000    0.250000   clock reconvergence pessimism
                                 -5.000000   -4.750000   output external delay
                                             -4.750000   data required time
---------------------------------------------------------------------------------------------
                                             -4.750000   data required time
                                             -0.264620   data arrival time
---------------------------------------------------------------------------------------------
                                              5.014620   slack (MET)


Startpoint: _159_ (rising edge-triggered flip-flop clocked by clk)
Endpoint: sum[1] (output port clocked by clk)
Path Group: clk
Path Type: min

Fanout         Cap        Slew       Delay        Time   Description
---------------------------------------------------------------------------------------------
                      0.150000    0.000000    0.000000   clock clk (rise edge)
                                  0.000000    0.000000   clock network delay (ideal)
                      0.150000    0.000000    0.000000 ^ _159_/CLK (sky130_fd_sc_hd__dfxtp_2)
     1    0.033442    0.061636    0.264620    0.264620 v _159_/Q (sky130_fd_sc_hd__dfxtp_2)
                                                         sum[1] (net)
                      0.061636    0.000000    0.264620 v sum[1] (out)
                                              0.264620   data arrival time

                      0.150000    0.000000    0.000000   clock clk (rise edge)
                                  0.000000    0.000000   clock network delay (ideal)
                                  0.250000    0.250000   clock uncertainty
                                  0.000000    0.250000   clock reconvergence pessimism
                                 -5.000000   -4.750000   output external delay
                                             -4.750000   data required time
---------------------------------------------------------------------------------------------
                                             -4.750000   data required time
                                             -0.264620   data arrival time
---------------------------------------------------------------------------------------------
                                              5.014620   slack (MET)


Startpoint: _160_ (rising edge-triggered flip-flop clocked by clk)
Endpoint: sum[2] (output port clocked by clk)
Path Group: clk
Path Type: min

Fanout         Cap        Slew       Delay        Time   Description
---------------------------------------------------------------------------------------------
                      0.150000    0.000000    0.000000   clock clk (rise edge)
                                  0.000000    0.000000   clock network delay (ideal)
                      0.150000    0.000000    0.000000 ^ _160_/CLK (sky130_fd_sc_hd__dfxtp_2)
     1    0.033442    0.061636    0.264620    0.264620 v _160_/Q (sky130_fd_sc_hd__dfxtp_2)
                                                         sum[2] (net)
                      0.061636    0.000000    0.264620 v sum[2] (out)
                                              0.264620   data arrival time

                      0.150000    0.000000    0.000000   clock clk (rise edge)
                                  0.000000    0.000000   clock network delay (ideal)
                                  0.250000    0.250000   clock uncertainty
                                  0.000000    0.250000   clock reconvergence pessimism
                                 -5.000000   -4.750000   output external delay
                                             -4.750000   data required time
---------------------------------------------------------------------------------------------
                                             -4.750000   data required time
                                             -0.264620   data arrival time
---------------------------------------------------------------------------------------------
                                              5.014620   slack (MET)


Startpoint: _161_ (rising edge-triggered flip-flop clocked by clk)
Endpoint: sum[3] (output port clocked by clk)
Path Group: clk
Path Type: min

Fanout         Cap        Slew       Delay        Time   Description
---------------------------------------------------------------------------------------------
                      0.150000    0.000000    0.000000   clock clk (rise edge)
                                  0.000000    0.000000   clock network delay (ideal)
                      0.150000    0.000000    0.000000 ^ _161_/CLK (sky130_fd_sc_hd__dfxtp_2)
     1    0.033442    0.061636    0.264620    0.264620 v _161_/Q (sky130_fd_sc_hd__dfxtp_2)
                                                         sum[3] (net)
                      0.061636    0.000000    0.264620 v sum[3] (out)
                                              0.264620   data arrival time

                      0.150000    0.000000    0.000000   clock clk (rise edge)
                                  0.000000    0.000000   clock network delay (ideal)
                                  0.250000    0.250000   clock uncertainty
                                  0.000000    0.250000   clock reconvergence pessimism
                                 -5.000000   -4.750000   output external delay
                                             -4.750000   data required time
---------------------------------------------------------------------------------------------
                                             -4.750000   data required time
                                             -0.264620   data arrival time
---------------------------------------------------------------------------------------------
                                              5.014620   slack (MET)


Startpoint: _162_ (rising edge-triggered flip-flop clocked by clk)
Endpoint: sum[4] (output port clocked by clk)
Path Group: clk
Path Type: min

Fanout         Cap        Slew       Delay        Time   Description
---------------------------------------------------------------------------------------------
                      0.150000    0.000000    0.000000   clock clk (rise edge)
                                  0.000000    0.000000   clock network delay (ideal)
                      0.150000    0.000000    0.000000 ^ _162_/CLK (sky130_fd_sc_hd__dfxtp_2)
     1    0.033442    0.061636    0.264620    0.264620 v _162_/Q (sky130_fd_sc_hd__dfxtp_2)
                                                         sum[4] (net)
                      0.061636    0.000000    0.264620 v sum[4] (out)
                                              0.264620   data arrival time

                      0.150000    0.000000    0.000000   clock clk (rise edge)
                                  0.000000    0.000000   clock network delay (ideal)
                                  0.250000    0.250000   clock uncertainty
                                  0.000000    0.250000   clock reconvergence pessimism
                                 -5.000000   -4.750000   output external delay
                                             -4.750000   data required time
---------------------------------------------------------------------------------------------
                                             -4.750000   data required time
                                             -0.264620   data arrival time
---------------------------------------------------------------------------------------------
                                              5.014620   slack (MET)


Startpoint: _163_ (rising edge-triggered flip-flop clocked by clk)
Endpoint: sum[5] (output port clocked by clk)
Path Group: clk
Path Type: min

Fanout         Cap        Slew       Delay        Time   Description
---------------------------------------------------------------------------------------------
                      0.150000    0.000000    0.000000   clock clk (rise edge)
                                  0.000000    0.000000   clock network delay (ideal)
                      0.150000    0.000000    0.000000 ^ _163_/CLK (sky130_fd_sc_hd__dfxtp_2)
     1    0.033442    0.061636    0.264620    0.264620 v _163_/Q (sky130_fd_sc_hd__dfxtp_2)
                                                         sum[5] (net)
                      0.061636    0.000000    0.264620 v sum[5] (out)
                                              0.264620   data arrival time

                      0.150000    0.000000    0.000000   clock clk (rise edge)
                                  0.000000    0.000000   clock network delay (ideal)
                                  0.250000    0.250000   clock uncertainty
                                  0.000000    0.250000   clock reconvergence pessimism
                                 -5.000000   -4.750000   output external delay
                                             -4.750000   data required time
---------------------------------------------------------------------------------------------
                                             -4.750000   data required time
                                             -0.264620   data arrival time
---------------------------------------------------------------------------------------------
                                              5.014620   slack (MET)


Startpoint: _164_ (rising edge-triggered flip-flop clocked by clk)
Endpoint: sum[6] (output port clocked by clk)
Path Group: clk
Path Type: min

Fanout         Cap        Slew       Delay        Time   Description
---------------------------------------------------------------------------------------------
                      0.150000    0.000000    0.000000   clock clk (rise edge)
                                  0.000000    0.000000   clock network delay (ideal)
                      0.150000    0.000000    0.000000 ^ _164_/CLK (sky130_fd_sc_hd__dfxtp_2)
     1    0.033442    0.061636    0.264620    0.264620 v _164_/Q (sky130_fd_sc_hd__dfxtp_2)
                                                         sum[6] (net)
                      0.061636    0.000000    0.264620 v sum[6] (out)
                                              0.264620   data arrival time

                      0.150000    0.000000    0.000000   clock clk (rise edge)
                                  0.000000    0.000000   clock network delay (ideal)
                                  0.250000    0.250000   clock uncertainty
                                  0.000000    0.250000   clock reconvergence pessimism
                                 -5.000000   -4.750000   output external delay
                                             -4.750000   data required time
---------------------------------------------------------------------------------------------
                                             -4.750000   data required time
                                             -0.264620   data arrival time
---------------------------------------------------------------------------------------------
                                              5.014620   slack (MET)


Startpoint: _165_ (rising edge-triggered flip-flop clocked by clk)
Endpoint: sum[7] (output port clocked by clk)
Path Group: clk
Path Type: min

Fanout         Cap        Slew       Delay        Time   Description
---------------------------------------------------------------------------------------------
                      0.150000    0.000000    0.000000   clock clk (rise edge)
                                  0.000000    0.000000   clock network delay (ideal)
                      0.150000    0.000000    0.000000 ^ _165_/CLK (sky130_fd_sc_hd__dfxtp_2)
     1    0.033442    0.061636    0.264620    0.264620 v _165_/Q (sky130_fd_sc_hd__dfxtp_2)
                                                         sum[7] (net)
                      0.061636    0.000000    0.264620 v sum[7] (out)
                                              0.264620   data arrival time

                      0.150000    0.000000    0.000000   clock clk (rise edge)
                                  0.000000    0.000000   clock network delay (ideal)
                                  0.250000    0.250000   clock uncertainty
                                  0.000000    0.250000   clock reconvergence pessimism
                                 -5.000000   -4.750000   output external delay
                                             -4.750000   data required time
---------------------------------------------------------------------------------------------
                                             -4.750000   data required time
                                             -0.264620   data arrival time
---------------------------------------------------------------------------------------------
                                              5.014620   slack (MET)



