Clock: clk
Sources: clk 
Generated: no
Virtual: yes
Propagated: no
Period: 25.000000

===========================================================================
report_clock_properties
============================================================================
Clock                   Period          Waveform
----------------------------------------------------
clk                  25.000000    0.000000 12.500000

===========================================================================
report_clock_latency
============================================================================
Clock clk
rise -> rise
    min     max
0.000000 0.000000 source latency
0.532299         network latency _161_/CLK
        0.536824 network latency _150_/CLK
---------------
0.532299 0.536824 latency
        0.004525 skew

fall -> fall
    min     max
0.000000 0.000000 source latency
0.543665         network latency _161_/CLK
        0.547483 network latency _150_/CLK
---------------
0.543665 0.547483 latency
        0.003818 skew



===========================================================================
report_clock_min_period
============================================================================
clk period_min = 6.78 fmax = 147.41
