Clock: clk
Sources: clk 
Generated: no
Virtual: yes
Propagated: no
Period: 25.000000

===========================================================================
report_clock_properties
============================================================================
Clock                   Period          Waveform
----------------------------------------------------
clk                  25.000000    0.000000 12.500000

===========================================================================
report_clock_latency
============================================================================
Clock clk
rise -> rise
    min     max
0.000000 0.000000 source latency
0.566668         network latency _178_/CLK
        0.574179 network latency _166_/CLK
---------------
0.566668 0.574179 latency
        0.007511 skew

fall -> fall
    min     max
0.000000 0.000000 source latency
0.567069         network latency _178_/CLK
        0.573654 network latency _166_/CLK
---------------
0.567069 0.573654 latency
        0.006585 skew



===========================================================================
report_clock_min_period
============================================================================
clk period_min = 8.02 fmax = 124.66
