Clock: clk
Sources: clk 
Generated: no
Virtual: yes
Propagated: no
Period: 25.000000

===========================================================================
report_clock_properties
============================================================================
Clock                   Period          Waveform
----------------------------------------------------
clk                  25.000000    0.000000 12.500000

===========================================================================
report_clock_latency
============================================================================
Clock clk
rise -> rise
    min     max
0.000000 0.000000 source latency
0.311443         network latency _165_/CLK
        0.312238 network latency _182_/CLK
---------------
0.311443 0.312238 latency
        0.000794 skew

fall -> fall
    min     max
0.000000 0.000000 source latency
0.308152         network latency _165_/CLK
        0.308941 network latency _182_/CLK
---------------
0.308152 0.308941 latency
        0.000790 skew



===========================================================================
report_clock_min_period
============================================================================
clk period_min = 4.11 fmax = 243.39
