Clock: clk
Sources: clk 
Generated: no
Virtual: yes
Propagated: no
Period: 25.000000

===========================================================================
report_clock_properties
============================================================================
Clock                   Period          Waveform
----------------------------------------------------
clk                  25.000000    0.000000 12.500000

===========================================================================
report_clock_latency
============================================================================
Clock clk
rise -> rise
    min     max
0.000000 0.000000 source latency
0.592316         network latency _308_/CLK
        0.595389 network latency _295_/CLK
---------------
0.592316 0.595389 latency
        0.003073 skew

fall -> fall
    min     max
0.000000 0.000000 source latency
0.584724         network latency _308_/CLK
        0.587578 network latency _295_/CLK
---------------
0.584724 0.587578 latency
        0.002854 skew



===========================================================================
report_clock_min_period
============================================================================
clk period_min = 9.10 fmax = 109.85
