Clock: clk
Sources: clk 
Generated: no
Virtual: yes
Propagated: no
Period: 25.000000

===========================================================================
report_clock_properties
============================================================================
Clock                   Period          Waveform
----------------------------------------------------
clk                  25.000000    0.000000 12.500000

===========================================================================
report_clock_latency
============================================================================
Clock clk
rise -> rise
    min     max
0.000000 0.000000 source latency
0.322896         network latency _178_/CLK
        0.326766 network latency _166_/CLK
---------------
0.322896 0.326766 latency
        0.003870 skew

fall -> fall
    min     max
0.000000 0.000000 source latency
0.314649         network latency _178_/CLK
        0.317804 network latency _166_/CLK
---------------
0.314649 0.317804 latency
        0.003155 skew



===========================================================================
report_clock_min_period
============================================================================
clk period_min = 4.19 fmax = 238.68
