Reading timing models for corner nom_tt_025C_1v80…
Reading timing library for the 'nom_tt_025C_1v80' corner at '/Users/prahalad/.volare/volare/sky130/versions/0fe599b2afb6708d281543108caf8310912f54af/sky130A/libs.ref/sky130_fd_sc_hd/lib/sky130_fd_sc_hd__tt_025C_1v80.lib'…
Reading timing models for corner nom_ff_n40C_1v95…
Reading timing library for the 'nom_ff_n40C_1v95' corner at '/Users/prahalad/.volare/volare/sky130/versions/0fe599b2afb6708d281543108caf8310912f54af/sky130A/libs.ref/sky130_fd_sc_hd/lib/sky130_fd_sc_hd__ff_n40C_1v95.lib'…
Reading timing models for corner nom_ss_100C_1v60…
Reading timing library for the 'nom_ss_100C_1v60' corner at '/Users/prahalad/.volare/volare/sky130/versions/0fe599b2afb6708d281543108caf8310912f54af/sky130A/libs.ref/sky130_fd_sc_hd/lib/sky130_fd_sc_hd__ss_100C_1v60.lib'…
Reading OpenROAD database at '/Users/prahalad/ReversableGate/openlane/conventional-carry-select-openlane/runs/RUN_2025-11-05_20-14-14/34-openroad-cts/carry_select_wrapper.odb'…
Reading design constraints file at '/nix/store/4an8h2zgjvxb79xycic0fl63w2yk470s-python3-3.11.9-env/lib/python3.11/site-packages/openlane/scripts/base.sdc'…
[INFO] Using clock clk…
[INFO] Setting output delay to: 5
[INFO] Setting input delay to: 5
[INFO] Setting load to: 0.033442
[INFO] Setting clock uncertainty to: 0.25
[INFO] Setting clock transition to: 0.1499999999999999944488848768742172978818416595458984375
[INFO] Setting timing derate to: 5%
[INFO] Setting RC values…
[INFO RSZ-0098] No setup violations found
[INFO RSZ-0046] Found 4 endpoints with hold violations.
Iteration | Resized | Buffers | Cloned Gates |   WNS   |   TNS   | Endpoint
---------------------------------------------------------------------------
        0 |       0 |       0 |            0 |   0.043 |   0.000 | _146_/D
    final |       0 |       5 |            0 |   0.108 |   0.000 | _145_/D
---------------------------------------------------------------------------
[INFO RSZ-0032] Inserted 5 hold buffers.
Placement Analysis
---------------------------------
total displacement         26.6 u
average displacement        0.1 u
max displacement            6.4 u
original HPWL            1581.4 u
legalized HPWL           1672.9 u
delta HPWL                    6 %

[INFO DPL-0020] Mirrored 61 instances
[INFO DPL-0021] HPWL before            1672.9 u
[INFO DPL-0022] HPWL after             1605.8 u
[INFO DPL-0023] HPWL delta               -4.0 %
[INFO] Setting RC values…
Setting global connections for newly added cells…
[INFO] Setting global connections...
Updating metrics…
Cell type report:                       Count       Area
  Fill cell                                36     135.13
  Tap cell                                 30      37.54
  Clock buffer                              3      75.07
  Timing Repair Buffer                     35     185.18
  Inverter                                 28     105.10
  Sequential cell                          26     650.62
  Multi-Input combinational cell           49     329.07
  Total                                   207    1517.71
Writing OpenROAD database to '/Users/prahalad/ReversableGate/openlane/conventional-carry-select-openlane/runs/RUN_2025-11-05_20-14-14/36-openroad-resizertimingpostcts/carry_select_wrapper.odb'…
Writing netlist to '/Users/prahalad/ReversableGate/openlane/conventional-carry-select-openlane/runs/RUN_2025-11-05_20-14-14/36-openroad-resizertimingpostcts/carry_select_wrapper.nl.v'…
Writing powered netlist to '/Users/prahalad/ReversableGate/openlane/conventional-carry-select-openlane/runs/RUN_2025-11-05_20-14-14/36-openroad-resizertimingpostcts/carry_select_wrapper.pnl.v'…
Writing layout to '/Users/prahalad/ReversableGate/openlane/conventional-carry-select-openlane/runs/RUN_2025-11-05_20-14-14/36-openroad-resizertimingpostcts/carry_select_wrapper.def'…
Writing timing constraints to '/Users/prahalad/ReversableGate/openlane/conventional-carry-select-openlane/runs/RUN_2025-11-05_20-14-14/36-openroad-resizertimingpostcts/carry_select_wrapper.sdc'…
