Clock: clk
Sources: clk 
Generated: no
Virtual: yes
Propagated: no
Period: 25.000000

===========================================================================
report_clock_properties
============================================================================
Clock                   Period          Waveform
----------------------------------------------------
clk                  25.000000    0.000000 12.500000

===========================================================================
report_clock_latency
============================================================================
Clock clk
rise -> rise
    min     max
0.000000 0.000000 source latency
0.237984         network latency _308_/CLK
        0.239991 network latency _322_/CLK
---------------
0.237984 0.239991 latency
        0.002007 skew

fall -> fall
    min     max
0.000000 0.000000 source latency
0.224698         network latency _308_/CLK
        0.226379 network latency _322_/CLK
---------------
0.224698 0.226379 latency
        0.001680 skew



===========================================================================
report_clock_min_period
============================================================================
clk period_min = 2.70 fmax = 370.96
