
===========================================================================
report_checks -unconstrained
===========================================================================
======================= nom_ss_100C_1v60 Corner ===================================

Startpoint: reset (input port clocked by clk)
Endpoint: _160_ (recovery check against rising-edge clock clk)
Path Group: asynchronous
Path Type: max

Fanout         Cap        Slew       Delay        Time   Description
---------------------------------------------------------------------------------------------
                                  0.000000    0.000000   clock clk (rise edge)
                                  0.000000    0.000000   clock network delay (propagated)
                                  5.000000    5.000000 v input external delay
     1    0.003107    0.019639    0.010199    5.010199 v reset (in)
                                                         reset (net)
                      0.019639    0.000000    5.010199 v input18/A (sky130_fd_sc_hd__clkbuf_1)
     1    0.002261    0.045022    0.132308    5.142508 v input18/X (sky130_fd_sc_hd__clkbuf_1)
                                                         net18 (net)
                      0.045022    0.000044    5.142552 v fanout30/A (sky130_fd_sc_hd__clkbuf_4)
     8    0.041025    0.160198    0.329950    5.472502 v fanout30/X (sky130_fd_sc_hd__clkbuf_4)
                                                         net30 (net)
                      0.160201    0.001033    5.473534 v fanout28/A (sky130_fd_sc_hd__buf_4)
    10    0.056649    0.146901    0.384481    5.858015 v fanout28/X (sky130_fd_sc_hd__buf_4)
                                                         net28 (net)
                      0.146981    0.003156    5.861171 v _134_/A (sky130_fd_sc_hd__inv_2)
     1    0.004284    0.058379    0.104401    5.965573 ^ _134_/Y (sky130_fd_sc_hd__inv_2)
                                                         _015_ (net)
                      0.058379    0.000098    5.965671 ^ _160_/RESET_B (sky130_fd_sc_hd__dfrtp_1)
                                              5.965671   data arrival time

                                 25.000000   25.000000   clock clk (rise edge)
                                  0.000000   25.000000   clock source latency
     1    0.012306    0.096932    0.063919   25.063917 ^ clk (in)
                                                         clk (net)
                      0.096933    0.000000   25.063917 ^ clkbuf_0_clk/A (sky130_fd_sc_hd__clkbuf_16)
     2    0.018571    0.065649    0.231760   25.295677 ^ clkbuf_0_clk/X (sky130_fd_sc_hd__clkbuf_16)
                                                         clknet_0_clk (net)
                      0.065649    0.000544   25.296221 ^ clkbuf_1_0__f_clk/A (sky130_fd_sc_hd__clkbuf_16)
    13    0.035076    0.087494    0.240680   25.536901 ^ clkbuf_1_0__f_clk/X (sky130_fd_sc_hd__clkbuf_16)
                                                         clknet_1_0__leaf_clk (net)
                      0.087503    0.000945   25.537846 ^ _160_/CLK (sky130_fd_sc_hd__dfrtp_1)
                                 -0.250000   25.287848   clock uncertainty
                                  0.000000   25.287848   clock reconvergence pessimism
                                  0.472709   25.760557   library recovery time
                                             25.760557   data required time
---------------------------------------------------------------------------------------------
                                             25.760557   data required time
                                             -5.965671   data arrival time
---------------------------------------------------------------------------------------------
                                             19.794886   slack (MET)


Startpoint: _147_ (rising edge-triggered flip-flop clocked by clk)
Endpoint: sum[2] (output port clocked by clk)
Path Group: clk
Path Type: max

Fanout         Cap        Slew       Delay        Time   Description
---------------------------------------------------------------------------------------------
                                  0.000000    0.000000   clock clk (rise edge)
                                  0.000000    0.000000   clock source latency
     1    0.012306    0.096932    0.063919    0.063919 ^ clk (in)
                                                         clk (net)
                      0.096933    0.000000    0.063919 ^ clkbuf_0_clk/A (sky130_fd_sc_hd__clkbuf_16)
     2    0.018571    0.065649    0.231759    0.295679 ^ clkbuf_0_clk/X (sky130_fd_sc_hd__clkbuf_16)
                                                         clknet_0_clk (net)
                      0.065649    0.000510    0.296188 ^ clkbuf_1_1__f_clk/A (sky130_fd_sc_hd__clkbuf_16)
    13    0.038612    0.092633    0.245806    0.541994 ^ clkbuf_1_1__f_clk/X (sky130_fd_sc_hd__clkbuf_16)
                                                         clknet_1_1__leaf_clk (net)
                      0.092638    0.000801    0.542796 ^ _147_/CLK (sky130_fd_sc_hd__dfrtp_1)
     1    0.003071    0.077947    0.743829    1.286625 v _147_/Q (sky130_fd_sc_hd__dfrtp_1)
                                                         net22 (net)
                      0.077947    0.000095    1.286719 v output22/A (sky130_fd_sc_hd__buf_2)
     1    0.034814    0.168066    0.349889    1.636609 v output22/X (sky130_fd_sc_hd__buf_2)
                                                         sum[2] (net)
                      0.168067    0.000765    1.637374 v sum[2] (out)
                                              1.637374   data arrival time

                                 25.000000   25.000000   clock clk (rise edge)
                                  0.000000   25.000000   clock network delay (propagated)
                                 -0.250000   24.750000   clock uncertainty
                                  0.000000   24.750000   clock reconvergence pessimism
                                 -5.000000   19.750000   output external delay
                                             19.750000   data required time
---------------------------------------------------------------------------------------------
                                             19.750000   data required time
                                             -1.637374   data arrival time
---------------------------------------------------------------------------------------------
                                             18.112627   slack (MET)




===========================================================================
report_checks --slack_max -0.01
============================================================================
======================= nom_ss_100C_1v60 Corner ===================================

No paths found.


===========================================================================
 report_check_types -max_slew -max_cap -max_fanout -violators
============================================================================
======================= nom_ss_100C_1v60 Corner ===================================

max fanout

Pin                                   Limit Fanout  Slack
---------------------------------------------------------
clkbuf_1_0__f_clk/X                      10     13     -3 (VIOLATED)
clkbuf_1_1__f_clk/X                      10     13     -3 (VIOLATED)



===========================================================================
report_parasitic_annotation -report_unannotated
============================================================================
Found 0 unannotated drivers.
Found 0 partially unannotated drivers.

===========================================================================
max slew violation count 0
max fanout violation count 2
max cap violation count 0
============================================================================

===========================================================================
check_setup -verbose -unconstrained_endpoints -multiple_clock -no_clock -no_input_delay -loops -generated_clocks
===========================================================================
