Clock: clk
Sources: clk 
Generated: no
Virtual: yes
Propagated: no
Period: 25.000000

===========================================================================
report_clock_properties
============================================================================
Clock                   Period          Waveform
----------------------------------------------------
clk                  25.000000    0.000000 12.500000

===========================================================================
report_clock_latency
============================================================================
Clock clk
rise -> rise
    min     max
0.000000 0.000000 source latency
0.537773         network latency _161_/CLK
        0.543010 network latency _163_/CLK
---------------
0.537773 0.543010 latency
        0.005238 skew

fall -> fall
    min     max
0.000000 0.000000 source latency
0.547632         network latency _161_/CLK
        0.552054 network latency _163_/CLK
---------------
0.547632 0.552054 latency
        0.004422 skew



===========================================================================
report_clock_min_period
============================================================================
clk period_min = 6.84 fmax = 146.18
