Clock: clk
Sources: clk 
Generated: no
Virtual: yes
Propagated: no
Period: 25.000000

===========================================================================
report_clock_properties
============================================================================
Clock                   Period          Waveform
----------------------------------------------------
clk                  25.000000    0.000000 12.500000

===========================================================================
report_clock_latency
============================================================================
Clock clk
rise -> rise
    min     max
0.000000 0.000000 source latency
0.224194         network latency _178_/CLK
        0.227379 network latency _166_/CLK
---------------
0.224194 0.227379 latency
        0.003185 skew

fall -> fall
    min     max
0.000000 0.000000 source latency
0.214087         network latency _178_/CLK
        0.216658 network latency _166_/CLK
---------------
0.214087 0.216658 latency
        0.002570 skew



===========================================================================
report_clock_min_period
============================================================================
clk period_min = 2.79 fmax = 358.82
