
===========================================================================
report_checks -unconstrained
===========================================================================
======================= nom_ss_100C_1v60 Corner ===================================

Startpoint: _182_ (rising edge-triggered flip-flop clocked by clk)
Endpoint: _183_ (rising edge-triggered flip-flop clocked by clk)
Path Group: clk
Path Type: max

Fanout         Cap        Slew       Delay        Time   Description
---------------------------------------------------------------------------------------------
                                  0.000000    0.000000   clock clk (rise edge)
                                  0.000000    0.000000   clock source latency
     1    0.014213    0.110034    0.073425    0.073425 ^ clk (in)
                                                         clk (net)
                      0.110036    0.000000    0.073425 ^ clkbuf_0_clk/A (sky130_fd_sc_hd__clkbuf_16)
     2    0.020072    0.067520    0.239883    0.313308 ^ clkbuf_0_clk/X (sky130_fd_sc_hd__clkbuf_16)
                                                         clknet_0_clk (net)
                      0.067536    0.000663    0.313972 ^ clkbuf_1_0__f_clk/A (sky130_fd_sc_hd__clkbuf_16)
    14    0.040471    0.095412    0.249131    0.563103 ^ clkbuf_1_0__f_clk/X (sky130_fd_sc_hd__clkbuf_16)
                                                         clknet_1_0__leaf_clk (net)
                      0.095437    0.001472    0.564575 ^ _182_/CLK (sky130_fd_sc_hd__dfxtp_1)
     3    0.006507    0.077052    0.613696    1.178271 v _182_/Q (sky130_fd_sc_hd__dfxtp_1)
                                                         cin_r (net)
                      0.077052    0.000080    1.178351 v _079_/A (sky130_fd_sc_hd__or2_1)
     3    0.008475    0.145571    0.559997    1.738348 v _079_/X (sky130_fd_sc_hd__or2_1)
                                                         _048_ (net)
                      0.145571    0.000188    1.738536 v _084_/A2 (sky130_fd_sc_hd__a21boi_1)
     2    0.008509    0.339017    0.390823    2.129360 ^ _084_/Y (sky130_fd_sc_hd__a21boi_1)
                                                         _052_ (net)
                      0.339017    0.000279    2.129638 ^ _086_/B (sky130_fd_sc_hd__xnor2_1)
     2    0.007605    0.340533    0.345439    2.475078 ^ _086_/Y (sky130_fd_sc_hd__xnor2_1)
                                                         _054_ (net)
                      0.340533    0.000143    2.475220 ^ _088_/B (sky130_fd_sc_hd__nand2_1)
     3    0.009247    0.181936    0.281362    2.756582 v _088_/Y (sky130_fd_sc_hd__nand2_1)
                                                         _056_ (net)
                      0.181936    0.000261    2.756843 v _091_/A2 (sky130_fd_sc_hd__a21bo_1)
     2    0.004248    0.074324    0.396691    3.153533 v _091_/X (sky130_fd_sc_hd__a21bo_1)
                                                         _058_ (net)
                      0.074324    0.000103    3.153637 v _095_/B1_N (sky130_fd_sc_hd__a21bo_1)
     2    0.008407    0.129626    0.390215    3.543852 ^ _095_/X (sky130_fd_sc_hd__a21bo_1)
                                                         _061_ (net)
                      0.129626    0.000212    3.544064 ^ _097_/B (sky130_fd_sc_hd__xor2_1)
     2    0.005593    0.262002    0.328395    3.872458 ^ _097_/X (sky130_fd_sc_hd__xor2_1)
                                                         _063_ (net)
                      0.262002    0.000092    3.872550 ^ _099_/B (sky130_fd_sc_hd__nand2_1)
     3    0.008841    0.167434    0.249177    4.121727 v _099_/Y (sky130_fd_sc_hd__nand2_1)
                                                         _065_ (net)
                      0.167434    0.000281    4.122009 v _102_/A2 (sky130_fd_sc_hd__a21bo_1)
     2    0.005353    0.082897    0.400638    4.522646 v _102_/X (sky130_fd_sc_hd__a21bo_1)
                                                         _067_ (net)
                      0.082897    0.000134    4.522780 v _106_/B1_N (sky130_fd_sc_hd__a21bo_1)
     2    0.011252    0.164701    0.420209    4.942989 ^ _106_/X (sky130_fd_sc_hd__a21bo_1)
                                                         _070_ (net)
                      0.164701    0.000466    4.943455 ^ _108_/B (sky130_fd_sc_hd__xor2_1)
     2    0.004992    0.244980    0.328418    5.271873 ^ _108_/X (sky130_fd_sc_hd__xor2_1)
                                                         _072_ (net)
                      0.244980    0.000107    5.271979 ^ _110_/B (sky130_fd_sc_hd__nand2_1)
     3    0.008017    0.153344    0.233368    5.505348 v _110_/Y (sky130_fd_sc_hd__nand2_1)
                                                         _074_ (net)
                      0.153344    0.000268    5.505616 v _113_/A2 (sky130_fd_sc_hd__a21bo_1)
     2    0.004087    0.072925    0.383280    5.888896 v _113_/X (sky130_fd_sc_hd__a21bo_1)
                                                         _076_ (net)
                      0.072925    0.000123    5.889019 v _117_/B1_N (sky130_fd_sc_hd__a21boi_1)
     2    0.007495    0.155067    0.290614    6.179632 v _117_/Y (sky130_fd_sc_hd__a21boi_1)
                                                         _026_ (net)
                      0.155067    0.000152    6.179784 v _119_/B (sky130_fd_sc_hd__xnor2_1)
     2    0.007682    0.343043    0.369959    6.549743 ^ _119_/Y (sky130_fd_sc_hd__xnor2_1)
                                                         _028_ (net)
                      0.343043    0.000225    6.549967 ^ _121_/B (sky130_fd_sc_hd__nand2_1)
     2    0.005907    0.133410    0.238893    6.788861 v _121_/Y (sky130_fd_sc_hd__nand2_1)
                                                         _030_ (net)
                      0.133410    0.000142    6.789003 v _157_/A2 (sky130_fd_sc_hd__a21oi_1)
     1    0.003141    0.177802    0.260496    7.049499 ^ _157_/Y (sky130_fd_sc_hd__a21oi_1)
                                                         _025_ (net)
                      0.177802    0.000101    7.049600 ^ hold6/A (sky130_fd_sc_hd__dlygate4sd3_1)
     1    0.002037    0.083213    1.072035    8.121635 ^ hold6/X (sky130_fd_sc_hd__dlygate4sd3_1)
                                                         net39 (net)
                      0.083213    0.000058    8.121693 ^ _183_/D (sky130_fd_sc_hd__dfxtp_1)
                                              8.121693   data arrival time

                                 25.000000   25.000000   clock clk (rise edge)
                                  0.000000   25.000000   clock source latency
     1    0.014213    0.110034    0.073426   25.073425 ^ clk (in)
                                                         clk (net)
                      0.110036    0.000000   25.073425 ^ clkbuf_0_clk/A (sky130_fd_sc_hd__clkbuf_16)
     2    0.020072    0.067520    0.239883   25.313307 ^ clkbuf_0_clk/X (sky130_fd_sc_hd__clkbuf_16)
                                                         clknet_0_clk (net)
                      0.067536    0.000636   25.313944 ^ clkbuf_1_1__f_clk/A (sky130_fd_sc_hd__clkbuf_16)
    13    0.036863    0.090100    0.244224   25.558168 ^ clkbuf_1_1__f_clk/X (sky130_fd_sc_hd__clkbuf_16)
                                                         clknet_1_1__leaf_clk (net)
                      0.090102    0.000568   25.558737 ^ _183_/CLK (sky130_fd_sc_hd__dfxtp_1)
                                 -0.250000   25.308737   clock uncertainty
                                  0.000000   25.308737   clock reconvergence pessimism
                                 -0.128405   25.180332   library setup time
                                             25.180332   data required time
---------------------------------------------------------------------------------------------
                                             25.180332   data required time
                                             -8.121693   data arrival time
---------------------------------------------------------------------------------------------
                                             17.058640   slack (MET)




===========================================================================
report_checks --slack_max -0.01
============================================================================
======================= nom_ss_100C_1v60 Corner ===================================

No paths found.


===========================================================================
 report_check_types -max_slew -max_cap -max_fanout -violators
============================================================================
======================= nom_ss_100C_1v60 Corner ===================================

max fanout

Pin                                   Limit Fanout  Slack
---------------------------------------------------------
clkbuf_1_0__f_clk/X                      10     14     -4 (VIOLATED)
clkbuf_1_1__f_clk/X                      10     13     -3 (VIOLATED)



===========================================================================
report_parasitic_annotation -report_unannotated
============================================================================
Found 1 unannotated drivers.
 clkload0/X
Found 0 partially unannotated drivers.

===========================================================================
max slew violation count 0
max fanout violation count 2
max cap violation count 0
============================================================================

===========================================================================
check_setup -verbose -unconstrained_endpoints -multiple_clock -no_clock -no_input_delay -loops -generated_clocks
===========================================================================
