Clock: clk
Sources: clk 
Generated: no
Virtual: yes
Propagated: no
Period: 25.000000

===========================================================================
report_clock_properties
============================================================================
Clock                   Period          Waveform
----------------------------------------------------
clk                  25.000000    0.000000 12.500000

===========================================================================
report_clock_latency
============================================================================
Clock clk
rise -> rise
    min     max
0.000000 0.000000 source latency
0.558602         network latency _178_/CLK
        0.564590 network latency _166_/CLK
---------------
0.558602 0.564590 latency
        0.005988 skew

fall -> fall
    min     max
0.000000 0.000000 source latency
0.561419         network latency _178_/CLK
        0.566760 network latency _166_/CLK
---------------
0.561419 0.566760 latency
        0.005341 skew



===========================================================================
report_clock_min_period
============================================================================
clk period_min = 7.94 fmax = 125.92
