Clock: clk
Sources: clk 
Generated: no
Virtual: no
Propagated: no
Period: 25.000000

===========================================================================
report_clock_properties
============================================================================
Clock                   Period          Waveform
----------------------------------------------------
clk                  25.000000    0.000000 12.500000

===========================================================================
report_clock_latency
============================================================================
Clock clk
rise -> rise
    min     max
0.000000 0.000000 source latency
0.119990         network latency _145_/CLK
        0.119990 network latency _145_/CLK
---------------
0.119990 0.119990 latency
        0.000000 skew

fall -> fall
    min     max
0.000000 0.000000 source latency
0.050806         network latency _145_/CLK
        0.050806 network latency _145_/CLK
---------------
0.050806 0.050806 latency
        0.000000 skew



===========================================================================
report_clock_min_period
============================================================================
clk period_min = 2.03 fmax = 492.24
