Clock: clk
Sources: clk 
Generated: no
Virtual: yes
Propagated: no
Period: 25.000000

===========================================================================
report_clock_properties
============================================================================
Clock                   Period          Waveform
----------------------------------------------------
clk                  25.000000    0.000000 12.500000

===========================================================================
report_clock_latency
============================================================================
Clock clk
rise -> rise
    min     max
0.000000 0.000000 source latency
0.207517         network latency _180_/CLK
        0.208119 network latency _160_/CLK
---------------
0.207517 0.208119 latency
        0.000602 skew

fall -> fall
    min     max
0.000000 0.000000 source latency
0.098323         network latency _180_/CLK
        0.098882 network latency _160_/CLK
---------------
0.098323 0.098882 latency
        0.000559 skew



===========================================================================
report_clock_min_period
============================================================================
clk period_min = 3.73 fmax = 267.93
