
===========================================================================
report_checks -path_delay min (Hold)
============================================================================
======================= nom_tt_025C_1v80 Corner ===================================

Startpoint: _181_ (rising edge-triggered flip-flop clocked by clk)
Endpoint: _183_ (rising edge-triggered flip-flop clocked by clk)
Path Group: clk
Path Type: min

Fanout         Cap        Slew       Delay        Time   Description
---------------------------------------------------------------------------------------------
                                  0.000000    0.000000   clock clk (rise edge)
                                  0.000000    0.000000   clock source latency
    26    0.066065    0.300569    0.207744    0.207744 ^ clk (in)
                                                         clk (net)
                      0.300570    0.000000    0.207744 ^ _181_/CLK (sky130_fd_sc_hd__dfxtp_2)
     3    0.007510    0.034045    0.394550    0.602294 v _181_/Q (sky130_fd_sc_hd__dfxtp_2)
                                                         u_rip.gen_fa[7].fa.b (net)
                      0.034045    0.000008    0.602301 v _121_/A (sky130_fd_sc_hd__nand2_2)
     2    0.006854    0.047952    0.057136    0.659437 ^ _121_/Y (sky130_fd_sc_hd__nand2_2)
                                                         _030_ (net)
                      0.047952    0.000002    0.659439 ^ _157_/A2 (sky130_fd_sc_hd__a21oi_2)
     1    0.001974    0.026293    0.045050    0.704489 v _157_/Y (sky130_fd_sc_hd__a21oi_2)
                                                         _025_ (net)
                      0.026293    0.000003    0.704493 v _183_/D (sky130_fd_sc_hd__dfxtp_2)
                                              0.704493   data arrival time

                                  0.000000    0.000000   clock clk (rise edge)
                                  0.000000    0.000000   clock source latency
    26    0.066065    0.300569    0.207814    0.207814 ^ clk (in)
                                                         clk (net)
                      0.300570    0.000000    0.207814 ^ _183_/CLK (sky130_fd_sc_hd__dfxtp_2)
                                  0.250000    0.457814   clock uncertainty
                                  0.000000    0.457814   clock reconvergence pessimism
                                  0.018577    0.476391   library hold time
                                              0.476391   data required time
---------------------------------------------------------------------------------------------
                                              0.476391   data required time
                                             -0.704493   data arrival time
---------------------------------------------------------------------------------------------
                                              0.228101   slack (MET)


Startpoint: _174_ (rising edge-triggered flip-flop clocked by clk)
Endpoint: _158_ (rising edge-triggered flip-flop clocked by clk)
Path Group: clk
Path Type: min

Fanout         Cap        Slew       Delay        Time   Description
---------------------------------------------------------------------------------------------
                                  0.000000    0.000000   clock clk (rise edge)
                                  0.000000    0.000000   clock source latency
    26    0.066065    0.300569    0.207974    0.207974 ^ clk (in)
                                                         clk (net)
                      0.300571    0.000000    0.207974 ^ _174_/CLK (sky130_fd_sc_hd__dfxtp_2)
     4    0.011895    0.042213    0.405761    0.613735 v _174_/Q (sky130_fd_sc_hd__dfxtp_2)
                                                         u_rip.fa0.b (net)
                      0.042213    0.000023    0.613758 v _081_/B1 (sky130_fd_sc_hd__a21oi_2)
     1    0.004762    0.092227    0.106325    0.720083 ^ _081_/Y (sky130_fd_sc_hd__a21oi_2)
                                                         _050_ (net)
                      0.092227    0.000002    0.720085 ^ _083_/B (sky130_fd_sc_hd__nor3_2)
     1    0.001955    0.018453    0.047596    0.767681 v _083_/Y (sky130_fd_sc_hd__nor3_2)
                                                         _000_ (net)
                      0.018453    0.000003    0.767684 v _158_/D (sky130_fd_sc_hd__dfxtp_2)
                                              0.767684   data arrival time

                                  0.000000    0.000000   clock clk (rise edge)
                                  0.000000    0.000000   clock source latency
    26    0.066065    0.300569    0.208023    0.208023 ^ clk (in)
                                                         clk (net)
                      0.300571    0.000000    0.208023 ^ _158_/CLK (sky130_fd_sc_hd__dfxtp_2)
                                  0.250000    0.458023   clock uncertainty
                                  0.000000    0.458023   clock reconvergence pessimism
                                  0.021802    0.479825   library hold time
                                              0.479825   data required time
---------------------------------------------------------------------------------------------
                                              0.479825   data required time
                                             -0.767684   data arrival time
---------------------------------------------------------------------------------------------
                                              0.287859   slack (MET)


Startpoint: _178_ (rising edge-triggered flip-flop clocked by clk)
Endpoint: _162_ (rising edge-triggered flip-flop clocked by clk)
Path Group: clk
Path Type: min

Fanout         Cap        Slew       Delay        Time   Description
---------------------------------------------------------------------------------------------
                                  0.000000    0.000000   clock clk (rise edge)
                                  0.000000    0.000000   clock source latency
    26    0.066065    0.300569    0.207885    0.207885 ^ clk (in)
                                                         clk (net)
                      0.300571    0.000000    0.207885 ^ _178_/CLK (sky130_fd_sc_hd__dfxtp_2)
     4    0.012527    0.072568    0.421776    0.629662 ^ _178_/Q (sky130_fd_sc_hd__dfxtp_2)
                                                         u_rip.gen_fa[4].fa.b (net)
                      0.072568    0.000049    0.629710 ^ _105_/A1 (sky130_fd_sc_hd__o21a_2)
     1    0.001931    0.026314    0.122465    0.752175 ^ _105_/X (sky130_fd_sc_hd__o21a_2)
                                                         _004_ (net)
                      0.026314    0.000002    0.752177 ^ _162_/D (sky130_fd_sc_hd__dfxtp_2)
                                              0.752177   data arrival time

                                  0.000000    0.000000   clock clk (rise edge)
                                  0.000000    0.000000   clock source latency
    26    0.066065    0.300569    0.207924    0.207924 ^ clk (in)
                                                         clk (net)
                      0.300571    0.000000    0.207924 ^ _162_/CLK (sky130_fd_sc_hd__dfxtp_2)
                                  0.250000    0.457924   clock uncertainty
                                  0.000000    0.457924   clock reconvergence pessimism
                                  0.006208    0.464132   library hold time
                                              0.464132   data required time
---------------------------------------------------------------------------------------------
                                              0.464132   data required time
                                             -0.752177   data arrival time
---------------------------------------------------------------------------------------------
                                              0.288045   slack (MET)


Startpoint: _176_ (rising edge-triggered flip-flop clocked by clk)
Endpoint: _160_ (rising edge-triggered flip-flop clocked by clk)
Path Group: clk
Path Type: min

Fanout         Cap        Slew       Delay        Time   Description
---------------------------------------------------------------------------------------------
                                  0.000000    0.000000   clock clk (rise edge)
                                  0.000000    0.000000   clock source latency
    26    0.066065    0.300569    0.208112    0.208112 ^ clk (in)
                                                         clk (net)
                      0.300572    0.000000    0.208112 ^ _176_/CLK (sky130_fd_sc_hd__dfxtp_2)
     4    0.012396    0.071945    0.421326    0.629438 ^ _176_/Q (sky130_fd_sc_hd__dfxtp_2)
                                                         u_rip.gen_fa[2].fa.b (net)
                      0.071945    0.000041    0.629479 ^ _094_/A1 (sky130_fd_sc_hd__o21a_2)
     1    0.002040    0.026830    0.122834    0.752312 ^ _094_/X (sky130_fd_sc_hd__o21a_2)
                                                         _002_ (net)
                      0.026830    0.000004    0.752316 ^ _160_/D (sky130_fd_sc_hd__dfxtp_2)
                                              0.752316   data arrival time

                                  0.000000    0.000000   clock clk (rise edge)
                                  0.000000    0.000000   clock source latency
    26    0.066065    0.300569    0.208119    0.208119 ^ clk (in)
                                                         clk (net)
                      0.300572    0.000000    0.208119 ^ _160_/CLK (sky130_fd_sc_hd__dfxtp_2)
                                  0.250000    0.458119   clock uncertainty
                                  0.000000    0.458119   clock reconvergence pessimism
                                  0.006105    0.464224   library hold time
                                              0.464224   data required time
---------------------------------------------------------------------------------------------
                                              0.464224   data required time
                                             -0.752316   data arrival time
---------------------------------------------------------------------------------------------
                                              0.288092   slack (MET)


Startpoint: _180_ (rising edge-triggered flip-flop clocked by clk)
Endpoint: _164_ (rising edge-triggered flip-flop clocked by clk)
Path Group: clk
Path Type: min

Fanout         Cap        Slew       Delay        Time   Description
---------------------------------------------------------------------------------------------
                                  0.000000    0.000000   clock clk (rise edge)
                                  0.000000    0.000000   clock source latency
    26    0.066065    0.300569    0.207517    0.207517 ^ clk (in)
                                                         clk (net)
                      0.300569    0.000000    0.207517 ^ _180_/CLK (sky130_fd_sc_hd__dfxtp_2)
     4    0.014406    0.083845    0.428331    0.635848 ^ _180_/Q (sky130_fd_sc_hd__dfxtp_2)
                                                         u_rip.gen_fa[6].fa.b (net)
                      0.083845    0.000019    0.635867 ^ _116_/A1 (sky130_fd_sc_hd__o21a_2)
     1    0.001933    0.026326    0.125777    0.761643 ^ _116_/X (sky130_fd_sc_hd__o21a_2)
                                                         _006_ (net)
                      0.026326    0.000003    0.761646 ^ _164_/D (sky130_fd_sc_hd__dfxtp_2)
                                              0.761646   data arrival time

                                  0.000000    0.000000   clock clk (rise edge)
                                  0.000000    0.000000   clock source latency
    26    0.066065    0.300569    0.207554    0.207554 ^ clk (in)
                                                         clk (net)
                      0.300569    0.000000    0.207554 ^ _164_/CLK (sky130_fd_sc_hd__dfxtp_2)
                                  0.250000    0.457554   clock uncertainty
                                  0.000000    0.457554   clock reconvergence pessimism
                                  0.006206    0.463759   library hold time
                                              0.463759   data required time
---------------------------------------------------------------------------------------------
                                              0.463759   data required time
                                             -0.761646   data arrival time
---------------------------------------------------------------------------------------------
                                              0.297887   slack (MET)


Startpoint: _170_ (rising edge-triggered flip-flop clocked by clk)
Endpoint: _170_ (rising edge-triggered flip-flop clocked by clk)
Path Group: clk
Path Type: min

Fanout         Cap        Slew       Delay        Time   Description
---------------------------------------------------------------------------------------------
                                  0.000000    0.000000   clock clk (rise edge)
                                  0.000000    0.000000   clock source latency
    26    0.066065    0.300569    0.207834    0.207834 ^ clk (in)
                                                         clk (net)
                      0.300570    0.000000    0.207834 ^ _170_/CLK (sky130_fd_sc_hd__dfxtp_2)
     3    0.004651    0.039131    0.392339    0.600172 ^ _170_/Q (sky130_fd_sc_hd__dfxtp_2)
                                                         u_rip.gen_fa[4].fa.a (net)
                      0.039131    0.000000    0.600173 ^ _131_/A0 (sky130_fd_sc_hd__mux2_1)
     1    0.001908    0.035760    0.105242    0.705416 ^ _131_/X (sky130_fd_sc_hd__mux2_1)
                                                         _035_ (net)
                      0.035760    0.000002    0.705417 ^ _132_/B (sky130_fd_sc_hd__and2b_2)
     1    0.001822    0.030896    0.120583    0.826000 ^ _132_/X (sky130_fd_sc_hd__and2b_2)
                                                         _012_ (net)
                      0.030896    0.000001    0.826001 ^ _170_/D (sky130_fd_sc_hd__dfxtp_2)
                                              0.826001   data arrival time

                                  0.000000    0.000000   clock clk (rise edge)
                                  0.000000    0.000000   clock source latency
    26    0.066065    0.300569    0.207834    0.207834 ^ clk (in)
                                                         clk (net)
                      0.300570    0.000000    0.207834 ^ _170_/CLK (sky130_fd_sc_hd__dfxtp_2)
                                  0.250000    0.457834   clock uncertainty
                                  0.000000    0.457834   clock reconvergence pessimism
                                  0.005289    0.463123   library hold time
                                              0.463123   data required time
---------------------------------------------------------------------------------------------
                                              0.463123   data required time
                                             -0.826001   data arrival time
---------------------------------------------------------------------------------------------
                                              0.362878   slack (MET)


Startpoint: _181_ (rising edge-triggered flip-flop clocked by clk)
Endpoint: _165_ (rising edge-triggered flip-flop clocked by clk)
Path Group: clk
Path Type: min

Fanout         Cap        Slew       Delay        Time   Description
---------------------------------------------------------------------------------------------
                                  0.000000    0.000000   clock clk (rise edge)
                                  0.000000    0.000000   clock source latency
    26    0.066065    0.300569    0.207744    0.207744 ^ clk (in)
                                                         clk (net)
                      0.300570    0.000000    0.207744 ^ _181_/CLK (sky130_fd_sc_hd__dfxtp_2)
     3    0.007510    0.034045    0.394550    0.602294 v _181_/Q (sky130_fd_sc_hd__dfxtp_2)
                                                         u_rip.gen_fa[7].fa.b (net)
                      0.034045    0.000008    0.602301 v _121_/A (sky130_fd_sc_hd__nand2_2)
     2    0.006854    0.047952    0.057136    0.659437 ^ _121_/Y (sky130_fd_sc_hd__nand2_2)
                                                         _030_ (net)
                      0.047952    0.000000    0.659438 ^ _122_/C (sky130_fd_sc_hd__and3b_2)
     1    0.001981    0.039034    0.165114    0.824552 ^ _122_/X (sky130_fd_sc_hd__and3b_2)
                                                         _007_ (net)
                      0.039034    0.000003    0.824555 ^ _165_/D (sky130_fd_sc_hd__dfxtp_2)
                                              0.824555   data arrival time

                                  0.000000    0.000000   clock clk (rise edge)
                                  0.000000    0.000000   clock source latency
    26    0.066065    0.300569    0.207830    0.207830 ^ clk (in)
                                                         clk (net)
                      0.300570    0.000000    0.207830 ^ _165_/CLK (sky130_fd_sc_hd__dfxtp_2)
                                  0.250000    0.457830   clock uncertainty
                                  0.000000    0.457830   clock reconvergence pessimism
                                  0.003656    0.461487   library hold time
                                              0.461487   data required time
---------------------------------------------------------------------------------------------
                                              0.461487   data required time
                                             -0.824555   data arrival time
---------------------------------------------------------------------------------------------
                                              0.363069   slack (MET)


Startpoint: _172_ (rising edge-triggered flip-flop clocked by clk)
Endpoint: _172_ (rising edge-triggered flip-flop clocked by clk)
Path Group: clk
Path Type: min

Fanout         Cap        Slew       Delay        Time   Description
---------------------------------------------------------------------------------------------
                                  0.000000    0.000000   clock clk (rise edge)
                                  0.000000    0.000000   clock source latency
    26    0.066065    0.300569    0.207651    0.207651 ^ clk (in)
                                                         clk (net)
                      0.300570    0.000000    0.207651 ^ _172_/CLK (sky130_fd_sc_hd__dfxtp_2)
     3    0.005275    0.041954    0.394679    0.602330 ^ _172_/Q (sky130_fd_sc_hd__dfxtp_2)
                                                         u_rip.gen_fa[6].fa.a (net)
                      0.041954    0.000003    0.602333 ^ _135_/A0 (sky130_fd_sc_hd__mux2_1)
     1    0.001747    0.034488    0.104926    0.707259 ^ _135_/X (sky130_fd_sc_hd__mux2_1)
                                                         _037_ (net)
                      0.034488    0.000000    0.707259 ^ _136_/B (sky130_fd_sc_hd__and2b_2)
     1    0.001770    0.030646    0.119945    0.827204 ^ _136_/X (sky130_fd_sc_hd__and2b_2)
                                                         _014_ (net)
                      0.030646    0.000000    0.827204 ^ _172_/D (sky130_fd_sc_hd__dfxtp_2)
                                              0.827204   data arrival time

                                  0.000000    0.000000   clock clk (rise edge)
                                  0.000000    0.000000   clock source latency
    26    0.066065    0.300569    0.207651    0.207651 ^ clk (in)
                                                         clk (net)
                      0.300570    0.000000    0.207651 ^ _172_/CLK (sky130_fd_sc_hd__dfxtp_2)
                                  0.250000    0.457651   clock uncertainty
                                  0.000000    0.457651   clock reconvergence pessimism
                                  0.005339    0.462990   library hold time
                                              0.462990   data required time
---------------------------------------------------------------------------------------------
                                              0.462990   data required time
                                             -0.827204   data arrival time
---------------------------------------------------------------------------------------------
                                              0.364215   slack (MET)


Startpoint: _168_ (rising edge-triggered flip-flop clocked by clk)
Endpoint: _168_ (rising edge-triggered flip-flop clocked by clk)
Path Group: clk
Path Type: min

Fanout         Cap        Slew       Delay        Time   Description
---------------------------------------------------------------------------------------------
                                  0.000000    0.000000   clock clk (rise edge)
                                  0.000000    0.000000   clock source latency
    26    0.066065    0.300569    0.207878    0.207878 ^ clk (in)
                                                         clk (net)
                      0.300571    0.000000    0.207878 ^ _168_/CLK (sky130_fd_sc_hd__dfxtp_2)
     3    0.005185    0.041543    0.394339    0.602217 ^ _168_/Q (sky130_fd_sc_hd__dfxtp_2)
                                                         u_rip.gen_fa[2].fa.a (net)
                      0.041543    0.000007    0.602224 ^ _127_/A0 (sky130_fd_sc_hd__mux2_1)
     1    0.001920    0.035860    0.106177    0.708401 ^ _127_/X (sky130_fd_sc_hd__mux2_1)
                                                         _033_ (net)
                      0.035860    0.000002    0.708403 ^ _128_/B (sky130_fd_sc_hd__and2b_2)
     1    0.001779    0.030694    0.120384    0.828787 ^ _128_/X (sky130_fd_sc_hd__and2b_2)
                                                         _010_ (net)
                      0.030694    0.000000    0.828788 ^ _168_/D (sky130_fd_sc_hd__dfxtp_2)
                                              0.828788   data arrival time

                                  0.000000    0.000000   clock clk (rise edge)
                                  0.000000    0.000000   clock source latency
    26    0.066065    0.300569    0.207878    0.207878 ^ clk (in)
                                                         clk (net)
                      0.300571    0.000000    0.207878 ^ _168_/CLK (sky130_fd_sc_hd__dfxtp_2)
                                  0.250000    0.457878   clock uncertainty
                                  0.000000    0.457878   clock reconvergence pessimism
                                  0.005330    0.463207   library hold time
                                              0.463207   data required time
---------------------------------------------------------------------------------------------
                                              0.463207   data required time
                                             -0.828788   data arrival time
---------------------------------------------------------------------------------------------
                                              0.365580   slack (MET)


Startpoint: _175_ (rising edge-triggered flip-flop clocked by clk)
Endpoint: _159_ (rising edge-triggered flip-flop clocked by clk)
Path Group: clk
Path Type: min

Fanout         Cap        Slew       Delay        Time   Description
---------------------------------------------------------------------------------------------
                                  0.000000    0.000000   clock clk (rise edge)
                                  0.000000    0.000000   clock source latency
    26    0.066065    0.300569    0.208078    0.208078 ^ clk (in)
                                                         clk (net)
                      0.300572    0.000000    0.208078 ^ _175_/CLK (sky130_fd_sc_hd__dfxtp_2)
     3    0.007662    0.034373    0.394941    0.603019 v _175_/Q (sky130_fd_sc_hd__dfxtp_2)
                                                         u_rip.gen_fa[1].fa.b (net)
                      0.034373    0.000008    0.603027 v _088_/A (sky130_fd_sc_hd__nand2_2)
     3    0.009305    0.060048    0.066071    0.669098 ^ _088_/Y (sky130_fd_sc_hd__nand2_2)
                                                         _056_ (net)
                      0.060048    0.000005    0.669103 ^ _089_/C (sky130_fd_sc_hd__and3b_2)
     1    0.001851    0.038356    0.167223    0.836326 ^ _089_/X (sky130_fd_sc_hd__and3b_2)
                                                         _001_ (net)
                      0.038356    0.000002    0.836328 ^ _159_/D (sky130_fd_sc_hd__dfxtp_2)
                                              0.836328   data arrival time

                                  0.000000    0.000000   clock clk (rise edge)
                                  0.000000    0.000000   clock source latency
    26    0.066065    0.300569    0.208097    0.208097 ^ clk (in)
                                                         clk (net)
                      0.300572    0.000000    0.208097 ^ _159_/CLK (sky130_fd_sc_hd__dfxtp_2)
                                  0.250000    0.458097   clock uncertainty
                                  0.000000    0.458097   clock reconvergence pessimism
                                  0.003793    0.461890   library hold time
                                              0.461890   data required time
---------------------------------------------------------------------------------------------
                                              0.461890   data required time
                                             -0.836328   data arrival time
---------------------------------------------------------------------------------------------
                                              0.374439   slack (MET)


Startpoint: _177_ (rising edge-triggered flip-flop clocked by clk)
Endpoint: _161_ (rising edge-triggered flip-flop clocked by clk)
Path Group: clk
Path Type: min

Fanout         Cap        Slew       Delay        Time   Description
---------------------------------------------------------------------------------------------
                                  0.000000    0.000000   clock clk (rise edge)
                                  0.000000    0.000000   clock source latency
    26    0.066065    0.300569    0.207964    0.207964 ^ clk (in)
                                                         clk (net)
                      0.300571    0.000000    0.207964 ^ _177_/CLK (sky130_fd_sc_hd__dfxtp_2)
     3    0.007929    0.033864    0.395614    0.603578 v _177_/Q (sky130_fd_sc_hd__dfxtp_2)
                                                         u_rip.gen_fa[3].fa.b (net)
                      0.033864    0.000021    0.603599 v _099_/A (sky130_fd_sc_hd__nand2_2)
     3    0.009627    0.059623    0.066994    0.670593 ^ _099_/Y (sky130_fd_sc_hd__nand2_2)
                                                         _065_ (net)
                      0.059623    0.000002    0.670595 ^ _100_/C (sky130_fd_sc_hd__and3b_2)
     1    0.001856    0.038384    0.167159    0.837754 ^ _100_/X (sky130_fd_sc_hd__and3b_2)
                                                         _003_ (net)
                      0.038384    0.000001    0.837756 ^ _161_/D (sky130_fd_sc_hd__dfxtp_2)
                                              0.837756   data arrival time

                                  0.000000    0.000000   clock clk (rise edge)
                                  0.000000    0.000000   clock source latency
    26    0.066065    0.300569    0.207957    0.207957 ^ clk (in)
                                                         clk (net)
                      0.300571    0.000000    0.207957 ^ _161_/CLK (sky130_fd_sc_hd__dfxtp_2)
                                  0.250000    0.457957   clock uncertainty
                                  0.000000    0.457957   clock reconvergence pessimism
                                  0.003787    0.461744   library hold time
                                              0.461744   data required time
---------------------------------------------------------------------------------------------
                                              0.461744   data required time
                                             -0.837756   data arrival time
---------------------------------------------------------------------------------------------
                                              0.376011   slack (MET)


Startpoint: _181_ (rising edge-triggered flip-flop clocked by clk)
Endpoint: _181_ (rising edge-triggered flip-flop clocked by clk)
Path Group: clk
Path Type: min

Fanout         Cap        Slew       Delay        Time   Description
---------------------------------------------------------------------------------------------
                                  0.000000    0.000000   clock clk (rise edge)
                                  0.000000    0.000000   clock source latency
    26    0.066065    0.300569    0.207744    0.207744 ^ clk (in)
                                                         clk (net)
                      0.300570    0.000000    0.207744 ^ _181_/CLK (sky130_fd_sc_hd__dfxtp_2)
     3    0.008024    0.054382    0.404982    0.612726 ^ _181_/Q (sky130_fd_sc_hd__dfxtp_2)
                                                         u_rip.gen_fa[7].fa.b (net)
                      0.054382    0.000009    0.612735 ^ _153_/A0 (sky130_fd_sc_hd__mux2_1)
     1    0.001844    0.035261    0.110000    0.722735 ^ _153_/X (sky130_fd_sc_hd__mux2_1)
                                                         _046_ (net)
                      0.035261    0.000001    0.722736 ^ _154_/B (sky130_fd_sc_hd__and2b_2)
     1    0.001783    0.030712    0.120236    0.842972 ^ _154_/X (sky130_fd_sc_hd__and2b_2)
                                                         _023_ (net)
                      0.030712    0.000000    0.842973 ^ _181_/D (sky130_fd_sc_hd__dfxtp_2)
                                              0.842973   data arrival time

                                  0.000000    0.000000   clock clk (rise edge)
                                  0.000000    0.000000   clock source latency
    26    0.066065    0.300569    0.207744    0.207744 ^ clk (in)
                                                         clk (net)
                      0.300570    0.000000    0.207744 ^ _181_/CLK (sky130_fd_sc_hd__dfxtp_2)
                                  0.250000    0.457744   clock uncertainty
                                  0.000000    0.457744   clock reconvergence pessimism
                                  0.005326    0.463070   library hold time
                                              0.463070   data required time
---------------------------------------------------------------------------------------------
                                              0.463070   data required time
                                             -0.842973   data arrival time
---------------------------------------------------------------------------------------------
                                              0.379903   slack (MET)


Startpoint: _182_ (rising edge-triggered flip-flop clocked by clk)
Endpoint: _182_ (rising edge-triggered flip-flop clocked by clk)
Path Group: clk
Path Type: min

Fanout         Cap        Slew       Delay        Time   Description
---------------------------------------------------------------------------------------------
                                  0.000000    0.000000   clock clk (rise edge)
                                  0.000000    0.000000   clock source latency
    26    0.066065    0.300569    0.207894    0.207894 ^ clk (in)
                                                         clk (net)
                      0.300571    0.000000    0.207894 ^ _182_/CLK (sky130_fd_sc_hd__dfxtp_2)
     3    0.008261    0.055455    0.405872    0.613765 ^ _182_/Q (sky130_fd_sc_hd__dfxtp_2)
                                                         cin_r (net)
                      0.055455    0.000005    0.613770 ^ _155_/A0 (sky130_fd_sc_hd__mux2_1)
     1    0.001726    0.034321    0.109418    0.723187 ^ _155_/X (sky130_fd_sc_hd__mux2_1)
                                                         _047_ (net)
                      0.034321    0.000000    0.723188 ^ _156_/B (sky130_fd_sc_hd__and2b_2)
     1    0.001791    0.030743    0.120006    0.843194 ^ _156_/X (sky130_fd_sc_hd__and2b_2)
                                                         _024_ (net)
                      0.030743    0.000000    0.843195 ^ _182_/D (sky130_fd_sc_hd__dfxtp_2)
                                              0.843195   data arrival time

                                  0.000000    0.000000   clock clk (rise edge)
                                  0.000000    0.000000   clock source latency
    26    0.066065    0.300569    0.207894    0.207894 ^ clk (in)
                                                         clk (net)
                      0.300571    0.000000    0.207894 ^ _182_/CLK (sky130_fd_sc_hd__dfxtp_2)
                                  0.250000    0.457894   clock uncertainty
                                  0.000000    0.457894   clock reconvergence pessimism
                                  0.005320    0.463214   library hold time
                                              0.463214   data required time
---------------------------------------------------------------------------------------------
                                              0.463214   data required time
                                             -0.843195   data arrival time
---------------------------------------------------------------------------------------------
                                              0.379981   slack (MET)


Startpoint: _175_ (rising edge-triggered flip-flop clocked by clk)
Endpoint: _175_ (rising edge-triggered flip-flop clocked by clk)
Path Group: clk
Path Type: min

Fanout         Cap        Slew       Delay        Time   Description
---------------------------------------------------------------------------------------------
                                  0.000000    0.000000   clock clk (rise edge)
                                  0.000000    0.000000   clock source latency
    26    0.066065    0.300569    0.208078    0.208078 ^ clk (in)
                                                         clk (net)
                      0.300572    0.000000    0.208078 ^ _175_/CLK (sky130_fd_sc_hd__dfxtp_2)
     3    0.008176    0.055072    0.405554    0.613632 ^ _175_/Q (sky130_fd_sc_hd__dfxtp_2)
                                                         u_rip.gen_fa[1].fa.b (net)
                      0.055072    0.000006    0.613638 ^ _141_/A0 (sky130_fd_sc_hd__mux2_1)
     1    0.001824    0.035098    0.110073    0.723711 ^ _141_/X (sky130_fd_sc_hd__mux2_1)
                                                         _040_ (net)
                      0.035098    0.000001    0.723712 ^ _142_/B (sky130_fd_sc_hd__and2b_2)
     1    0.001750    0.030556    0.120015    0.843728 ^ _142_/X (sky130_fd_sc_hd__and2b_2)
                                                         _017_ (net)
                      0.030556    0.000000    0.843728 ^ _175_/D (sky130_fd_sc_hd__dfxtp_2)
                                              0.843728   data arrival time

                                  0.000000    0.000000   clock clk (rise edge)
                                  0.000000    0.000000   clock source latency
    26    0.066065    0.300569    0.208078    0.208078 ^ clk (in)
                                                         clk (net)
                      0.300572    0.000000    0.208078 ^ _175_/CLK (sky130_fd_sc_hd__dfxtp_2)
                                  0.250000    0.458078   clock uncertainty
                                  0.000000    0.458078   clock reconvergence pessimism
                                  0.005357    0.463435   library hold time
                                              0.463435   data required time
---------------------------------------------------------------------------------------------
                                              0.463435   data required time
                                             -0.843728   data arrival time
---------------------------------------------------------------------------------------------
                                              0.380293   slack (MET)


Startpoint: _166_ (rising edge-triggered flip-flop clocked by clk)
Endpoint: _166_ (rising edge-triggered flip-flop clocked by clk)
Path Group: clk
Path Type: min

Fanout         Cap        Slew       Delay        Time   Description
---------------------------------------------------------------------------------------------
                                  0.000000    0.000000   clock clk (rise edge)
                                  0.000000    0.000000   clock source latency
    26    0.066065    0.300569    0.207853    0.207853 ^ clk (in)
                                                         clk (net)
                      0.300570    0.000000    0.207853 ^ _166_/CLK (sky130_fd_sc_hd__dfxtp_2)
     3    0.008545    0.054863    0.406925    0.614778 ^ _166_/Q (sky130_fd_sc_hd__dfxtp_2)
                                                         u_rip.fa0.a (net)
                      0.054863    0.000006    0.614784 ^ _123_/A0 (sky130_fd_sc_hd__mux2_1)
     1    0.001718    0.034265    0.109157    0.723941 ^ _123_/X (sky130_fd_sc_hd__mux2_1)
                                                         _031_ (net)
                      0.034265    0.000000    0.723941 ^ _124_/B (sky130_fd_sc_hd__and2b_2)
     1    0.001800    0.030786    0.120039    0.843980 ^ _124_/X (sky130_fd_sc_hd__and2b_2)
                                                         _008_ (net)
                      0.030786    0.000001    0.843981 ^ _166_/D (sky130_fd_sc_hd__dfxtp_2)
                                              0.843981   data arrival time

                                  0.000000    0.000000   clock clk (rise edge)
                                  0.000000    0.000000   clock source latency
    26    0.066065    0.300569    0.207853    0.207853 ^ clk (in)
                                                         clk (net)
                      0.300570    0.000000    0.207853 ^ _166_/CLK (sky130_fd_sc_hd__dfxtp_2)
                                  0.250000    0.457853   clock uncertainty
                                  0.000000    0.457853   clock reconvergence pessimism
                                  0.005311    0.463164   library hold time
                                              0.463164   data required time
---------------------------------------------------------------------------------------------
                                              0.463164   data required time
                                             -0.843981   data arrival time
---------------------------------------------------------------------------------------------
                                              0.380817   slack (MET)


Startpoint: _179_ (rising edge-triggered flip-flop clocked by clk)
Endpoint: _179_ (rising edge-triggered flip-flop clocked by clk)
Path Group: clk
Path Type: min

Fanout         Cap        Slew       Delay        Time   Description
---------------------------------------------------------------------------------------------
                                  0.000000    0.000000   clock clk (rise edge)
                                  0.000000    0.000000   clock source latency
    26    0.066065    0.300569    0.207781    0.207781 ^ clk (in)
                                                         clk (net)
                      0.300570    0.000000    0.207781 ^ _179_/CLK (sky130_fd_sc_hd__dfxtp_2)
     3    0.008562    0.056817    0.407001    0.614782 ^ _179_/Q (sky130_fd_sc_hd__dfxtp_2)
                                                         u_rip.gen_fa[5].fa.b (net)
                      0.056817    0.000003    0.614785 ^ _149_/A0 (sky130_fd_sc_hd__mux2_1)
     1    0.001725    0.034318    0.109883    0.724669 ^ _149_/X (sky130_fd_sc_hd__mux2_1)
                                                         _044_ (net)
                      0.034318    0.000000    0.724669 ^ _150_/B (sky130_fd_sc_hd__and2b_2)
     1    0.001712    0.030373    0.119590    0.844259 ^ _150_/X (sky130_fd_sc_hd__and2b_2)
                                                         _021_ (net)
                      0.030373    0.000000    0.844260 ^ _179_/D (sky130_fd_sc_hd__dfxtp_2)
                                              0.844260   data arrival time

                                  0.000000    0.000000   clock clk (rise edge)
                                  0.000000    0.000000   clock source latency
    26    0.066065    0.300569    0.207781    0.207781 ^ clk (in)
                                                         clk (net)
                      0.300570    0.000000    0.207781 ^ _179_/CLK (sky130_fd_sc_hd__dfxtp_2)
                                  0.250000    0.457781   clock uncertainty
                                  0.000000    0.457781   clock reconvergence pessimism
                                  0.005394    0.463175   library hold time
                                              0.463175   data required time
---------------------------------------------------------------------------------------------
                                              0.463175   data required time
                                             -0.844260   data arrival time
---------------------------------------------------------------------------------------------
                                              0.381084   slack (MET)


Startpoint: _177_ (rising edge-triggered flip-flop clocked by clk)
Endpoint: _177_ (rising edge-triggered flip-flop clocked by clk)
Path Group: clk
Path Type: min

Fanout         Cap        Slew       Delay        Time   Description
---------------------------------------------------------------------------------------------
                                  0.000000    0.000000   clock clk (rise edge)
                                  0.000000    0.000000   clock source latency
    26    0.066065    0.300569    0.207964    0.207964 ^ clk (in)
                                                         clk (net)
                      0.300571    0.000000    0.207964 ^ _177_/CLK (sky130_fd_sc_hd__dfxtp_2)
     3    0.008443    0.054407    0.406545    0.614509 ^ _177_/Q (sky130_fd_sc_hd__dfxtp_2)
                                                         u_rip.gen_fa[3].fa.b (net)
                      0.054407    0.000003    0.614512 ^ _145_/A0 (sky130_fd_sc_hd__mux2_1)
     1    0.001893    0.035649    0.110402    0.724914 ^ _145_/X (sky130_fd_sc_hd__mux2_1)
                                                         _042_ (net)
                      0.035649    0.000002    0.724916 ^ _146_/B (sky130_fd_sc_hd__and2b_2)
     1    0.001838    0.030971    0.120637    0.845552 ^ _146_/X (sky130_fd_sc_hd__and2b_2)
                                                         _019_ (net)
                      0.030971    0.000001    0.845553 ^ _177_/D (sky130_fd_sc_hd__dfxtp_2)
                                              0.845553   data arrival time

                                  0.000000    0.000000   clock clk (rise edge)
                                  0.000000    0.000000   clock source latency
    26    0.066065    0.300569    0.207964    0.207964 ^ clk (in)
                                                         clk (net)
                      0.300571    0.000000    0.207964 ^ _177_/CLK (sky130_fd_sc_hd__dfxtp_2)
                                  0.250000    0.457964   clock uncertainty
                                  0.000000    0.457964   clock reconvergence pessimism
                                  0.005274    0.463238   library hold time
                                              0.463238   data required time
---------------------------------------------------------------------------------------------
                                              0.463238   data required time
                                             -0.845553   data arrival time
---------------------------------------------------------------------------------------------
                                              0.382316   slack (MET)


Startpoint: _179_ (rising edge-triggered flip-flop clocked by clk)
Endpoint: _163_ (rising edge-triggered flip-flop clocked by clk)
Path Group: clk
Path Type: min

Fanout         Cap        Slew       Delay        Time   Description
---------------------------------------------------------------------------------------------
                                  0.000000    0.000000   clock clk (rise edge)
                                  0.000000    0.000000   clock source latency
    26    0.066065    0.300569    0.207781    0.207781 ^ clk (in)
                                                         clk (net)
                      0.300570    0.000000    0.207781 ^ _179_/CLK (sky130_fd_sc_hd__dfxtp_2)
     3    0.008048    0.034131    0.395920    0.603701 v _179_/Q (sky130_fd_sc_hd__dfxtp_2)
                                                         u_rip.gen_fa[5].fa.b (net)
                      0.034131    0.000018    0.603719 v _110_/A (sky130_fd_sc_hd__nand2_2)
     3    0.009560    0.059301    0.066873    0.670592 ^ _110_/Y (sky130_fd_sc_hd__nand2_2)
                                                         _074_ (net)
                      0.059301    0.000002    0.670594 ^ _111_/C (sky130_fd_sc_hd__and3b_2)
     1    0.003750    0.046843    0.178878    0.849472 ^ _111_/X (sky130_fd_sc_hd__and3b_2)
                                                         _005_ (net)
                      0.046843    0.000024    0.849495 ^ _163_/D (sky130_fd_sc_hd__dfxtp_2)
                                              0.849495   data arrival time

                                  0.000000    0.000000   clock clk (rise edge)
                                  0.000000    0.000000   clock source latency
    26    0.066065    0.300569    0.207946    0.207946 ^ clk (in)
                                                         clk (net)
                      0.300571    0.000000    0.207946 ^ _163_/CLK (sky130_fd_sc_hd__dfxtp_2)
                                  0.250000    0.457946   clock uncertainty
                                  0.000000    0.457946   clock reconvergence pessimism
                                  0.002090    0.460036   library hold time
                                              0.460036   data required time
---------------------------------------------------------------------------------------------
                                              0.460036   data required time
                                             -0.849495   data arrival time
---------------------------------------------------------------------------------------------
                                              0.389460   slack (MET)


Startpoint: _176_ (rising edge-triggered flip-flop clocked by clk)
Endpoint: _176_ (rising edge-triggered flip-flop clocked by clk)
Path Group: clk
Path Type: min

Fanout         Cap        Slew       Delay        Time   Description
---------------------------------------------------------------------------------------------
                                  0.000000    0.000000   clock clk (rise edge)
                                  0.000000    0.000000   clock source latency
    26    0.066065    0.300569    0.208112    0.208112 ^ clk (in)
                                                         clk (net)
                      0.300572    0.000000    0.208112 ^ _176_/CLK (sky130_fd_sc_hd__dfxtp_2)
     4    0.012396    0.071945    0.421326    0.629438 ^ _176_/Q (sky130_fd_sc_hd__dfxtp_2)
                                                         u_rip.gen_fa[2].fa.b (net)
                      0.071945    0.000021    0.629459 ^ _143_/A0 (sky130_fd_sc_hd__mux2_1)
     1    0.001870    0.035462    0.116252    0.745710 ^ _143_/X (sky130_fd_sc_hd__mux2_1)
                                                         _041_ (net)
                      0.035462    0.000002    0.745712 ^ _144_/B (sky130_fd_sc_hd__and2b_2)
     1    0.001822    0.030898    0.120501    0.866213 ^ _144_/X (sky130_fd_sc_hd__and2b_2)
                                                         _018_ (net)
                      0.030898    0.000001    0.866215 ^ _176_/D (sky130_fd_sc_hd__dfxtp_2)
                                              0.866215   data arrival time

                                  0.000000    0.000000   clock clk (rise edge)
                                  0.000000    0.000000   clock source latency
    26    0.066065    0.300569    0.208112    0.208112 ^ clk (in)
                                                         clk (net)
                      0.300572    0.000000    0.208112 ^ _176_/CLK (sky130_fd_sc_hd__dfxtp_2)
                                  0.250000    0.458112   clock uncertainty
                                  0.000000    0.458112   clock reconvergence pessimism
                                  0.005289    0.463401   library hold time
                                              0.463401   data required time
---------------------------------------------------------------------------------------------
                                              0.463401   data required time
                                             -0.866215   data arrival time
---------------------------------------------------------------------------------------------
                                              0.402814   slack (MET)


Startpoint: _178_ (rising edge-triggered flip-flop clocked by clk)
Endpoint: _178_ (rising edge-triggered flip-flop clocked by clk)
Path Group: clk
Path Type: min

Fanout         Cap        Slew       Delay        Time   Description
---------------------------------------------------------------------------------------------
                                  0.000000    0.000000   clock clk (rise edge)
                                  0.000000    0.000000   clock source latency
    26    0.066065    0.300569    0.207885    0.207885 ^ clk (in)
                                                         clk (net)
                      0.300571    0.000000    0.207885 ^ _178_/CLK (sky130_fd_sc_hd__dfxtp_2)
     4    0.012527    0.072568    0.421776    0.629662 ^ _178_/Q (sky130_fd_sc_hd__dfxtp_2)
                                                         u_rip.gen_fa[4].fa.b (net)
                      0.072568    0.000012    0.629673 ^ _147_/A0 (sky130_fd_sc_hd__mux2_1)
     1    0.001972    0.036268    0.117281    0.746955 ^ _147_/X (sky130_fd_sc_hd__mux2_1)
                                                         _043_ (net)
                      0.036268    0.000003    0.746957 ^ _148_/B (sky130_fd_sc_hd__and2b_2)
     1    0.001863    0.031091    0.120945    0.867903 ^ _148_/X (sky130_fd_sc_hd__and2b_2)
                                                         _020_ (net)
                      0.031091    0.000001    0.867904 ^ _178_/D (sky130_fd_sc_hd__dfxtp_2)
                                              0.867904   data arrival time

                                  0.000000    0.000000   clock clk (rise edge)
                                  0.000000    0.000000   clock source latency
    26    0.066065    0.300569    0.207885    0.207885 ^ clk (in)
                                                         clk (net)
                      0.300571    0.000000    0.207885 ^ _178_/CLK (sky130_fd_sc_hd__dfxtp_2)
                                  0.250000    0.457885   clock uncertainty
                                  0.000000    0.457885   clock reconvergence pessimism
                                  0.005250    0.463135   library hold time
                                              0.463135   data required time
---------------------------------------------------------------------------------------------
                                              0.463135   data required time
                                             -0.867904   data arrival time
---------------------------------------------------------------------------------------------
                                              0.404769   slack (MET)


Startpoint: _174_ (rising edge-triggered flip-flop clocked by clk)
Endpoint: _174_ (rising edge-triggered flip-flop clocked by clk)
Path Group: clk
Path Type: min

Fanout         Cap        Slew       Delay        Time   Description
---------------------------------------------------------------------------------------------
                                  0.000000    0.000000   clock clk (rise edge)
                                  0.000000    0.000000   clock source latency
    26    0.066065    0.300569    0.207974    0.207974 ^ clk (in)
                                                         clk (net)
                      0.300571    0.000000    0.207974 ^ _174_/CLK (sky130_fd_sc_hd__dfxtp_2)
     4    0.012958    0.076881    0.423302    0.631276 ^ _174_/Q (sky130_fd_sc_hd__dfxtp_2)
                                                         u_rip.fa0.b (net)
                      0.076881    0.000000    0.631277 ^ _139_/A0 (sky130_fd_sc_hd__mux2_1)
     1    0.001933    0.035958    0.118453    0.749730 ^ _139_/X (sky130_fd_sc_hd__mux2_1)
                                                         _039_ (net)
                      0.035958    0.000002    0.749732 ^ _140_/B (sky130_fd_sc_hd__and2b_2)
     1    0.001817    0.030875    0.120615    0.870347 ^ _140_/X (sky130_fd_sc_hd__and2b_2)
                                                         _016_ (net)
                      0.030875    0.000001    0.870348 ^ _174_/D (sky130_fd_sc_hd__dfxtp_2)
                                              0.870348   data arrival time

                                  0.000000    0.000000   clock clk (rise edge)
                                  0.000000    0.000000   clock source latency
    26    0.066065    0.300569    0.207974    0.207974 ^ clk (in)
                                                         clk (net)
                      0.300571    0.000000    0.207974 ^ _174_/CLK (sky130_fd_sc_hd__dfxtp_2)
                                  0.250000    0.457974   clock uncertainty
                                  0.000000    0.457974   clock reconvergence pessimism
                                  0.005293    0.463268   library hold time
                                              0.463268   data required time
---------------------------------------------------------------------------------------------
                                              0.463268   data required time
                                             -0.870348   data arrival time
---------------------------------------------------------------------------------------------
                                              0.407081   slack (MET)


Startpoint: _180_ (rising edge-triggered flip-flop clocked by clk)
Endpoint: _180_ (rising edge-triggered flip-flop clocked by clk)
Path Group: clk
Path Type: min

Fanout         Cap        Slew       Delay        Time   Description
---------------------------------------------------------------------------------------------
                                  0.000000    0.000000   clock clk (rise edge)
                                  0.000000    0.000000   clock source latency
    26    0.066065    0.300569    0.207517    0.207517 ^ clk (in)
                                                         clk (net)
                      0.300569    0.000000    0.207517 ^ _180_/CLK (sky130_fd_sc_hd__dfxtp_2)
     4    0.014406    0.083845    0.428331    0.635848 ^ _180_/Q (sky130_fd_sc_hd__dfxtp_2)
                                                         u_rip.gen_fa[6].fa.b (net)
                      0.083845    0.000006    0.635854 ^ _151_/A0 (sky130_fd_sc_hd__mux2_1)
     1    0.001790    0.034828    0.119707    0.755561 ^ _151_/X (sky130_fd_sc_hd__mux2_1)
                                                         _045_ (net)
                      0.034828    0.000001    0.755562 ^ _152_/B (sky130_fd_sc_hd__and2b_2)
     1    0.001792    0.030751    0.120158    0.875720 ^ _152_/X (sky130_fd_sc_hd__and2b_2)
                                                         _022_ (net)
                      0.030751    0.000001    0.875721 ^ _180_/D (sky130_fd_sc_hd__dfxtp_2)
                                              0.875721   data arrival time

                                  0.000000    0.000000   clock clk (rise edge)
                                  0.000000    0.000000   clock source latency
    26    0.066065    0.300569    0.207517    0.207517 ^ clk (in)
                                                         clk (net)
                      0.300569    0.000000    0.207517 ^ _180_/CLK (sky130_fd_sc_hd__dfxtp_2)
                                  0.250000    0.457517   clock uncertainty
                                  0.000000    0.457517   clock reconvergence pessimism
                                  0.005318    0.462835   library hold time
                                              0.462835   data required time
---------------------------------------------------------------------------------------------
                                              0.462835   data required time
                                             -0.875721   data arrival time
---------------------------------------------------------------------------------------------
                                              0.412886   slack (MET)


Startpoint: _173_ (rising edge-triggered flip-flop clocked by clk)
Endpoint: _173_ (rising edge-triggered flip-flop clocked by clk)
Path Group: clk
Path Type: min

Fanout         Cap        Slew       Delay        Time   Description
---------------------------------------------------------------------------------------------
                                  0.000000    0.000000   clock clk (rise edge)
                                  0.000000    0.000000   clock source latency
    26    0.066065    0.300569    0.207639    0.207639 ^ clk (in)
                                                         clk (net)
                      0.300570    0.000000    0.207639 ^ _173_/CLK (sky130_fd_sc_hd__dfxtp_2)
     3    0.015893    0.090995    0.433495    0.641133 ^ _173_/Q (sky130_fd_sc_hd__dfxtp_2)
                                                         u_rip.gen_fa[7].fa.a (net)
                      0.090995    0.000002    0.641135 ^ _137_/A0 (sky130_fd_sc_hd__mux2_1)
     1    0.001802    0.034922    0.122263    0.763399 ^ _137_/X (sky130_fd_sc_hd__mux2_1)
                                                         _038_ (net)
                      0.034922    0.000000    0.763400 ^ _138_/B (sky130_fd_sc_hd__and2b_2)
     1    0.001758    0.030592    0.120006    0.883405 ^ _138_/X (sky130_fd_sc_hd__and2b_2)
                                                         _015_ (net)
                      0.030592    0.000000    0.883406 ^ _173_/D (sky130_fd_sc_hd__dfxtp_2)
                                              0.883406   data arrival time

                                  0.000000    0.000000   clock clk (rise edge)
                                  0.000000    0.000000   clock source latency
    26    0.066065    0.300569    0.207639    0.207639 ^ clk (in)
                                                         clk (net)
                      0.300570    0.000000    0.207639 ^ _173_/CLK (sky130_fd_sc_hd__dfxtp_2)
                                  0.250000    0.457639   clock uncertainty
                                  0.000000    0.457639   clock reconvergence pessimism
                                  0.005350    0.462989   library hold time
                                              0.462989   data required time
---------------------------------------------------------------------------------------------
                                              0.462989   data required time
                                             -0.883406   data arrival time
---------------------------------------------------------------------------------------------
                                              0.420417   slack (MET)


Startpoint: _167_ (rising edge-triggered flip-flop clocked by clk)
Endpoint: _167_ (rising edge-triggered flip-flop clocked by clk)
Path Group: clk
Path Type: min

Fanout         Cap        Slew       Delay        Time   Description
---------------------------------------------------------------------------------------------
                                  0.000000    0.000000   clock clk (rise edge)
                                  0.000000    0.000000   clock source latency
    26    0.066065    0.300569    0.208042    0.208042 ^ clk (in)
                                                         clk (net)
                      0.300572    0.000000    0.208042 ^ _167_/CLK (sky130_fd_sc_hd__dfxtp_2)
     3    0.015808    0.090588    0.433201    0.641243 ^ _167_/Q (sky130_fd_sc_hd__dfxtp_2)
                                                         u_rip.gen_fa[1].fa.a (net)
                      0.090588    0.000002    0.641244 ^ _125_/A0 (sky130_fd_sc_hd__mux2_1)
     1    0.001924    0.035892    0.123105    0.764349 ^ _125_/X (sky130_fd_sc_hd__mux2_1)
                                                         _032_ (net)
                      0.035892    0.000002    0.764351 ^ _126_/B (sky130_fd_sc_hd__and2b_2)
     1    0.001839    0.030979    0.120714    0.885065 ^ _126_/X (sky130_fd_sc_hd__and2b_2)
                                                         _009_ (net)
                      0.030979    0.000001    0.885066 ^ _167_/D (sky130_fd_sc_hd__dfxtp_2)
                                              0.885066   data arrival time

                                  0.000000    0.000000   clock clk (rise edge)
                                  0.000000    0.000000   clock source latency
    26    0.066065    0.300569    0.208042    0.208042 ^ clk (in)
                                                         clk (net)
                      0.300572    0.000000    0.208042 ^ _167_/CLK (sky130_fd_sc_hd__dfxtp_2)
                                  0.250000    0.458042   clock uncertainty
                                  0.000000    0.458042   clock reconvergence pessimism
                                  0.005273    0.463314   library hold time
                                              0.463314   data required time
---------------------------------------------------------------------------------------------
                                              0.463314   data required time
                                             -0.885066   data arrival time
---------------------------------------------------------------------------------------------
                                              0.421752   slack (MET)


Startpoint: _171_ (rising edge-triggered flip-flop clocked by clk)
Endpoint: _171_ (rising edge-triggered flip-flop clocked by clk)
Path Group: clk
Path Type: min

Fanout         Cap        Slew       Delay        Time   Description
---------------------------------------------------------------------------------------------
                                  0.000000    0.000000   clock clk (rise edge)
                                  0.000000    0.000000   clock source latency
    26    0.066065    0.300569    0.207722    0.207722 ^ clk (in)
                                                         clk (net)
                      0.300570    0.000000    0.207722 ^ _171_/CLK (sky130_fd_sc_hd__dfxtp_2)
     3    0.016595    0.091990    0.435912    0.643634 ^ _171_/Q (sky130_fd_sc_hd__dfxtp_2)
                                                         u_rip.gen_fa[5].fa.a (net)
                      0.091990    0.000002    0.643636 ^ _133_/A0 (sky130_fd_sc_hd__mux2_1)
     1    0.001701    0.034129    0.121804    0.765440 ^ _133_/X (sky130_fd_sc_hd__mux2_1)
                                                         _036_ (net)
                      0.034129    0.000000    0.765440 ^ _134_/B (sky130_fd_sc_hd__and2b_2)
     1    0.001764    0.030618    0.119812    0.885252 ^ _134_/X (sky130_fd_sc_hd__and2b_2)
                                                         _013_ (net)
                      0.030618    0.000000    0.885253 ^ _171_/D (sky130_fd_sc_hd__dfxtp_2)
                                              0.885253   data arrival time

                                  0.000000    0.000000   clock clk (rise edge)
                                  0.000000    0.000000   clock source latency
    26    0.066065    0.300569    0.207722    0.207722 ^ clk (in)
                                                         clk (net)
                      0.300570    0.000000    0.207722 ^ _171_/CLK (sky130_fd_sc_hd__dfxtp_2)
                                  0.250000    0.457722   clock uncertainty
                                  0.000000    0.457722   clock reconvergence pessimism
                                  0.005345    0.463066   library hold time
                                              0.463066   data required time
---------------------------------------------------------------------------------------------
                                              0.463066   data required time
                                             -0.885253   data arrival time
---------------------------------------------------------------------------------------------
                                              0.422186   slack (MET)


Startpoint: _169_ (rising edge-triggered flip-flop clocked by clk)
Endpoint: _169_ (rising edge-triggered flip-flop clocked by clk)
Path Group: clk
Path Type: min

Fanout         Cap        Slew       Delay        Time   Description
---------------------------------------------------------------------------------------------
                                  0.000000    0.000000   clock clk (rise edge)
                                  0.000000    0.000000   clock source latency
    26    0.066065    0.300569    0.207865    0.207865 ^ clk (in)
                                                         clk (net)
                      0.300571    0.000000    0.207865 ^ _169_/CLK (sky130_fd_sc_hd__dfxtp_2)
     3    0.015891    0.090988    0.433490    0.641355 ^ _169_/Q (sky130_fd_sc_hd__dfxtp_2)
                                                         u_rip.gen_fa[3].fa.a (net)
                      0.090988    0.000002    0.641357 ^ _129_/A0 (sky130_fd_sc_hd__mux2_1)
     1    0.001958    0.036156    0.123509    0.764867 ^ _129_/X (sky130_fd_sc_hd__mux2_1)
                                                         _034_ (net)
                      0.036156    0.000002    0.764869 ^ _130_/B (sky130_fd_sc_hd__and2b_2)
     1    0.001852    0.031039    0.120855    0.885724 ^ _130_/X (sky130_fd_sc_hd__and2b_2)
                                                         _011_ (net)
                      0.031039    0.000001    0.885726 ^ _169_/D (sky130_fd_sc_hd__dfxtp_2)
                                              0.885726   data arrival time

                                  0.000000    0.000000   clock clk (rise edge)
                                  0.000000    0.000000   clock source latency
    26    0.066065    0.300569    0.207865    0.207865 ^ clk (in)
                                                         clk (net)
                      0.300571    0.000000    0.207865 ^ _169_/CLK (sky130_fd_sc_hd__dfxtp_2)
                                  0.250000    0.457865   clock uncertainty
                                  0.000000    0.457865   clock reconvergence pessimism
                                  0.005261    0.463126   library hold time
                                              0.463126   data required time
---------------------------------------------------------------------------------------------
                                              0.463126   data required time
                                             -0.885726   data arrival time
---------------------------------------------------------------------------------------------
                                              0.422600   slack (MET)


Startpoint: _162_ (rising edge-triggered flip-flop clocked by clk)
Endpoint: sum[4] (output port clocked by clk)
Path Group: clk
Path Type: min

Fanout         Cap        Slew       Delay        Time   Description
---------------------------------------------------------------------------------------------
                                  0.000000    0.000000   clock clk (rise edge)
                                  0.000000    0.000000   clock source latency
    26    0.066065    0.300569    0.207924    0.207924 ^ clk (in)
                                                         clk (net)
                      0.300571    0.000000    0.207924 ^ _162_/CLK (sky130_fd_sc_hd__dfxtp_2)
     1    0.033901    0.088332    0.447726    0.655650 v _162_/Q (sky130_fd_sc_hd__dfxtp_2)
                                                         sum[4] (net)
                      0.088332    0.000067    0.655718 v sum[4] (out)
                                              0.655718   data arrival time

                                  0.000000    0.000000   clock clk (rise edge)
                                  0.000000    0.000000   clock network delay (propagated)
                                  0.250000    0.250000   clock uncertainty
                                  0.000000    0.250000   clock reconvergence pessimism
                                 -5.000000   -4.750000   output external delay
                                             -4.750000   data required time
---------------------------------------------------------------------------------------------
                                             -4.750000   data required time
                                             -0.655718   data arrival time
---------------------------------------------------------------------------------------------
                                              5.405718   slack (MET)


Startpoint: _161_ (rising edge-triggered flip-flop clocked by clk)
Endpoint: sum[3] (output port clocked by clk)
Path Group: clk
Path Type: min

Fanout         Cap        Slew       Delay        Time   Description
---------------------------------------------------------------------------------------------
                                  0.000000    0.000000   clock clk (rise edge)
                                  0.000000    0.000000   clock source latency
    26    0.066065    0.300569    0.207957    0.207957 ^ clk (in)
                                                         clk (net)
                      0.300571    0.000000    0.207957 ^ _161_/CLK (sky130_fd_sc_hd__dfxtp_2)
     1    0.033890    0.088307    0.447707    0.655665 v _161_/Q (sky130_fd_sc_hd__dfxtp_2)
                                                         sum[3] (net)
                      0.088307    0.000065    0.655729 v sum[3] (out)
                                              0.655729   data arrival time

                                  0.000000    0.000000   clock clk (rise edge)
                                  0.000000    0.000000   clock network delay (propagated)
                                  0.250000    0.250000   clock uncertainty
                                  0.000000    0.250000   clock reconvergence pessimism
                                 -5.000000   -4.750000   output external delay
                                             -4.750000   data required time
---------------------------------------------------------------------------------------------
                                             -4.750000   data required time
                                             -0.655729   data arrival time
---------------------------------------------------------------------------------------------
                                              5.405729   slack (MET)


Startpoint: _163_ (rising edge-triggered flip-flop clocked by clk)
Endpoint: sum[5] (output port clocked by clk)
Path Group: clk
Path Type: min

Fanout         Cap        Slew       Delay        Time   Description
---------------------------------------------------------------------------------------------
                                  0.000000    0.000000   clock clk (rise edge)
                                  0.000000    0.000000   clock source latency
    26    0.066065    0.300569    0.207946    0.207946 ^ clk (in)
                                                         clk (net)
                      0.300571    0.000000    0.207946 ^ _163_/CLK (sky130_fd_sc_hd__dfxtp_2)
     1    0.033956    0.088458    0.447820    0.655766 v _163_/Q (sky130_fd_sc_hd__dfxtp_2)
                                                         sum[5] (net)
                      0.088458    0.000080    0.655846 v sum[5] (out)
                                              0.655846   data arrival time

                                  0.000000    0.000000   clock clk (rise edge)
                                  0.000000    0.000000   clock network delay (propagated)
                                  0.250000    0.250000   clock uncertainty
                                  0.000000    0.250000   clock reconvergence pessimism
                                 -5.000000   -4.750000   output external delay
                                             -4.750000   data required time
---------------------------------------------------------------------------------------------
                                             -4.750000   data required time
                                             -0.655846   data arrival time
---------------------------------------------------------------------------------------------
                                              5.405846   slack (MET)


Startpoint: _160_ (rising edge-triggered flip-flop clocked by clk)
Endpoint: sum[2] (output port clocked by clk)
Path Group: clk
Path Type: min

Fanout         Cap        Slew       Delay        Time   Description
---------------------------------------------------------------------------------------------
                                  0.000000    0.000000   clock clk (rise edge)
                                  0.000000    0.000000   clock source latency
    26    0.066065    0.300569    0.208119    0.208119 ^ clk (in)
                                                         clk (net)
                      0.300572    0.000000    0.208119 ^ _160_/CLK (sky130_fd_sc_hd__dfxtp_2)
     1    0.034001    0.088561    0.447897    0.656016 v _160_/Q (sky130_fd_sc_hd__dfxtp_2)
                                                         sum[2] (net)
                      0.088561    0.000090    0.656107 v sum[2] (out)
                                              0.656107   data arrival time

                                  0.000000    0.000000   clock clk (rise edge)
                                  0.000000    0.000000   clock network delay (propagated)
                                  0.250000    0.250000   clock uncertainty
                                  0.000000    0.250000   clock reconvergence pessimism
                                 -5.000000   -4.750000   output external delay
                                             -4.750000   data required time
---------------------------------------------------------------------------------------------
                                             -4.750000   data required time
                                             -0.656107   data arrival time
---------------------------------------------------------------------------------------------
                                              5.406107   slack (MET)


Startpoint: _164_ (rising edge-triggered flip-flop clocked by clk)
Endpoint: sum[6] (output port clocked by clk)
Path Group: clk
Path Type: min

Fanout         Cap        Slew       Delay        Time   Description
---------------------------------------------------------------------------------------------
                                  0.000000    0.000000   clock clk (rise edge)
                                  0.000000    0.000000   clock source latency
    26    0.066065    0.300569    0.207554    0.207554 ^ clk (in)
                                                         clk (net)
                      0.300569    0.000000    0.207554 ^ _164_/CLK (sky130_fd_sc_hd__dfxtp_2)
     1    0.034647    0.090058    0.448965    0.656518 v _164_/Q (sky130_fd_sc_hd__dfxtp_2)
                                                         sum[6] (net)
                      0.090059    0.000279    0.656797 v sum[6] (out)
                                              0.656797   data arrival time

                                  0.000000    0.000000   clock clk (rise edge)
                                  0.000000    0.000000   clock network delay (propagated)
                                  0.250000    0.250000   clock uncertainty
                                  0.000000    0.250000   clock reconvergence pessimism
                                 -5.000000   -4.750000   output external delay
                                             -4.750000   data required time
---------------------------------------------------------------------------------------------
                                             -4.750000   data required time
                                             -0.656797   data arrival time
---------------------------------------------------------------------------------------------
                                              5.406797   slack (MET)


Startpoint: _158_ (rising edge-triggered flip-flop clocked by clk)
Endpoint: sum[0] (output port clocked by clk)
Path Group: clk
Path Type: min

Fanout         Cap        Slew       Delay        Time   Description
---------------------------------------------------------------------------------------------
                                  0.000000    0.000000   clock clk (rise edge)
                                  0.000000    0.000000   clock source latency
    26    0.066065    0.300569    0.208023    0.208023 ^ clk (in)
                                                         clk (net)
                      0.300571    0.000000    0.208023 ^ _158_/CLK (sky130_fd_sc_hd__dfxtp_2)
     1    0.034551    0.089833    0.448808    0.656831 v _158_/Q (sky130_fd_sc_hd__dfxtp_2)
                                                         sum[0] (net)
                      0.089833    0.000248    0.657079 v sum[0] (out)
                                              0.657079   data arrival time

                                  0.000000    0.000000   clock clk (rise edge)
                                  0.000000    0.000000   clock network delay (propagated)
                                  0.250000    0.250000   clock uncertainty
                                  0.000000    0.250000   clock reconvergence pessimism
                                 -5.000000   -4.750000   output external delay
                                             -4.750000   data required time
---------------------------------------------------------------------------------------------
                                             -4.750000   data required time
                                             -0.657079   data arrival time
---------------------------------------------------------------------------------------------
                                              5.407079   slack (MET)


Startpoint: _183_ (rising edge-triggered flip-flop clocked by clk)
Endpoint: cout (output port clocked by clk)
Path Group: clk
Path Type: min

Fanout         Cap        Slew       Delay        Time   Description
---------------------------------------------------------------------------------------------
                                  0.000000    0.000000   clock clk (rise edge)
                                  0.000000    0.000000   clock source latency
    26    0.066065    0.300569    0.207814    0.207814 ^ clk (in)
                                                         clk (net)
                      0.300570    0.000000    0.207814 ^ _183_/CLK (sky130_fd_sc_hd__dfxtp_2)
     1    0.034678    0.090127    0.449019    0.656833 v _183_/Q (sky130_fd_sc_hd__dfxtp_2)
                                                         cout (net)
                      0.090127    0.000284    0.657117 v cout (out)
                                              0.657117   data arrival time

                                  0.000000    0.000000   clock clk (rise edge)
                                  0.000000    0.000000   clock network delay (propagated)
                                  0.250000    0.250000   clock uncertainty
                                  0.000000    0.250000   clock reconvergence pessimism
                                 -5.000000   -4.750000   output external delay
                                             -4.750000   data required time
---------------------------------------------------------------------------------------------
                                             -4.750000   data required time
                                             -0.657117   data arrival time
---------------------------------------------------------------------------------------------
                                              5.407117   slack (MET)


Startpoint: _165_ (rising edge-triggered flip-flop clocked by clk)
Endpoint: sum[7] (output port clocked by clk)
Path Group: clk
Path Type: min

Fanout         Cap        Slew       Delay        Time   Description
---------------------------------------------------------------------------------------------
                                  0.000000    0.000000   clock clk (rise edge)
                                  0.000000    0.000000   clock source latency
    26    0.066065    0.300569    0.207830    0.207830 ^ clk (in)
                                                         clk (net)
                      0.300570    0.000000    0.207830 ^ _165_/CLK (sky130_fd_sc_hd__dfxtp_2)
     1    0.034673    0.090114    0.449009    0.656840 v _165_/Q (sky130_fd_sc_hd__dfxtp_2)
                                                         sum[7] (net)
                      0.090115    0.000283    0.657122 v sum[7] (out)
                                              0.657122   data arrival time

                                  0.000000    0.000000   clock clk (rise edge)
                                  0.000000    0.000000   clock network delay (propagated)
                                  0.250000    0.250000   clock uncertainty
                                  0.000000    0.250000   clock reconvergence pessimism
                                 -5.000000   -4.750000   output external delay
                                             -4.750000   data required time
---------------------------------------------------------------------------------------------
                                             -4.750000   data required time
                                             -0.657122   data arrival time
---------------------------------------------------------------------------------------------
                                              5.407123   slack (MET)


Startpoint: _159_ (rising edge-triggered flip-flop clocked by clk)
Endpoint: sum[1] (output port clocked by clk)
Path Group: clk
Path Type: min

Fanout         Cap        Slew       Delay        Time   Description
---------------------------------------------------------------------------------------------
                                  0.000000    0.000000   clock clk (rise edge)
                                  0.000000    0.000000   clock source latency
    26    0.066065    0.300569    0.208097    0.208097 ^ clk (in)
                                                         clk (net)
                      0.300572    0.000000    0.208097 ^ _159_/CLK (sky130_fd_sc_hd__dfxtp_2)
     1    0.034544    0.089817    0.448796    0.656893 v _159_/Q (sky130_fd_sc_hd__dfxtp_2)
                                                         sum[1] (net)
                      0.089818    0.000247    0.657140 v sum[1] (out)
                                              0.657140   data arrival time

                                  0.000000    0.000000   clock clk (rise edge)
                                  0.000000    0.000000   clock network delay (propagated)
                                  0.250000    0.250000   clock uncertainty
                                  0.000000    0.250000   clock reconvergence pessimism
                                 -5.000000   -4.750000   output external delay
                                             -4.750000   data required time
---------------------------------------------------------------------------------------------
                                             -4.750000   data required time
                                             -0.657140   data arrival time
---------------------------------------------------------------------------------------------
                                              5.407140   slack (MET)



