Reading OpenROAD database at '/Users/prahalad/ReversableGate/openlane/reversable-openlane/runs/RUN_2025-11-05_20-20-54/31-openroad-repairdesignpostgpl/reversible_wrapper.odb'…
Reading library file at '/Users/prahalad/.volare/volare/sky130/versions/0fe599b2afb6708d281543108caf8310912f54af/sky130A/libs.ref/sky130_fd_sc_hd/lib/sky130_fd_sc_hd__tt_025C_1v80.lib'…
Reading design constraints file at '/nix/store/4an8h2zgjvxb79xycic0fl63w2yk470s-python3-3.11.9-env/lib/python3.11/site-packages/openlane/scripts/base.sdc'…
[INFO] Using clock clk…
[INFO] Setting output delay to: 5
[INFO] Setting input delay to: 5
[INFO] Setting load to: 0.033442
[INFO] Setting clock uncertainty to: 0.25
[INFO] Setting clock transition to: 0.1499999999999999944488848768742172978818416595458984375
[INFO] Setting timing derate to: 5%
Placement Analysis
---------------------------------
total displacement          0.0 u
average displacement        0.0 u
max displacement            0.0 u
original HPWL            3159.4 u
legalized HPWL           3280.0 u
delta HPWL                    4 %

[INFO DPL-0020] Mirrored 81 instances
[INFO DPL-0021] HPWL before            3280.0 u
[INFO DPL-0022] HPWL after             3159.4 u
[INFO DPL-0023] HPWL delta               -3.7 %
Setting global connections for newly added cells…
[INFO] Setting global connections...
Updating metrics…
Cell type report:                       Count       Area
  Fill cell                                50     187.68
  Tap cell                                 67      83.83
  Timing Repair Buffer                     62     280.27
  Inverter                                  7      26.28
  Sequential cell                          50    1000.96
  Multi-Input combinational cell          136    1064.77
  Total                                   372    2643.79
Writing OpenROAD database to '/Users/prahalad/ReversableGate/openlane/reversable-openlane/runs/RUN_2025-11-05_20-20-54/33-openroad-detailedplacement/reversible_wrapper.odb'…
Writing netlist to '/Users/prahalad/ReversableGate/openlane/reversable-openlane/runs/RUN_2025-11-05_20-20-54/33-openroad-detailedplacement/reversible_wrapper.nl.v'…
Writing powered netlist to '/Users/prahalad/ReversableGate/openlane/reversable-openlane/runs/RUN_2025-11-05_20-20-54/33-openroad-detailedplacement/reversible_wrapper.pnl.v'…
Writing layout to '/Users/prahalad/ReversableGate/openlane/reversable-openlane/runs/RUN_2025-11-05_20-20-54/33-openroad-detailedplacement/reversible_wrapper.def'…
Writing timing constraints to '/Users/prahalad/ReversableGate/openlane/reversable-openlane/runs/RUN_2025-11-05_20-20-54/33-openroad-detailedplacement/reversible_wrapper.sdc'…
