103. Printing statistics.

=== reversible_wrapper ===

   Number of wires:                166
   Number of wire bits:            208
   Number of public wires:          53
   Number of public wire bits:      95
   Number of ports:                 11
   Number of port bits:             53
   Number of memories:               0
   Number of memory bits:            0
   Number of processes:              0
   Number of cells:                180
     $_ANDNOT_                       3
     $_AND_                          8
     $_MUX_                         75
     $_NOR_                          5
     $_NOT_                          7
     $_XNOR_                        16
     $_XOR_                         16
     sky130_fd_sc_hd__dfxtp_2       50

   Area for cell type $_NOT_ is unknown!
   Area for cell type $_AND_ is unknown!
   Area for cell type $_NOR_ is unknown!
   Area for cell type $_XOR_ is unknown!
   Area for cell type $_XNOR_ is unknown!
   Area for cell type $_ANDNOT_ is unknown!
   Area for cell type $_MUX_ is unknown!

   Chip area for module '\reversible_wrapper': 1063.520000
     of which used for sequential elements: 1063.520000 (100.00%)

