97. Printing statistics.

=== reversible_wrapper ===

   Number of wires:                 91
   Number of wire bits:            133
   Number of public wires:          53
   Number of public wire bits:      95
   Number of ports:                 11
   Number of port bits:             53
   Number of memories:               0
   Number of memory bits:            0
   Number of processes:              0
   Number of cells:                105
     $_ANDNOT_                       3
     $_AND_                          8
     $_NOR_                          5
     $_NOT_                          7
     $_SDFFE_PP0P_                  25
     $_SDFF_PP0_                    25
     $_XNOR_                        16
     $_XOR_                         16

   Area for cell type $_NOT_ is unknown!
   Area for cell type $_AND_ is unknown!
   Area for cell type $_NOR_ is unknown!
   Area for cell type $_XOR_ is unknown!
   Area for cell type $_XNOR_ is unknown!
   Area for cell type $_ANDNOT_ is unknown!
   Area for cell type $_SDFF_PP0_ is unknown!
   Area for cell type $_SDFFE_PP0P_ is unknown!

