111. Printing statistics.

=== reversible_wrapper ===

   Number of wires:                179
   Number of wire bits:            221
   Number of public wires:          36
   Number of public wire bits:      78
   Number of ports:                 11
   Number of port bits:             53
   Number of memories:               0
   Number of memory bits:            0
   Number of processes:              0
   Number of cells:                193
     sky130_fd_sc_hd__a21o_2         3
     sky130_fd_sc_hd__a21oi_2        5
     sky130_fd_sc_hd__a311oi_2       1
     sky130_fd_sc_hd__a31o_2         1
     sky130_fd_sc_hd__a31oi_2        1
     sky130_fd_sc_hd__a32oi_2        1
     sky130_fd_sc_hd__and2_2         3
     sky130_fd_sc_hd__and2b_2       35
     sky130_fd_sc_hd__and3_2         3
     sky130_fd_sc_hd__and3b_2        1
     sky130_fd_sc_hd__and4_2         2
     sky130_fd_sc_hd__and4bb_2       1
     sky130_fd_sc_hd__dfxtp_2       50
     sky130_fd_sc_hd__inv_2          7
     sky130_fd_sc_hd__mux2_1        26
     sky130_fd_sc_hd__nand2_2       10
     sky130_fd_sc_hd__nand3_2        2
     sky130_fd_sc_hd__nand4_2        1
     sky130_fd_sc_hd__nor2_2         9
     sky130_fd_sc_hd__nor3_2         2
     sky130_fd_sc_hd__nor4_2         1
     sky130_fd_sc_hd__o21a_2         2
     sky130_fd_sc_hd__o21ai_2        1
     sky130_fd_sc_hd__o21ba_2        1
     sky130_fd_sc_hd__o311a_2        1
     sky130_fd_sc_hd__o31a_2         2
     sky130_fd_sc_hd__o31ai_2        2
     sky130_fd_sc_hd__or2_2         10
     sky130_fd_sc_hd__or4_2          2
     sky130_fd_sc_hd__xnor2_2        6
     sky130_fd_sc_hd__xor2_2         1

   Chip area for module '\reversible_wrapper': 2369.772800
     of which used for sequential elements: 1063.520000 (44.88%)

