Clock: clk
Sources: clk 
Generated: no
Virtual: yes
Propagated: no
Period: 25.000000

===========================================================================
report_clock_properties
============================================================================
Clock                   Period          Waveform
----------------------------------------------------
clk                  25.000000    0.000000 12.500000

===========================================================================
report_clock_latency
============================================================================
Clock clk
rise -> rise
    min     max
0.000000 0.000000 source latency
0.544232         network latency _161_/CLK
        0.550613 network latency _163_/CLK
---------------
0.544232 0.550613 latency
        0.006381 skew

fall -> fall
    min     max
0.000000 0.000000 source latency
0.552329         network latency _161_/CLK
        0.557736 network latency _163_/CLK
---------------
0.552329 0.557736 latency
        0.005407 skew



===========================================================================
report_clock_min_period
============================================================================
clk period_min = 6.89 fmax = 145.10
