
===========================================================================
report_checks -unconstrained
===========================================================================
======================= min_ss_100C_1v60 Corner ===================================

Startpoint: _182_ (rising edge-triggered flip-flop clocked by clk)
Endpoint: _183_ (rising edge-triggered flip-flop clocked by clk)
Path Group: clk
Path Type: max

Fanout         Cap        Slew       Delay        Time   Description
---------------------------------------------------------------------------------------------
                                  0.000000    0.000000   clock clk (rise edge)
                                  0.000000    0.000000   clock source latency
     1    0.013699    0.106475    0.070783    0.070783 ^ clk (in)
                                                         clk (net)
                      0.106475    0.000000    0.070783 ^ clkbuf_0_clk/A (sky130_fd_sc_hd__clkbuf_16)
     2    0.019669    0.067013    0.237786    0.308569 ^ clkbuf_0_clk/X (sky130_fd_sc_hd__clkbuf_16)
                                                         clknet_0_clk (net)
                      0.067013    0.000327    0.308897 ^ clkbuf_1_0__f_clk/A (sky130_fd_sc_hd__clkbuf_16)
    14    0.038964    0.093038    0.247128    0.556024 ^ clkbuf_1_0__f_clk/X (sky130_fd_sc_hd__clkbuf_16)
                                                         clknet_1_0__leaf_clk (net)
                      0.093042    0.000728    0.556752 ^ _182_/CLK (sky130_fd_sc_hd__dfxtp_1)
     3    0.006356    0.075850    0.611588    1.168340 v _182_/Q (sky130_fd_sc_hd__dfxtp_1)
                                                         cin_r (net)
                      0.075850    0.000018    1.168358 v _079_/A (sky130_fd_sc_hd__or2_1)
     3    0.008205    0.143149    0.556890    1.725247 v _079_/X (sky130_fd_sc_hd__or2_1)
                                                         _048_ (net)
                      0.143149    0.000060    1.725307 v _084_/A2 (sky130_fd_sc_hd__a21boi_1)
     2    0.008248    0.342652    0.383949    2.109256 ^ _084_/Y (sky130_fd_sc_hd__a21boi_1)
                                                         _052_ (net)
                      0.342652    0.000132    2.109388 ^ _086_/B (sky130_fd_sc_hd__xnor2_1)
     2    0.007203    0.339190    0.342175    2.451563 ^ _086_/Y (sky130_fd_sc_hd__xnor2_1)
                                                         _054_ (net)
                      0.339190    0.000045    2.451608 ^ _088_/B (sky130_fd_sc_hd__nand2_1)
     3    0.008887    0.176396    0.276296    2.727904 v _088_/Y (sky130_fd_sc_hd__nand2_1)
                                                         _056_ (net)
                      0.176396    0.000128    2.728032 v _091_/A2 (sky130_fd_sc_hd__a21bo_1)
     2    0.004117    0.073175    0.393033    3.121065 v _091_/X (sky130_fd_sc_hd__a21bo_1)
                                                         _058_ (net)
                      0.073175    0.000036    3.121101 v _095_/B1_N (sky130_fd_sc_hd__a21bo_1)
     2    0.008271    0.127935    0.388549    3.509650 ^ _095_/X (sky130_fd_sc_hd__a21bo_1)
                                                         _061_ (net)
                      0.127935    0.000075    3.509725 ^ _097_/B (sky130_fd_sc_hd__xor2_1)
     2    0.005432    0.266130    0.324246    3.833971 ^ _097_/X (sky130_fd_sc_hd__xor2_1)
                                                         _063_ (net)
                      0.266130    0.000028    3.833998 ^ _099_/B (sky130_fd_sc_hd__nand2_1)
     3    0.008564    0.163730    0.247275    4.081273 v _099_/Y (sky130_fd_sc_hd__nand2_1)
                                                         _065_ (net)
                      0.163730    0.000134    4.081408 v _102_/A2 (sky130_fd_sc_hd__a21bo_1)
     2    0.005090    0.081002    0.397089    4.478497 v _102_/X (sky130_fd_sc_hd__a21bo_1)
                                                         _067_ (net)
                      0.081002    0.000056    4.478552 v _106_/B1_N (sky130_fd_sc_hd__a21bo_1)
     2    0.010893    0.160230    0.416087    4.894639 ^ _106_/X (sky130_fd_sc_hd__a21bo_1)
                                                         _070_ (net)
                      0.160230    0.000269    4.894908 ^ _108_/B (sky130_fd_sc_hd__xor2_1)
     2    0.004888    0.249710    0.324456    5.219365 ^ _108_/X (sky130_fd_sc_hd__xor2_1)
                                                         _072_ (net)
                      0.249710    0.000032    5.219397 ^ _110_/B (sky130_fd_sc_hd__nand2_1)
     3    0.007805    0.150683    0.232463    5.451860 v _110_/Y (sky130_fd_sc_hd__nand2_1)
                                                         _074_ (net)
                      0.150683    0.000114    5.451974 v _113_/A2 (sky130_fd_sc_hd__a21bo_1)
     2    0.003969    0.071913    0.380931    5.832905 v _113_/X (sky130_fd_sc_hd__a21bo_1)
                                                         _076_ (net)
                      0.071913    0.000048    5.832953 v _117_/B1_N (sky130_fd_sc_hd__a21boi_1)
     2    0.007319    0.152701    0.288873    6.121826 v _117_/Y (sky130_fd_sc_hd__a21boi_1)
                                                         _026_ (net)
                      0.152701    0.000054    6.121880 v _119_/B (sky130_fd_sc_hd__xnor2_1)
     2    0.007290    0.342081    0.359186    6.481067 ^ _119_/Y (sky130_fd_sc_hd__xnor2_1)
                                                         _028_ (net)
                      0.342081    0.000102    6.481168 ^ _121_/B (sky130_fd_sc_hd__nand2_1)
     2    0.005654    0.129703    0.235351    6.716519 v _121_/Y (sky130_fd_sc_hd__nand2_1)
                                                         _030_ (net)
                      0.129703    0.000056    6.716575 v _157_/A2 (sky130_fd_sc_hd__a21oi_1)
     1    0.002973    0.177611    0.254962    6.971537 ^ _157_/Y (sky130_fd_sc_hd__a21oi_1)
                                                         _025_ (net)
                      0.177611    0.000038    6.971575 ^ hold6/A (sky130_fd_sc_hd__dlygate4sd3_1)
     1    0.001978    0.084320    1.071077    8.042652 ^ hold6/X (sky130_fd_sc_hd__dlygate4sd3_1)
                                                         net39 (net)
                      0.084320    0.000018    8.042670 ^ _183_/D (sky130_fd_sc_hd__dfxtp_1)
                                              8.042670   data arrival time

                                 25.000000   25.000000   clock clk (rise edge)
                                  0.000000   25.000000   clock source latency
     1    0.013699    0.106475    0.070784   25.070784 ^ clk (in)
                                                         clk (net)
                      0.106475    0.000000   25.070784 ^ clkbuf_0_clk/A (sky130_fd_sc_hd__clkbuf_16)
     2    0.019669    0.067013    0.237785   25.308569 ^ clkbuf_0_clk/X (sky130_fd_sc_hd__clkbuf_16)
                                                         clknet_0_clk (net)
                      0.067013    0.000306   25.308874 ^ clkbuf_1_1__f_clk/A (sky130_fd_sc_hd__clkbuf_16)
    13    0.035731    0.088366    0.242633   25.551506 ^ clkbuf_1_1__f_clk/X (sky130_fd_sc_hd__clkbuf_16)
                                                         clknet_1_1__leaf_clk (net)
                      0.088366    0.000176   25.551682 ^ _183_/CLK (sky130_fd_sc_hd__dfxtp_1)
                                 -0.250000   25.301683   clock uncertainty
                                  0.000000   25.301683   clock reconvergence pessimism
                                 -0.128986   25.172697   library setup time
                                             25.172697   data required time
---------------------------------------------------------------------------------------------
                                             25.172697   data required time
                                             -8.042670   data arrival time
---------------------------------------------------------------------------------------------
                                             17.130028   slack (MET)




===========================================================================
report_checks --slack_max -0.01
============================================================================
======================= min_ss_100C_1v60 Corner ===================================

No paths found.


===========================================================================
 report_check_types -max_slew -max_cap -max_fanout -violators
============================================================================
======================= min_ss_100C_1v60 Corner ===================================

max fanout

Pin                                   Limit Fanout  Slack
---------------------------------------------------------
clkbuf_1_0__f_clk/X                      10     14     -4 (VIOLATED)
clkbuf_1_1__f_clk/X                      10     13     -3 (VIOLATED)



===========================================================================
report_parasitic_annotation -report_unannotated
============================================================================
Found 1 unannotated drivers.
 clkload0/X
Found 0 partially unannotated drivers.

===========================================================================
max slew violation count 0
max fanout violation count 2
max cap violation count 0
============================================================================

===========================================================================
check_setup -verbose -unconstrained_endpoints -multiple_clock -no_clock -no_input_delay -loops -generated_clocks
===========================================================================
