Clock: clk
Sources: clk 
Generated: no
Virtual: yes
Propagated: no
Period: 25.000000

===========================================================================
report_clock_properties
============================================================================
Clock                   Period          Waveform
----------------------------------------------------
clk                  25.000000    0.000000 12.500000

===========================================================================
report_clock_latency
============================================================================
Clock clk
rise -> rise
    min     max
0.000000 0.000000 source latency
0.551627         network latency _178_/CLK
        0.556761 network latency _166_/CLK
---------------
0.551627 0.556761 latency
        0.005135 skew

fall -> fall
    min     max
0.000000 0.000000 source latency
0.556517         network latency _178_/CLK
        0.561111 network latency _166_/CLK
---------------
0.556517 0.561111 latency
        0.004595 skew



===========================================================================
report_clock_min_period
============================================================================
clk period_min = 7.87 fmax = 127.07
