Reading OpenROAD database at '/Users/prahalad/ReversableGate/openlane/conventional-carry-select-openlane/runs/RUN_2025-11-05_20-14-14/24-openroad-ioplacement/carry_select_wrapper.odb'…
Reading library file at '/Users/prahalad/.volare/volare/sky130/versions/0fe599b2afb6708d281543108caf8310912f54af/sky130A/libs.ref/sky130_fd_sc_hd/lib/sky130_fd_sc_hd__tt_025C_1v80.lib'…
Reading design constraints file at '/nix/store/4an8h2zgjvxb79xycic0fl63w2yk470s-python3-3.11.9-env/lib/python3.11/site-packages/openlane/scripts/base.sdc'…
[INFO] Using clock clk…
[INFO] Setting output delay to: 5
[INFO] Setting input delay to: 5
[INFO] Setting load to: 0.033442
[INFO] Setting clock uncertainty to: 0.25
[INFO] Setting clock transition to: 0.1499999999999999944488848768742172978818416595458984375
[INFO] Setting timing derate to: 5%
[INFO] Setting RC values…
[INFO] Setting signal min routing layer to: met1 and clock min routing layer to met1. 
[INFO] Setting signal max routing layer to: met5 and clock max routing layer to met5. 
+ global_placement -density 0.628807 -timing_driven -routability_driven -pad_right 0 -pad_left 0 -init_wirelength_coef 0.25
[INFO GPL-0002] DBU: 1000
[INFO GPL-0003] SiteSize: (  0.460  2.720 ) um
[INFO GPL-0004] CoreBBox: (  5.520 10.880 ) ( 55.200 59.840 ) um
[INFO GPL-0006] NumInstances:               169
[INFO GPL-0007] NumPlaceInstances:          103
[INFO GPL-0008] NumFixedInstances:           66
[INFO GPL-0009] NumDummyInstances:            0
[INFO GPL-0010] NumNets:                    122
[INFO GPL-0011] NumPins:                    355
[INFO GPL-0012] DieBBox:  (  0.000  0.000 ) ( 61.015 71.735 ) um
[INFO GPL-0013] CoreBBox: (  5.520 10.880 ) ( 55.200 59.840 ) um
[INFO GPL-0016] CoreArea:              2432.333 um^2
[INFO GPL-0017] NonPlaceInstsArea:      172.666 um^2
[INFO GPL-0018] PlaceInstsArea:        1248.698 um^2
[INFO GPL-0019] Util:                    55.260 %
[INFO GPL-0020] StdInstsArea:          1248.698 um^2
[INFO GPL-0021] MacroInstsArea:           0.000 um^2
[InitialPlace]  Iter: 1 CG residual: 0.00000012 HPWL: 2188165
[InitialPlace]  Iter: 2 CG residual: 0.00000005 HPWL: 2200432
[InitialPlace]  Iter: 3 CG residual: 0.00000012 HPWL: 2158413
[InitialPlace]  Iter: 4 CG residual: 0.00000005 HPWL: 2132555
[InitialPlace]  Iter: 5 CG residual: 0.00000011 HPWL: 2119008
[INFO GPL-0031] FillerInit:NumGCells:       117
[INFO GPL-0032] FillerInit:NumGNets:        122
[INFO GPL-0033] FillerInit:NumGPins:        355
[INFO GPL-0023] TargetDensity:            0.629
[INFO GPL-0024] AvrgPlaceInstArea:       12.123 um^2
[INFO GPL-0025] IdealBinArea:            19.280 um^2
[INFO GPL-0026] IdealBinCnt:                126
[INFO GPL-0027] TotalBinArea:          2432.333 um^2
[INFO GPL-0028] BinCnt:         8      8
[INFO GPL-0029] BinSize: (  6.210  6.120 )
[INFO GPL-0030] NumBins: 64
[NesterovSolve] Iter:    1 overflow: 0.312 HPWL: 978054
[INFO GPL-0100] Timing-driven: executing resizer for reweighting nets.
[INFO GPL-0101] Timing-driven: worst slack 1.89e-08
[INFO GPL-0103] Timing-driven: weighted 12 nets.
[NesterovSolve] Snapshot saved at iter = 0
[INFO GPL-0100] Timing-driven: executing resizer for reweighting nets.
[INFO GPL-0101] Timing-driven: worst slack 1.89e-08
[INFO GPL-0103] Timing-driven: weighted 12 nets.
[INFO GPL-0075] Routability numCall: 1 inflationIterCnt: 1 bloatIterCnt: 0
[INFO GPL-0036] TileBBox: (    0    0 ) ( 6900 6900 ) DBU
[INFO GPL-0038] TileCnt:       8   10
[INFO GPL-0040] NumTiles: 80
[INFO GPL-0081] TotalRouteOverflow: 0
[INFO GPL-0082] OverflowTileCnt: 0
[INFO GPL-0083] 0.5%RC: 0.7419447898864746
[INFO GPL-0084] 1.0%RC: 0.7419447898864746
[INFO GPL-0085] 2.0%RC: 0.7070276439189911
[INFO GPL-0086] 5.0%RC: 0.6687861084938049
[INFO GPL-0087] FinalRC: 0.7419448
[INFO GPL-0077] FinalRC lower than targetRC(1.01), routability not needed.
[NesterovSolve] Iter:   10 overflow: 0.230 HPWL: 932066
[NesterovSolve] Iter:   20 overflow: 0.231 HPWL: 926374
[NesterovSolve] Iter:   30 overflow: 0.232 HPWL: 926947
[NesterovSolve] Iter:   40 overflow: 0.231 HPWL: 926425
[NesterovSolve] Iter:   50 overflow: 0.232 HPWL: 926593
[NesterovSolve] Iter:   60 overflow: 0.231 HPWL: 926556
[NesterovSolve] Iter:   70 overflow: 0.231 HPWL: 926553
[NesterovSolve] Iter:   80 overflow: 0.231 HPWL: 926528
[NesterovSolve] Iter:   90 overflow: 0.231 HPWL: 926538
[NesterovSolve] Iter:  100 overflow: 0.231 HPWL: 926547
[NesterovSolve] Iter:  110 overflow: 0.231 HPWL: 926555
[NesterovSolve] Iter:  120 overflow: 0.231 HPWL: 926566
[NesterovSolve] Iter:  130 overflow: 0.231 HPWL: 926552
[NesterovSolve] Iter:  140 overflow: 0.231 HPWL: 926546
[NesterovSolve] Iter:  150 overflow: 0.230 HPWL: 926486
[NesterovSolve] Iter:  160 overflow: 0.230 HPWL: 926348
[NesterovSolve] Iter:  170 overflow: 0.229 HPWL: 926118
[NesterovSolve] Iter:  180 overflow: 0.228 HPWL: 925936
[NesterovSolve] Iter:  190 overflow: 0.227 HPWL: 925703
[NesterovSolve] Iter:  200 overflow: 0.224 HPWL: 924986
[NesterovSolve] Iter:  210 overflow: 0.220 HPWL: 923734
[NesterovSolve] Iter:  220 overflow: 0.214 HPWL: 922913
[INFO GPL-0100] Timing-driven: executing resizer for reweighting nets.
[INFO GPL-0101] Timing-driven: worst slack 1.9e-08
[INFO GPL-0103] Timing-driven: weighted 12 nets.
[NesterovSolve] Iter:  230 overflow: 0.203 HPWL: 920266
[NesterovSolve] Iter:  240 overflow: 0.189 HPWL: 917171
[NesterovSolve] Iter:  250 overflow: 0.175 HPWL: 914866
[NesterovSolve] Iter:  260 overflow: 0.159 HPWL: 914393
[NesterovSolve] Iter:  270 overflow: 0.147 HPWL: 914731
[INFO GPL-0100] Timing-driven: executing resizer for reweighting nets.
[INFO GPL-0101] Timing-driven: worst slack 1.89e-08
[INFO GPL-0103] Timing-driven: weighted 12 nets.
[NesterovSolve] Iter:  280 overflow: 0.137 HPWL: 918548
[NesterovSolve] Iter:  290 overflow: 0.126 HPWL: 921876
[NesterovSolve] Iter:  300 overflow: 0.108 HPWL: 926565
[NesterovSolve] Finished with Overflow: 0.096303
[INFO] Setting RC values…
Setting global connections for newly added cells…
[INFO] Setting global connections...
Updating metrics…
Cell type report:                       Count       Area
  Fill cell                                36     135.13
  Tap cell                                 30      37.54
  Inverter                                 28     105.10
  Sequential cell                          26     683.16
  Multi-Input combinational cell           49     460.44
  Total                                   169    1421.36
Writing OpenROAD database to '/Users/prahalad/ReversableGate/openlane/conventional-carry-select-openlane/runs/RUN_2025-11-05_20-14-14/27-openroad-globalplacement/carry_select_wrapper.odb'…
Writing netlist to '/Users/prahalad/ReversableGate/openlane/conventional-carry-select-openlane/runs/RUN_2025-11-05_20-14-14/27-openroad-globalplacement/carry_select_wrapper.nl.v'…
Writing powered netlist to '/Users/prahalad/ReversableGate/openlane/conventional-carry-select-openlane/runs/RUN_2025-11-05_20-14-14/27-openroad-globalplacement/carry_select_wrapper.pnl.v'…
Writing layout to '/Users/prahalad/ReversableGate/openlane/conventional-carry-select-openlane/runs/RUN_2025-11-05_20-14-14/27-openroad-globalplacement/carry_select_wrapper.def'…
Writing timing constraints to '/Users/prahalad/ReversableGate/openlane/conventional-carry-select-openlane/runs/RUN_2025-11-05_20-14-14/27-openroad-globalplacement/carry_select_wrapper.sdc'…
