Reading OpenROAD database at '/Users/prahalad/ReversableGate/openlane/conventional-ripple-openlane/runs/RUN_2025-11-05_20-17-51/24-openroad-ioplacement/ripple_adder_wrapper.odb'…
Reading library file at '/Users/prahalad/.volare/volare/sky130/versions/0fe599b2afb6708d281543108caf8310912f54af/sky130A/libs.ref/sky130_fd_sc_hd/lib/sky130_fd_sc_hd__tt_025C_1v80.lib'…
Reading design constraints file at '/nix/store/4an8h2zgjvxb79xycic0fl63w2yk470s-python3-3.11.9-env/lib/python3.11/site-packages/openlane/scripts/base.sdc'…
[INFO] Using clock clk…
[INFO] Setting output delay to: 5
[INFO] Setting input delay to: 5
[INFO] Setting load to: 0.033442
[INFO] Setting clock uncertainty to: 0.25
[INFO] Setting clock transition to: 0.1499999999999999944488848768742172978818416595458984375
[INFO] Setting timing derate to: 5%
[INFO] Setting RC values…
[INFO] Setting signal min routing layer to: met1 and clock min routing layer to met1. 
[INFO] Setting signal max routing layer to: met5 and clock max routing layer to met5. 
+ global_placement -density 0.638038 -timing_driven -routability_driven -pad_right 0 -pad_left 0 -init_wirelength_coef 0.25
[INFO GPL-0002] DBU: 1000
[INFO GPL-0003] SiteSize: (  0.460  2.720 ) um
[INFO GPL-0004] CoreBBox: (  5.520 10.880 ) ( 56.580 59.840 ) um
[INFO GPL-0006] NumInstances:               171
[INFO GPL-0007] NumPlaceInstances:          105
[INFO GPL-0008] NumFixedInstances:           66
[INFO GPL-0009] NumDummyInstances:            0
[INFO GPL-0010] NumNets:                    125
[INFO GPL-0011] NumPins:                    385
[INFO GPL-0012] DieBBox:  (  0.000  0.000 ) ( 62.175 72.895 ) um
[INFO GPL-0013] CoreBBox: (  5.520 10.880 ) ( 56.580 59.840 ) um
[INFO GPL-0016] CoreArea:              2499.898 um^2
[INFO GPL-0017] NonPlaceInstsArea:      172.666 um^2
[INFO GPL-0018] PlaceInstsArea:        1307.504 um^2
[INFO GPL-0019] Util:                    56.183 %
[INFO GPL-0020] StdInstsArea:          1307.504 um^2
[INFO GPL-0021] MacroInstsArea:           0.000 um^2
[InitialPlace]  Iter: 1 CG residual: 0.00000007 HPWL: 2131887
[InitialPlace]  Iter: 2 CG residual: 0.00000010 HPWL: 2126228
[InitialPlace]  Iter: 3 CG residual: 0.00000009 HPWL: 2062993
[InitialPlace]  Iter: 4 CG residual: 0.00000011 HPWL: 2032793
[InitialPlace]  Iter: 5 CG residual: 0.00000010 HPWL: 2012568
[INFO GPL-0031] FillerInit:NumGCells:       119
[INFO GPL-0032] FillerInit:NumGNets:        125
[INFO GPL-0033] FillerInit:NumGPins:        385
[INFO GPL-0023] TargetDensity:            0.638
[INFO GPL-0024] AvrgPlaceInstArea:       12.452 um^2
[INFO GPL-0025] IdealBinArea:            19.517 um^2
[INFO GPL-0026] IdealBinCnt:                128
[INFO GPL-0027] TotalBinArea:          2499.898 um^2
[INFO GPL-0028] BinCnt:         8      8
[INFO GPL-0029] BinSize: (  6.383  6.120 )
[INFO GPL-0030] NumBins: 64
[NesterovSolve] Iter:    1 overflow: 0.305 HPWL: 1070215
[INFO GPL-0100] Timing-driven: executing resizer for reweighting nets.
[INFO GPL-0101] Timing-driven: worst slack 1.91e-08
[INFO GPL-0103] Timing-driven: weighted 12 nets.
[NesterovSolve] Snapshot saved at iter = 0
[INFO GPL-0075] Routability numCall: 1 inflationIterCnt: 1 bloatIterCnt: 0
[INFO GPL-0036] TileBBox: (    0    0 ) ( 6900 6900 ) DBU
[INFO GPL-0038] TileCnt:       9   10
[INFO GPL-0040] NumTiles: 90
[INFO GPL-0081] TotalRouteOverflow: 0
[INFO GPL-0082] OverflowTileCnt: 0
[INFO GPL-0083] 0.5%RC: 0.6429781317710876
[INFO GPL-0084] 1.0%RC: 0.6429781317710876
[INFO GPL-0085] 2.0%RC: 0.6429311037063599
[INFO GPL-0086] 5.0%RC: 0.6223899841308593
[INFO GPL-0087] FinalRC: 0.64297813
[INFO GPL-0077] FinalRC lower than targetRC(1.01), routability not needed.
[INFO GPL-0100] Timing-driven: executing resizer for reweighting nets.
[INFO GPL-0101] Timing-driven: worst slack 1.91e-08
[INFO GPL-0103] Timing-driven: weighted 12 nets.
[NesterovSolve] Iter:   10 overflow: 0.288 HPWL: 1045363
[NesterovSolve] Iter:   20 overflow: 0.298 HPWL: 1039485
[NesterovSolve] Iter:   30 overflow: 0.296 HPWL: 1039241
[NesterovSolve] Iter:   40 overflow: 0.296 HPWL: 1039412
[NesterovSolve] Iter:   50 overflow: 0.296 HPWL: 1039297
[NesterovSolve] Iter:   60 overflow: 0.296 HPWL: 1039324
[NesterovSolve] Iter:   70 overflow: 0.296 HPWL: 1039389
[NesterovSolve] Iter:   80 overflow: 0.296 HPWL: 1039366
[NesterovSolve] Iter:   90 overflow: 0.296 HPWL: 1039441
[NesterovSolve] Iter:  100 overflow: 0.295 HPWL: 1039513
[NesterovSolve] Iter:  110 overflow: 0.295 HPWL: 1039580
[NesterovSolve] Iter:  120 overflow: 0.294 HPWL: 1039636
[NesterovSolve] Iter:  130 overflow: 0.294 HPWL: 1039608
[NesterovSolve] Iter:  140 overflow: 0.293 HPWL: 1039504
[NesterovSolve] Iter:  150 overflow: 0.291 HPWL: 1039645
[NesterovSolve] Iter:  160 overflow: 0.289 HPWL: 1039005
[NesterovSolve] Iter:  170 overflow: 0.286 HPWL: 1038524
[NesterovSolve] Iter:  180 overflow: 0.283 HPWL: 1038888
[NesterovSolve] Iter:  190 overflow: 0.277 HPWL: 1038364
[NesterovSolve] Iter:  200 overflow: 0.270 HPWL: 1037974
[NesterovSolve] Iter:  210 overflow: 0.259 HPWL: 1037538
[NesterovSolve] Iter:  220 overflow: 0.245 HPWL: 1037576
[NesterovSolve] Iter:  230 overflow: 0.229 HPWL: 1039180
[NesterovSolve] Iter:  240 overflow: 0.208 HPWL: 1040661
[INFO GPL-0100] Timing-driven: executing resizer for reweighting nets.
[INFO GPL-0101] Timing-driven: worst slack 1.91e-08
[INFO GPL-0103] Timing-driven: weighted 12 nets.
[NesterovSolve] Iter:  250 overflow: 0.182 HPWL: 1038133
[NesterovSolve] Iter:  260 overflow: 0.164 HPWL: 1040579
[NesterovSolve] Iter:  270 overflow: 0.143 HPWL: 1045948
[INFO GPL-0100] Timing-driven: executing resizer for reweighting nets.
[INFO GPL-0101] Timing-driven: worst slack 1.9e-08
[INFO GPL-0103] Timing-driven: weighted 12 nets.
[NesterovSolve] Iter:  280 overflow: 0.121 HPWL: 1051850
[NesterovSolve] Iter:  290 overflow: 0.100 HPWL: 1059847
[NesterovSolve] Finished with Overflow: 0.098140
[INFO] Setting RC values…
Setting global connections for newly added cells…
[INFO] Setting global connections...
Updating metrics…
Cell type report:                       Count       Area
  Fill cell                                36     135.13
  Tap cell                                 30      37.54
  Sequential cell                          26     553.03
  Multi-Input combinational cell           79     754.47
  Total                                   171    1480.17
Writing OpenROAD database to '/Users/prahalad/ReversableGate/openlane/conventional-ripple-openlane/runs/RUN_2025-11-05_20-17-51/27-openroad-globalplacement/ripple_adder_wrapper.odb'…
Writing netlist to '/Users/prahalad/ReversableGate/openlane/conventional-ripple-openlane/runs/RUN_2025-11-05_20-17-51/27-openroad-globalplacement/ripple_adder_wrapper.nl.v'…
Writing powered netlist to '/Users/prahalad/ReversableGate/openlane/conventional-ripple-openlane/runs/RUN_2025-11-05_20-17-51/27-openroad-globalplacement/ripple_adder_wrapper.pnl.v'…
Writing layout to '/Users/prahalad/ReversableGate/openlane/conventional-ripple-openlane/runs/RUN_2025-11-05_20-17-51/27-openroad-globalplacement/ripple_adder_wrapper.def'…
Writing timing constraints to '/Users/prahalad/ReversableGate/openlane/conventional-ripple-openlane/runs/RUN_2025-11-05_20-17-51/27-openroad-globalplacement/ripple_adder_wrapper.sdc'…
