Clock: clk
Sources: clk 
Generated: no
Virtual: yes
Propagated: no
Period: 25.000000

===========================================================================
report_clock_properties
============================================================================
Clock                   Period          Waveform
----------------------------------------------------
clk                  25.000000    0.000000 12.500000

===========================================================================
report_clock_latency
============================================================================
Clock clk
rise -> rise
    min     max
0.000000 0.000000 source latency
0.218965         network latency _161_/CLK
        0.221730 network latency _163_/CLK
---------------
0.218965 0.221730 latency
        0.002765 skew

fall -> fall
    min     max
0.000000 0.000000 source latency
0.211737         network latency _161_/CLK
        0.213793 network latency _163_/CLK
---------------
0.211737 0.213793 latency
        0.002056 skew



===========================================================================
report_clock_min_period
============================================================================
clk period_min = 2.24 fmax = 447.20
