Clock: clk
Sources: clk 
Generated: no
Virtual: yes
Propagated: no
Period: 25.000000

===========================================================================
report_clock_properties
============================================================================
Clock                   Period          Waveform
----------------------------------------------------
clk                  25.000000    0.000000 12.500000

===========================================================================
report_clock_latency
============================================================================
Clock clk
rise -> rise
    min     max
0.000000 0.000000 source latency
0.376241         network latency _310_/CLK
        0.377720 network latency _323_/CLK
---------------
0.376241 0.377720 latency
        0.001479 skew

fall -> fall
    min     max
0.000000 0.000000 source latency
0.180344         network latency _310_/CLK
        0.181709 network latency _323_/CLK
---------------
0.180344 0.181709 latency
        0.001365 skew



===========================================================================
report_clock_min_period
============================================================================
clk period_min = 4.34 fmax = 230.40
