Clock: clk
Sources: clk 
Generated: no
Virtual: yes
Propagated: no
Period: 25.000000

===========================================================================
report_clock_properties
============================================================================
Clock                   Period          Waveform
----------------------------------------------------
clk                  25.000000    0.000000 12.500000

===========================================================================
report_clock_latency
============================================================================
Clock clk
rise -> rise
    min     max
0.000000 0.000000 source latency
0.221091         network latency _178_/CLK
        0.223693 network latency _166_/CLK
---------------
0.221091 0.223693 latency
        0.002602 skew

fall -> fall
    min     max
0.000000 0.000000 source latency
0.211988         network latency _178_/CLK
        0.214046 network latency _166_/CLK
---------------
0.211988 0.214046 latency
        0.002058 skew



===========================================================================
report_clock_min_period
============================================================================
clk period_min = 2.76 fmax = 362.86
