
===========================================================================
report_checks -unconstrained
===========================================================================
======================= max_tt_025C_1v80 Corner ===================================

Startpoint: reset (input port clocked by clk)
Endpoint: _160_ (recovery check against rising-edge clock clk)
Path Group: asynchronous
Path Type: max

Fanout         Cap        Slew       Delay        Time   Description
---------------------------------------------------------------------------------------------
                                  0.000000    0.000000   clock clk (rise edge)
                                  0.000000    0.000000   clock network delay (propagated)
                                  5.000000    5.000000 v input external delay
     1    0.003173    0.009486    0.005107    5.005107 v reset (in)
                                                         reset (net)
                      0.009489    0.000000    5.005107 v input18/A (sky130_fd_sc_hd__clkbuf_1)
     1    0.002250    0.023671    0.069456    5.074563 v input18/X (sky130_fd_sc_hd__clkbuf_1)
                                                         net18 (net)
                      0.023671    0.000104    5.074667 v fanout30/A (sky130_fd_sc_hd__clkbuf_4)
     8    0.041724    0.093167    0.183499    5.258165 v fanout30/X (sky130_fd_sc_hd__clkbuf_4)
                                                         net30 (net)
                      0.093219    0.002044    5.260209 v fanout28/A (sky130_fd_sc_hd__buf_4)
    10    0.057692    0.082730    0.211560    5.471768 v fanout28/X (sky130_fd_sc_hd__buf_4)
                                                         net28 (net)
                      0.083510    0.006091    5.477859 v _134_/A (sky130_fd_sc_hd__inv_2)
     1    0.004744    0.036859    0.061820    5.539680 ^ _134_/Y (sky130_fd_sc_hd__inv_2)
                                                         _015_ (net)
                      0.036859    0.000255    5.539935 ^ _160_/RESET_B (sky130_fd_sc_hd__dfrtp_1)
                                              5.539935   data arrival time

                                 25.000000   25.000000   clock clk (rise edge)
                                  0.000000   25.000000   clock source latency
     1    0.012752    0.063477    0.043144   25.043144 ^ clk (in)
                                                         clk (net)
                      0.063485    0.000000   25.043144 ^ clkbuf_0_clk/A (sky130_fd_sc_hd__clkbuf_16)
     2    0.018767    0.040852    0.130585   25.173729 ^ clkbuf_0_clk/X (sky130_fd_sc_hd__clkbuf_16)
                                                         clknet_0_clk (net)
                      0.040873    0.001329   25.175058 ^ clkbuf_1_0__f_clk/A (sky130_fd_sc_hd__clkbuf_16)
    13    0.037432    0.057399    0.137710   25.312767 ^ clkbuf_1_0__f_clk/X (sky130_fd_sc_hd__clkbuf_16)
                                                         clknet_1_0__leaf_clk (net)
                      0.057599    0.001995   25.314762 ^ _160_/CLK (sky130_fd_sc_hd__dfrtp_1)
                                 -0.250000   25.064764   clock uncertainty
                                  0.000000   25.064764   clock reconvergence pessimism
                                  0.236298   25.301062   library recovery time
                                             25.301062   data required time
---------------------------------------------------------------------------------------------
                                             25.301062   data required time
                                             -5.539935   data arrival time
---------------------------------------------------------------------------------------------
                                             19.761127   slack (MET)


Startpoint: _147_ (rising edge-triggered flip-flop clocked by clk)
Endpoint: sum[2] (output port clocked by clk)
Path Group: clk
Path Type: max

Fanout         Cap        Slew       Delay        Time   Description
---------------------------------------------------------------------------------------------
                                  0.000000    0.000000   clock clk (rise edge)
                                  0.000000    0.000000   clock source latency
     1    0.012752    0.063477    0.043145    0.043145 ^ clk (in)
                                                         clk (net)
                      0.063485    0.000000    0.043145 ^ clkbuf_0_clk/A (sky130_fd_sc_hd__clkbuf_16)
     2    0.018767    0.040852    0.130584    0.173729 ^ clkbuf_0_clk/X (sky130_fd_sc_hd__clkbuf_16)
                                                         clknet_0_clk (net)
                      0.040872    0.001288    0.175017 ^ clkbuf_1_1__f_clk/A (sky130_fd_sc_hd__clkbuf_16)
    13    0.041573    0.061194    0.140875    0.315892 ^ clkbuf_1_1__f_clk/X (sky130_fd_sc_hd__clkbuf_16)
                                                         clknet_1_1__leaf_clk (net)
                      0.061276    0.001911    0.317803 ^ _147_/CLK (sky130_fd_sc_hd__dfrtp_1)
     1    0.003237    0.041485    0.361568    0.679371 v _147_/Q (sky130_fd_sc_hd__dfrtp_1)
                                                         net22 (net)
                      0.041485    0.000196    0.679567 v output22/A (sky130_fd_sc_hd__buf_2)
     1    0.034932    0.091433    0.178920    0.858487 v output22/X (sky130_fd_sc_hd__buf_2)
                                                         sum[2] (net)
                      0.091474    0.001791    0.860278 v sum[2] (out)
                                              0.860278   data arrival time

                                 25.000000   25.000000   clock clk (rise edge)
                                  0.000000   25.000000   clock network delay (propagated)
                                 -0.250000   24.750000   clock uncertainty
                                  0.000000   24.750000   clock reconvergence pessimism
                                 -5.000000   19.750000   output external delay
                                             19.750000   data required time
---------------------------------------------------------------------------------------------
                                             19.750000   data required time
                                             -0.860278   data arrival time
---------------------------------------------------------------------------------------------
                                             18.889721   slack (MET)




===========================================================================
report_checks --slack_max -0.01
============================================================================
======================= max_tt_025C_1v80 Corner ===================================

No paths found.


===========================================================================
 report_check_types -max_slew -max_cap -max_fanout -violators
============================================================================
======================= max_tt_025C_1v80 Corner ===================================

max fanout

Pin                                   Limit Fanout  Slack
---------------------------------------------------------
clkbuf_1_0__f_clk/X                      10     13     -3 (VIOLATED)
clkbuf_1_1__f_clk/X                      10     13     -3 (VIOLATED)



===========================================================================
report_parasitic_annotation -report_unannotated
============================================================================
Found 0 unannotated drivers.
Found 0 partially unannotated drivers.

===========================================================================
max slew violation count 0
max fanout violation count 2
max cap violation count 0
============================================================================

===========================================================================
check_setup -verbose -unconstrained_endpoints -multiple_clock -no_clock -no_input_delay -loops -generated_clocks
===========================================================================
