Clock: clk
Sources: clk 
Generated: no
Virtual: yes
Propagated: no
Period: 25.000000

===========================================================================
report_clock_properties
============================================================================
Clock                   Period          Waveform
----------------------------------------------------
clk                  25.000000    0.000000 12.500000

===========================================================================
report_clock_latency
============================================================================
Clock clk
rise -> rise
    min     max
0.000000 0.000000 source latency
0.314672         network latency _161_/CLK
        0.318227 network latency _163_/CLK
---------------
0.314672 0.318227 latency
        0.003555 skew

fall -> fall
    min     max
0.000000 0.000000 source latency
0.310327         network latency _161_/CLK
        0.313046 network latency _163_/CLK
---------------
0.310327 0.313046 latency
        0.002719 skew



===========================================================================
report_clock_min_period
============================================================================
clk period_min = 3.49 fmax = 286.46
