Reading OpenROAD database at '/Users/prahalad/ReversableGate/openlane/conventional-carry-select-openlane/runs/RUN_2025-11-05_20-14-14/20-openroad-generatepdn/carry_select_wrapper.odb'…
Reading library file at '/Users/prahalad/.volare/volare/sky130/versions/0fe599b2afb6708d281543108caf8310912f54af/sky130A/libs.ref/sky130_fd_sc_hd/lib/sky130_fd_sc_hd__tt_025C_1v80.lib'…
Reading design constraints file at '/nix/store/4an8h2zgjvxb79xycic0fl63w2yk470s-python3-3.11.9-env/lib/python3.11/site-packages/openlane/scripts/base.sdc'…
[INFO] Using clock clk…
[INFO] Setting output delay to: 5
[INFO] Setting input delay to: 5
[INFO] Setting load to: 0.033442
[INFO] Setting clock uncertainty to: 0.25
[INFO] Setting clock transition to: 0.1499999999999999944488848768742172978818416595458984375
[INFO] Setting timing derate to: 5%
+ global_placement -density 0.628807 -skip_io -pad_right 0 -pad_left 0 -init_wirelength_coef 0.25
[INFO GPL-0002] DBU: 1000
[INFO GPL-0003] SiteSize: (  0.460  2.720 ) um
[INFO GPL-0004] CoreBBox: (  5.520 10.880 ) ( 55.200 59.840 ) um
[INFO GPL-0006] NumInstances:               169
[INFO GPL-0007] NumPlaceInstances:          103
[INFO GPL-0008] NumFixedInstances:           66
[INFO GPL-0009] NumDummyInstances:            0
[INFO GPL-0010] NumNets:                    122
[INFO GPL-0011] NumPins:                    327
[INFO GPL-0012] DieBBox:  (  0.000  0.000 ) ( 61.015 71.735 ) um
[INFO GPL-0013] CoreBBox: (  5.520 10.880 ) ( 55.200 59.840 ) um
[INFO GPL-0016] CoreArea:              2432.333 um^2
[INFO GPL-0017] NonPlaceInstsArea:      172.666 um^2
[INFO GPL-0018] PlaceInstsArea:        1248.698 um^2
[INFO GPL-0019] Util:                    55.260 %
[INFO GPL-0020] StdInstsArea:          1248.698 um^2
[INFO GPL-0021] MacroInstsArea:           0.000 um^2
[INFO GPL-0031] FillerInit:NumGCells:       117
[INFO GPL-0032] FillerInit:NumGNets:        122
[INFO GPL-0033] FillerInit:NumGPins:        327
[INFO GPL-0023] TargetDensity:            0.629
[INFO GPL-0024] AvrgPlaceInstArea:       12.123 um^2
[INFO GPL-0025] IdealBinArea:            19.280 um^2
[INFO GPL-0026] IdealBinCnt:                126
[INFO GPL-0027] TotalBinArea:          2432.333 um^2
[INFO GPL-0028] BinCnt:         8      8
[INFO GPL-0029] BinSize: (  6.210  6.120 )
[INFO GPL-0030] NumBins: 64
[NesterovSolve] Iter:    1 overflow: 0.925 HPWL: 217152
[NesterovSolve] Iter:   10 overflow: 0.852 HPWL: 120375
[NesterovSolve] Iter:   20 overflow: 0.855 HPWL: 121447
[NesterovSolve] Iter:   30 overflow: 0.854 HPWL: 120950
[NesterovSolve] Iter:   40 overflow: 0.854 HPWL: 120939
[NesterovSolve] Iter:   50 overflow: 0.854 HPWL: 120854
[NesterovSolve] Iter:   60 overflow: 0.853 HPWL: 120978
[NesterovSolve] Iter:   70 overflow: 0.853 HPWL: 121230
[NesterovSolve] Iter:   80 overflow: 0.852 HPWL: 121703
[NesterovSolve] Iter:   90 overflow: 0.851 HPWL: 122361
[NesterovSolve] Iter:  100 overflow: 0.850 HPWL: 122678
[NesterovSolve] Iter:  110 overflow: 0.850 HPWL: 120952
[NesterovSolve] Iter:  120 overflow: 0.850 HPWL: 120983
[NesterovSolve] Iter:  130 overflow: 0.850 HPWL: 121360
[NesterovSolve] Iter:  140 overflow: 0.850 HPWL: 120540
[NesterovSolve] Iter:  150 overflow: 0.845 HPWL: 134029
[NesterovSolve] Iter:  160 overflow: 0.805 HPWL: 173788
[NesterovSolve] Iter:  170 overflow: 0.704 HPWL: 220588
[NesterovSolve] Iter:  180 overflow: 0.704 HPWL: 230944
[NesterovSolve] Iter:  190 overflow: 0.657 HPWL: 254390
[NesterovSolve] Iter:  200 overflow: 0.595 HPWL: 284984
[NesterovSolve] Iter:  210 overflow: 0.552 HPWL: 302609
[NesterovSolve] Iter:  220 overflow: 0.499 HPWL: 336584
[NesterovSolve] Iter:  230 overflow: 0.449 HPWL: 366028
[NesterovSolve] Iter:  240 overflow: 0.403 HPWL: 394946
[NesterovSolve] Iter:  250 overflow: 0.366 HPWL: 419758
[NesterovSolve] Iter:  260 overflow: 0.316 HPWL: 432728
[NesterovSolve] Iter:  270 overflow: 0.279 HPWL: 452647
[NesterovSolve] Iter:  280 overflow: 0.244 HPWL: 471785
[NesterovSolve] Iter:  290 overflow: 0.205 HPWL: 482659
[NesterovSolve] Iter:  300 overflow: 0.179 HPWL: 492923
[NesterovSolve] Iter:  310 overflow: 0.157 HPWL: 494797
[NesterovSolve] Iter:  320 overflow: 0.135 HPWL: 499673
[NesterovSolve] Iter:  330 overflow: 0.107 HPWL: 504138
[NesterovSolve] Finished with Overflow: 0.099364
[INFO] Setting RC values…
Setting global connections for newly added cells…
[INFO] Setting global connections...
Updating metrics…
Cell type report:                       Count       Area
  Fill cell                                36     135.13
  Tap cell                                 30      37.54
  Inverter                                 28     105.10
  Sequential cell                          26     683.16
  Multi-Input combinational cell           49     460.44
  Total                                   169    1421.36
Writing OpenROAD database to '/Users/prahalad/ReversableGate/openlane/conventional-carry-select-openlane/runs/RUN_2025-11-05_20-14-14/23-openroad-globalplacementskipio/carry_select_wrapper.odb'…
Writing netlist to '/Users/prahalad/ReversableGate/openlane/conventional-carry-select-openlane/runs/RUN_2025-11-05_20-14-14/23-openroad-globalplacementskipio/carry_select_wrapper.nl.v'…
Writing powered netlist to '/Users/prahalad/ReversableGate/openlane/conventional-carry-select-openlane/runs/RUN_2025-11-05_20-14-14/23-openroad-globalplacementskipio/carry_select_wrapper.pnl.v'…
Writing layout to '/Users/prahalad/ReversableGate/openlane/conventional-carry-select-openlane/runs/RUN_2025-11-05_20-14-14/23-openroad-globalplacementskipio/carry_select_wrapper.def'…
Writing timing constraints to '/Users/prahalad/ReversableGate/openlane/conventional-carry-select-openlane/runs/RUN_2025-11-05_20-14-14/23-openroad-globalplacementskipio/carry_select_wrapper.sdc'…
