
===========================================================================
report_checks -unconstrained
===========================================================================
======================= nom_ss_100C_1v60 Corner ===================================

Startpoint: _182_ (rising edge-triggered flip-flop clocked by clk)
Endpoint: _165_ (rising edge-triggered flip-flop clocked by clk)
Path Group: clk
Path Type: max

Fanout         Cap        Slew       Delay        Time   Description
---------------------------------------------------------------------------------------------
                      0.150000    0.000000    0.000000   clock clk (rise edge)
                                  0.000000    0.000000   clock network delay (ideal)
                      0.150000    0.000000    0.000000 ^ _182_/CLK (sky130_fd_sc_hd__dfxtp_2)
     3    0.007159    0.059326    0.653669    0.653669 v _182_/Q (sky130_fd_sc_hd__dfxtp_2)
                                                         cin_r (net)
                      0.059326    0.000000    0.653669 v _079_/A (sky130_fd_sc_hd__or2_2)
     3    0.010384    0.155025    0.718831    1.372500 v _079_/X (sky130_fd_sc_hd__or2_2)
                                                         _048_ (net)
                      0.155025    0.000000    1.372500 v _084_/A2 (sky130_fd_sc_hd__a21boi_2)
     2    0.009751    0.248479    0.334066    1.706567 ^ _084_/Y (sky130_fd_sc_hd__a21boi_2)
                                                         _052_ (net)
                      0.248479    0.000000    1.706567 ^ _086_/B (sky130_fd_sc_hd__xnor2_2)
     2    0.006034    0.214007    0.269765    1.976332 ^ _086_/Y (sky130_fd_sc_hd__xnor2_2)
                                                         _054_ (net)
                      0.214007    0.000000    1.976332 ^ _088_/B (sky130_fd_sc_hd__nand2_2)
     3    0.007947    0.095960    0.174539    2.150870 v _088_/Y (sky130_fd_sc_hd__nand2_2)
                                                         _056_ (net)
                      0.095960    0.000000    2.150870 v _091_/A2 (sky130_fd_sc_hd__a21bo_2)
     2    0.002587    0.060030    0.385737    2.536607 v _091_/X (sky130_fd_sc_hd__a21bo_2)
                                                         _058_ (net)
                      0.060030    0.000000    2.536607 v _095_/B1_N (sky130_fd_sc_hd__a21bo_2)
     2    0.013159    0.137689    0.418938    2.955545 ^ _095_/X (sky130_fd_sc_hd__a21bo_2)
                                                         _061_ (net)
                      0.137689    0.000000    2.955545 ^ _097_/B (sky130_fd_sc_hd__xor2_2)
     2    0.006034    0.196815    0.272980    3.228526 ^ _097_/X (sky130_fd_sc_hd__xor2_2)
                                                         _063_ (net)
                      0.196815    0.000000    3.228526 ^ _099_/B (sky130_fd_sc_hd__nand2_2)
     3    0.007947    0.094962    0.168243    3.396769 v _099_/Y (sky130_fd_sc_hd__nand2_2)
                                                         _065_ (net)
                      0.094962    0.000000    3.396769 v _102_/A2 (sky130_fd_sc_hd__a21bo_2)
     2    0.002587    0.060034    0.385325    3.782094 v _102_/X (sky130_fd_sc_hd__a21bo_2)
                                                         _067_ (net)
                      0.060034    0.000000    3.782094 v _106_/B1_N (sky130_fd_sc_hd__a21bo_2)
     2    0.013159    0.137689    0.418940    4.201034 ^ _106_/X (sky130_fd_sc_hd__a21bo_2)
                                                         _070_ (net)
                      0.137689    0.000000    4.201034 ^ _108_/B (sky130_fd_sc_hd__xor2_2)
     2    0.006034    0.196815    0.272980    4.474014 ^ _108_/X (sky130_fd_sc_hd__xor2_2)
                                                         _072_ (net)
                      0.196815    0.000000    4.474014 ^ _110_/B (sky130_fd_sc_hd__nand2_2)
     3    0.007947    0.094962    0.168243    4.642257 v _110_/Y (sky130_fd_sc_hd__nand2_2)
                                                         _074_ (net)
                      0.094962    0.000000    4.642257 v _113_/A2 (sky130_fd_sc_hd__a21bo_2)
     2    0.002787    0.061124    0.386916    5.029174 v _113_/X (sky130_fd_sc_hd__a21bo_2)
                                                         _076_ (net)
                      0.061124    0.000000    5.029174 v _117_/B1_N (sky130_fd_sc_hd__a21boi_2)
     2    0.009423    0.112696    0.339849    5.369023 v _117_/Y (sky130_fd_sc_hd__a21boi_2)
                                                         _026_ (net)
                      0.112696    0.000000    5.369023 v _119_/B (sky130_fd_sc_hd__xnor2_2)
     2    0.005521    0.106470    0.258277    5.627300 v _119_/Y (sky130_fd_sc_hd__xnor2_2)
                                                         _028_ (net)
                      0.106470    0.000000    5.627300 v _120_/B (sky130_fd_sc_hd__or2_2)
     1    0.001418    0.101854    0.608982    6.236282 v _120_/X (sky130_fd_sc_hd__or2_2)
                                                         _029_ (net)
                      0.101854    0.000000    6.236282 v _122_/B (sky130_fd_sc_hd__and3b_2)
     1    0.001577    0.065959    0.402581    6.638863 v _122_/X (sky130_fd_sc_hd__and3b_2)
                                                         _007_ (net)
                      0.065959    0.000000    6.638863 v _165_/D (sky130_fd_sc_hd__dfxtp_2)
                                              6.638863   data arrival time

                      0.150000   25.000000   25.000000   clock clk (rise edge)
                                  0.000000   25.000000   clock network delay (ideal)
                                 -0.250000   24.750000   clock uncertainty
                                  0.000000   24.750000   clock reconvergence pessimism
                                             24.750000 ^ _165_/CLK (sky130_fd_sc_hd__dfxtp_2)
                                 -0.251043   24.498959   library setup time
                                             24.498959   data required time
---------------------------------------------------------------------------------------------
                                             24.498959   data required time
                                             -6.638863   data arrival time
---------------------------------------------------------------------------------------------
                                             17.860096   slack (MET)




===========================================================================
report_checks --slack_max -0.01
============================================================================
======================= nom_ss_100C_1v60 Corner ===================================

No paths found.


===========================================================================
 report_check_types -max_slew -max_cap -max_fanout -violators
============================================================================
======================= nom_ss_100C_1v60 Corner ===================================

max fanout

Pin                                   Limit Fanout  Slack
---------------------------------------------------------
reset                                    10     26    -16 (VIOLATED)
enable                                   10     17     -7 (VIOLATED)



===========================================================================
report_parasitic_annotation -report_unannotated
============================================================================
Found 125 unannotated drivers.
 a[0]
 a[1]
 a[2]
 a[3]
 a[4]
 a[5]
 a[6]
 a[7]
 b[0]
 b[1]
 b[2]
 b[3]
 b[4]
 b[5]
 b[6]
 b[7]
 cin
 clk
 enable
 reset
 _079_/X
 _080_/Y
 _081_/Y
 _082_/X
 _083_/Y
 _084_/Y
 _085_/Y
 _086_/Y
 _087_/X
 _088_/Y
 _089_/X
 _090_/Y
 _091_/X
 _092_/X
 _093_/Y
 _094_/X
 _095_/X
 _096_/Y
 _097_/X
 _098_/X
 _099_/Y
 _100_/X
 _101_/Y
 _102_/X
 _103_/X
 _104_/Y
 _105_/X
 _106_/X
 _107_/Y
 _108_/X
 _109_/X
 _110_/Y
 _111_/X
 _112_/Y
 _113_/X
 _114_/X
 _115_/Y
 _116_/X
 _117_/Y
 _118_/Y
 _119_/Y
 _120_/X
 _121_/Y
 _122_/X
 _123_/X
 _124_/X
 _125_/X
 _126_/X
 _127_/X
 _128_/X
 _129_/X
 _130_/X
 _131_/X
 _132_/X
 _133_/X
 _134_/X
 _135_/X
 _136_/X
 _137_/X
 _138_/X
 _139_/X
 _140_/X
 _141_/X
 _142_/X
 _143_/X
 _144_/X
 _145_/X
 _146_/X
 _147_/X
 _148_/X
 _149_/X
 _150_/X
 _151_/X
 _152_/X
 _153_/X
 _154_/X
 _155_/X
 _156_/X
 _157_/Y
 _158_/Q
 _159_/Q
 _160_/Q
 _161_/Q
 _162_/Q
 _163_/Q
 _164_/Q
 _165_/Q
 _166_/Q
 _167_/Q
 _168_/Q
 _169_/Q
 _170_/Q
 _171_/Q
 _172_/Q
 _173_/Q
 _174_/Q
 _175_/Q
 _176_/Q
 _177_/Q
 _178_/Q
 _179_/Q
 _180_/Q
 _181_/Q
 _182_/Q
 _183_/Q
Found 0 partially unannotated drivers.

===========================================================================
max slew violation count 0
max fanout violation count 2
max cap violation count 0
============================================================================

===========================================================================
check_setup -verbose -unconstrained_endpoints -multiple_clock -no_clock -no_input_delay -loops -generated_clocks
===========================================================================
