Clock: clk
Sources: clk 
Generated: no
Virtual: no
Propagated: no
Period: 25.000000

===========================================================================
report_clock_properties
============================================================================
Clock                   Period          Waveform
----------------------------------------------------
clk                  25.000000    0.000000 12.500000

===========================================================================
report_clock_latency
============================================================================
Clock clk
rise -> rise
    min     max
0.000000 0.000000 source latency
0.223770         network latency _158_/CLK
        0.223770 network latency _158_/CLK
---------------
0.223770 0.223770 latency
        0.000000 skew

fall -> fall
    min     max
0.000000 0.000000 source latency
0.127280         network latency _158_/CLK
        0.127280 network latency _158_/CLK
---------------
0.127280 0.127280 latency
        0.000000 skew



===========================================================================
report_clock_min_period
============================================================================
clk period_min = 7.14 fmax = 140.06
