
===========================================================================
report_checks -path_delay max (Setup)
============================================================================
======================= nom_ss_100C_1v60 Corner ===================================

Startpoint: _182_ (rising edge-triggered flip-flop clocked by clk)
Endpoint: _165_ (rising edge-triggered flip-flop clocked by clk)
Path Group: clk
Path Type: max

Fanout         Cap        Slew       Delay        Time   Description
---------------------------------------------------------------------------------------------
                      0.150000    0.000000    0.000000   clock clk (rise edge)
                                  0.000000    0.000000   clock network delay (ideal)
                      0.150000    0.000000    0.000000 ^ _182_/CLK (sky130_fd_sc_hd__dfxtp_2)
     3    0.007159    0.059326    0.653669    0.653669 v _182_/Q (sky130_fd_sc_hd__dfxtp_2)
                                                         cin_r (net)
                      0.059326    0.000000    0.653669 v _079_/A (sky130_fd_sc_hd__or2_2)
     3    0.010384    0.155025    0.718831    1.372500 v _079_/X (sky130_fd_sc_hd__or2_2)
                                                         _048_ (net)
                      0.155025    0.000000    1.372500 v _084_/A2 (sky130_fd_sc_hd__a21boi_2)
     2    0.009751    0.248479    0.334066    1.706567 ^ _084_/Y (sky130_fd_sc_hd__a21boi_2)
                                                         _052_ (net)
                      0.248479    0.000000    1.706567 ^ _086_/B (sky130_fd_sc_hd__xnor2_2)
     2    0.006034    0.214007    0.269765    1.976332 ^ _086_/Y (sky130_fd_sc_hd__xnor2_2)
                                                         _054_ (net)
                      0.214007    0.000000    1.976332 ^ _088_/B (sky130_fd_sc_hd__nand2_2)
     3    0.007947    0.095960    0.174539    2.150870 v _088_/Y (sky130_fd_sc_hd__nand2_2)
                                                         _056_ (net)
                      0.095960    0.000000    2.150870 v _091_/A2 (sky130_fd_sc_hd__a21bo_2)
     2    0.002587    0.060030    0.385737    2.536607 v _091_/X (sky130_fd_sc_hd__a21bo_2)
                                                         _058_ (net)
                      0.060030    0.000000    2.536607 v _095_/B1_N (sky130_fd_sc_hd__a21bo_2)
     2    0.013159    0.137689    0.418938    2.955545 ^ _095_/X (sky130_fd_sc_hd__a21bo_2)
                                                         _061_ (net)
                      0.137689    0.000000    2.955545 ^ _097_/B (sky130_fd_sc_hd__xor2_2)
     2    0.006034    0.196815    0.272980    3.228526 ^ _097_/X (sky130_fd_sc_hd__xor2_2)
                                                         _063_ (net)
                      0.196815    0.000000    3.228526 ^ _099_/B (sky130_fd_sc_hd__nand2_2)
     3    0.007947    0.094962    0.168243    3.396769 v _099_/Y (sky130_fd_sc_hd__nand2_2)
                                                         _065_ (net)
                      0.094962    0.000000    3.396769 v _102_/A2 (sky130_fd_sc_hd__a21bo_2)
     2    0.002587    0.060034    0.385325    3.782094 v _102_/X (sky130_fd_sc_hd__a21bo_2)
                                                         _067_ (net)
                      0.060034    0.000000    3.782094 v _106_/B1_N (sky130_fd_sc_hd__a21bo_2)
     2    0.013159    0.137689    0.418940    4.201034 ^ _106_/X (sky130_fd_sc_hd__a21bo_2)
                                                         _070_ (net)
                      0.137689    0.000000    4.201034 ^ _108_/B (sky130_fd_sc_hd__xor2_2)
     2    0.006034    0.196815    0.272980    4.474014 ^ _108_/X (sky130_fd_sc_hd__xor2_2)
                                                         _072_ (net)
                      0.196815    0.000000    4.474014 ^ _110_/B (sky130_fd_sc_hd__nand2_2)
     3    0.007947    0.094962    0.168243    4.642257 v _110_/Y (sky130_fd_sc_hd__nand2_2)
                                                         _074_ (net)
                      0.094962    0.000000    4.642257 v _113_/A2 (sky130_fd_sc_hd__a21bo_2)
     2    0.002787    0.061124    0.386916    5.029174 v _113_/X (sky130_fd_sc_hd__a21bo_2)
                                                         _076_ (net)
                      0.061124    0.000000    5.029174 v _117_/B1_N (sky130_fd_sc_hd__a21boi_2)
     2    0.009423    0.112696    0.339849    5.369023 v _117_/Y (sky130_fd_sc_hd__a21boi_2)
                                                         _026_ (net)
                      0.112696    0.000000    5.369023 v _119_/B (sky130_fd_sc_hd__xnor2_2)
     2    0.005521    0.106470    0.258277    5.627300 v _119_/Y (sky130_fd_sc_hd__xnor2_2)
                                                         _028_ (net)
                      0.106470    0.000000    5.627300 v _120_/B (sky130_fd_sc_hd__or2_2)
     1    0.001418    0.101854    0.608982    6.236282 v _120_/X (sky130_fd_sc_hd__or2_2)
                                                         _029_ (net)
                      0.101854    0.000000    6.236282 v _122_/B (sky130_fd_sc_hd__and3b_2)
     1    0.001577    0.065959    0.402581    6.638863 v _122_/X (sky130_fd_sc_hd__and3b_2)
                                                         _007_ (net)
                      0.065959    0.000000    6.638863 v _165_/D (sky130_fd_sc_hd__dfxtp_2)
                                              6.638863   data arrival time

                      0.150000   25.000000   25.000000   clock clk (rise edge)
                                  0.000000   25.000000   clock network delay (ideal)
                                 -0.250000   24.750000   clock uncertainty
                                  0.000000   24.750000   clock reconvergence pessimism
                                             24.750000 ^ _165_/CLK (sky130_fd_sc_hd__dfxtp_2)
                                 -0.251043   24.498959   library setup time
                                             24.498959   data required time
---------------------------------------------------------------------------------------------
                                             24.498959   data required time
                                             -6.638863   data arrival time
---------------------------------------------------------------------------------------------
                                             17.860096   slack (MET)


Startpoint: enable (input port clocked by clk)
Endpoint: _166_ (rising edge-triggered flip-flop clocked by clk)
Path Group: clk
Path Type: max

Fanout         Cap        Slew       Delay        Time   Description
---------------------------------------------------------------------------------------------
                      0.150000    0.000000    0.000000   clock clk (rise edge)
                                  0.000000    0.000000   clock network delay (ideal)
                                  5.000000    5.000000 ^ input external delay
    17    0.057052    0.411977    0.284950    5.284950 ^ enable (in)
                                                         enable (net)
                      0.411977    0.000000    5.284950 ^ _123_/S (sky130_fd_sc_hd__mux2_1)
     1    0.001490    0.098518    0.782867    6.067817 v _123_/X (sky130_fd_sc_hd__mux2_1)
                                                         _031_ (net)
                      0.098518    0.000000    6.067817 v _124_/B (sky130_fd_sc_hd__and2b_2)
     1    0.001577    0.063051    0.399026    6.466843 v _124_/X (sky130_fd_sc_hd__and2b_2)
                                                         _008_ (net)
                      0.063051    0.000000    6.466843 v _166_/D (sky130_fd_sc_hd__dfxtp_2)
                                              6.466843   data arrival time

                      0.150000   25.000000   25.000000   clock clk (rise edge)
                                  0.000000   25.000000   clock network delay (ideal)
                                 -0.250000   24.750000   clock uncertainty
                                  0.000000   24.750000   clock reconvergence pessimism
                                             24.750000 ^ _166_/CLK (sky130_fd_sc_hd__dfxtp_2)
                                 -0.249835   24.500164   library setup time
                                             24.500164   data required time
---------------------------------------------------------------------------------------------
                                             24.500164   data required time
                                             -6.466843   data arrival time
---------------------------------------------------------------------------------------------
                                             18.033321   slack (MET)


Startpoint: enable (input port clocked by clk)
Endpoint: _167_ (rising edge-triggered flip-flop clocked by clk)
Path Group: clk
Path Type: max

Fanout         Cap        Slew       Delay        Time   Description
---------------------------------------------------------------------------------------------
                      0.150000    0.000000    0.000000   clock clk (rise edge)
                                  0.000000    0.000000   clock network delay (ideal)
                                  5.000000    5.000000 ^ input external delay
    17    0.057052    0.411977    0.284950    5.284950 ^ enable (in)
                                                         enable (net)
                      0.411977    0.000000    5.284950 ^ _125_/S (sky130_fd_sc_hd__mux2_1)
     1    0.001490    0.098518    0.782867    6.067817 v _125_/X (sky130_fd_sc_hd__mux2_1)
                                                         _032_ (net)
                      0.098518    0.000000    6.067817 v _126_/B (sky130_fd_sc_hd__and2b_2)
     1    0.001577    0.063051    0.399026    6.466843 v _126_/X (sky130_fd_sc_hd__and2b_2)
                                                         _009_ (net)
                      0.063051    0.000000    6.466843 v _167_/D (sky130_fd_sc_hd__dfxtp_2)
                                              6.466843   data arrival time

                      0.150000   25.000000   25.000000   clock clk (rise edge)
                                  0.000000   25.000000   clock network delay (ideal)
                                 -0.250000   24.750000   clock uncertainty
                                  0.000000   24.750000   clock reconvergence pessimism
                                             24.750000 ^ _167_/CLK (sky130_fd_sc_hd__dfxtp_2)
                                 -0.249835   24.500164   library setup time
                                             24.500164   data required time
---------------------------------------------------------------------------------------------
                                             24.500164   data required time
                                             -6.466843   data arrival time
---------------------------------------------------------------------------------------------
                                             18.033321   slack (MET)


Startpoint: enable (input port clocked by clk)
Endpoint: _168_ (rising edge-triggered flip-flop clocked by clk)
Path Group: clk
Path Type: max

Fanout         Cap        Slew       Delay        Time   Description
---------------------------------------------------------------------------------------------
                      0.150000    0.000000    0.000000   clock clk (rise edge)
                                  0.000000    0.000000   clock network delay (ideal)
                                  5.000000    5.000000 ^ input external delay
    17    0.057052    0.411977    0.284950    5.284950 ^ enable (in)
                                                         enable (net)
                      0.411977    0.000000    5.284950 ^ _127_/S (sky130_fd_sc_hd__mux2_1)
     1    0.001490    0.098518    0.782867    6.067817 v _127_/X (sky130_fd_sc_hd__mux2_1)
                                                         _033_ (net)
                      0.098518    0.000000    6.067817 v _128_/B (sky130_fd_sc_hd__and2b_2)
     1    0.001577    0.063051    0.399026    6.466843 v _128_/X (sky130_fd_sc_hd__and2b_2)
                                                         _010_ (net)
                      0.063051    0.000000    6.466843 v _168_/D (sky130_fd_sc_hd__dfxtp_2)
                                              6.466843   data arrival time

                      0.150000   25.000000   25.000000   clock clk (rise edge)
                                  0.000000   25.000000   clock network delay (ideal)
                                 -0.250000   24.750000   clock uncertainty
                                  0.000000   24.750000   clock reconvergence pessimism
                                             24.750000 ^ _168_/CLK (sky130_fd_sc_hd__dfxtp_2)
                                 -0.249835   24.500164   library setup time
                                             24.500164   data required time
---------------------------------------------------------------------------------------------
                                             24.500164   data required time
                                             -6.466843   data arrival time
---------------------------------------------------------------------------------------------
                                             18.033321   slack (MET)


Startpoint: enable (input port clocked by clk)
Endpoint: _169_ (rising edge-triggered flip-flop clocked by clk)
Path Group: clk
Path Type: max

Fanout         Cap        Slew       Delay        Time   Description
---------------------------------------------------------------------------------------------
                      0.150000    0.000000    0.000000   clock clk (rise edge)
                                  0.000000    0.000000   clock network delay (ideal)
                                  5.000000    5.000000 ^ input external delay
    17    0.057052    0.411977    0.284950    5.284950 ^ enable (in)
                                                         enable (net)
                      0.411977    0.000000    5.284950 ^ _129_/S (sky130_fd_sc_hd__mux2_1)
     1    0.001490    0.098518    0.782867    6.067817 v _129_/X (sky130_fd_sc_hd__mux2_1)
                                                         _034_ (net)
                      0.098518    0.000000    6.067817 v _130_/B (sky130_fd_sc_hd__and2b_2)
     1    0.001577    0.063051    0.399026    6.466843 v _130_/X (sky130_fd_sc_hd__and2b_2)
                                                         _011_ (net)
                      0.063051    0.000000    6.466843 v _169_/D (sky130_fd_sc_hd__dfxtp_2)
                                              6.466843   data arrival time

                      0.150000   25.000000   25.000000   clock clk (rise edge)
                                  0.000000   25.000000   clock network delay (ideal)
                                 -0.250000   24.750000   clock uncertainty
                                  0.000000   24.750000   clock reconvergence pessimism
                                             24.750000 ^ _169_/CLK (sky130_fd_sc_hd__dfxtp_2)
                                 -0.249835   24.500164   library setup time
                                             24.500164   data required time
---------------------------------------------------------------------------------------------
                                             24.500164   data required time
                                             -6.466843   data arrival time
---------------------------------------------------------------------------------------------
                                             18.033321   slack (MET)


Startpoint: enable (input port clocked by clk)
Endpoint: _170_ (rising edge-triggered flip-flop clocked by clk)
Path Group: clk
Path Type: max

Fanout         Cap        Slew       Delay        Time   Description
---------------------------------------------------------------------------------------------
                      0.150000    0.000000    0.000000   clock clk (rise edge)
                                  0.000000    0.000000   clock network delay (ideal)
                                  5.000000    5.000000 ^ input external delay
    17    0.057052    0.411977    0.284950    5.284950 ^ enable (in)
                                                         enable (net)
                      0.411977    0.000000    5.284950 ^ _131_/S (sky130_fd_sc_hd__mux2_1)
     1    0.001490    0.098518    0.782867    6.067817 v _131_/X (sky130_fd_sc_hd__mux2_1)
                                                         _035_ (net)
                      0.098518    0.000000    6.067817 v _132_/B (sky130_fd_sc_hd__and2b_2)
     1    0.001577    0.063051    0.399026    6.466843 v _132_/X (sky130_fd_sc_hd__and2b_2)
                                                         _012_ (net)
                      0.063051    0.000000    6.466843 v _170_/D (sky130_fd_sc_hd__dfxtp_2)
                                              6.466843   data arrival time

                      0.150000   25.000000   25.000000   clock clk (rise edge)
                                  0.000000   25.000000   clock network delay (ideal)
                                 -0.250000   24.750000   clock uncertainty
                                  0.000000   24.750000   clock reconvergence pessimism
                                             24.750000 ^ _170_/CLK (sky130_fd_sc_hd__dfxtp_2)
                                 -0.249835   24.500164   library setup time
                                             24.500164   data required time
---------------------------------------------------------------------------------------------
                                             24.500164   data required time
                                             -6.466843   data arrival time
---------------------------------------------------------------------------------------------
                                             18.033321   slack (MET)


Startpoint: enable (input port clocked by clk)
Endpoint: _171_ (rising edge-triggered flip-flop clocked by clk)
Path Group: clk
Path Type: max

Fanout         Cap        Slew       Delay        Time   Description
---------------------------------------------------------------------------------------------
                      0.150000    0.000000    0.000000   clock clk (rise edge)
                                  0.000000    0.000000   clock network delay (ideal)
                                  5.000000    5.000000 ^ input external delay
    17    0.057052    0.411977    0.284950    5.284950 ^ enable (in)
                                                         enable (net)
                      0.411977    0.000000    5.284950 ^ _133_/S (sky130_fd_sc_hd__mux2_1)
     1    0.001490    0.098518    0.782867    6.067817 v _133_/X (sky130_fd_sc_hd__mux2_1)
                                                         _036_ (net)
                      0.098518    0.000000    6.067817 v _134_/B (sky130_fd_sc_hd__and2b_2)
     1    0.001577    0.063051    0.399026    6.466843 v _134_/X (sky130_fd_sc_hd__and2b_2)
                                                         _013_ (net)
                      0.063051    0.000000    6.466843 v _171_/D (sky130_fd_sc_hd__dfxtp_2)
                                              6.466843   data arrival time

                      0.150000   25.000000   25.000000   clock clk (rise edge)
                                  0.000000   25.000000   clock network delay (ideal)
                                 -0.250000   24.750000   clock uncertainty
                                  0.000000   24.750000   clock reconvergence pessimism
                                             24.750000 ^ _171_/CLK (sky130_fd_sc_hd__dfxtp_2)
                                 -0.249835   24.500164   library setup time
                                             24.500164   data required time
---------------------------------------------------------------------------------------------
                                             24.500164   data required time
                                             -6.466843   data arrival time
---------------------------------------------------------------------------------------------
                                             18.033321   slack (MET)


Startpoint: enable (input port clocked by clk)
Endpoint: _172_ (rising edge-triggered flip-flop clocked by clk)
Path Group: clk
Path Type: max

Fanout         Cap        Slew       Delay        Time   Description
---------------------------------------------------------------------------------------------
                      0.150000    0.000000    0.000000   clock clk (rise edge)
                                  0.000000    0.000000   clock network delay (ideal)
                                  5.000000    5.000000 ^ input external delay
    17    0.057052    0.411977    0.284950    5.284950 ^ enable (in)
                                                         enable (net)
                      0.411977    0.000000    5.284950 ^ _135_/S (sky130_fd_sc_hd__mux2_1)
     1    0.001490    0.098518    0.782867    6.067817 v _135_/X (sky130_fd_sc_hd__mux2_1)
                                                         _037_ (net)
                      0.098518    0.000000    6.067817 v _136_/B (sky130_fd_sc_hd__and2b_2)
     1    0.001577    0.063051    0.399026    6.466843 v _136_/X (sky130_fd_sc_hd__and2b_2)
                                                         _014_ (net)
                      0.063051    0.000000    6.466843 v _172_/D (sky130_fd_sc_hd__dfxtp_2)
                                              6.466843   data arrival time

                      0.150000   25.000000   25.000000   clock clk (rise edge)
                                  0.000000   25.000000   clock network delay (ideal)
                                 -0.250000   24.750000   clock uncertainty
                                  0.000000   24.750000   clock reconvergence pessimism
                                             24.750000 ^ _172_/CLK (sky130_fd_sc_hd__dfxtp_2)
                                 -0.249835   24.500164   library setup time
                                             24.500164   data required time
---------------------------------------------------------------------------------------------
                                             24.500164   data required time
                                             -6.466843   data arrival time
---------------------------------------------------------------------------------------------
                                             18.033321   slack (MET)


Startpoint: enable (input port clocked by clk)
Endpoint: _173_ (rising edge-triggered flip-flop clocked by clk)
Path Group: clk
Path Type: max

Fanout         Cap        Slew       Delay        Time   Description
---------------------------------------------------------------------------------------------
                      0.150000    0.000000    0.000000   clock clk (rise edge)
                                  0.000000    0.000000   clock network delay (ideal)
                                  5.000000    5.000000 ^ input external delay
    17    0.057052    0.411977    0.284950    5.284950 ^ enable (in)
                                                         enable (net)
                      0.411977    0.000000    5.284950 ^ _137_/S (sky130_fd_sc_hd__mux2_1)
     1    0.001490    0.098518    0.782867    6.067817 v _137_/X (sky130_fd_sc_hd__mux2_1)
                                                         _038_ (net)
                      0.098518    0.000000    6.067817 v _138_/B (sky130_fd_sc_hd__and2b_2)
     1    0.001577    0.063051    0.399026    6.466843 v _138_/X (sky130_fd_sc_hd__and2b_2)
                                                         _015_ (net)
                      0.063051    0.000000    6.466843 v _173_/D (sky130_fd_sc_hd__dfxtp_2)
                                              6.466843   data arrival time

                      0.150000   25.000000   25.000000   clock clk (rise edge)
                                  0.000000   25.000000   clock network delay (ideal)
                                 -0.250000   24.750000   clock uncertainty
                                  0.000000   24.750000   clock reconvergence pessimism
                                             24.750000 ^ _173_/CLK (sky130_fd_sc_hd__dfxtp_2)
                                 -0.249835   24.500164   library setup time
                                             24.500164   data required time
---------------------------------------------------------------------------------------------
                                             24.500164   data required time
                                             -6.466843   data arrival time
---------------------------------------------------------------------------------------------
                                             18.033321   slack (MET)


Startpoint: enable (input port clocked by clk)
Endpoint: _174_ (rising edge-triggered flip-flop clocked by clk)
Path Group: clk
Path Type: max

Fanout         Cap        Slew       Delay        Time   Description
---------------------------------------------------------------------------------------------
                      0.150000    0.000000    0.000000   clock clk (rise edge)
                                  0.000000    0.000000   clock network delay (ideal)
                                  5.000000    5.000000 ^ input external delay
    17    0.057052    0.411977    0.284950    5.284950 ^ enable (in)
                                                         enable (net)
                      0.411977    0.000000    5.284950 ^ _139_/S (sky130_fd_sc_hd__mux2_1)
     1    0.001490    0.098518    0.782867    6.067817 v _139_/X (sky130_fd_sc_hd__mux2_1)
                                                         _039_ (net)
                      0.098518    0.000000    6.067817 v _140_/B (sky130_fd_sc_hd__and2b_2)
     1    0.001577    0.063051    0.399026    6.466843 v _140_/X (sky130_fd_sc_hd__and2b_2)
                                                         _016_ (net)
                      0.063051    0.000000    6.466843 v _174_/D (sky130_fd_sc_hd__dfxtp_2)
                                              6.466843   data arrival time

                      0.150000   25.000000   25.000000   clock clk (rise edge)
                                  0.000000   25.000000   clock network delay (ideal)
                                 -0.250000   24.750000   clock uncertainty
                                  0.000000   24.750000   clock reconvergence pessimism
                                             24.750000 ^ _174_/CLK (sky130_fd_sc_hd__dfxtp_2)
                                 -0.249835   24.500164   library setup time
                                             24.500164   data required time
---------------------------------------------------------------------------------------------
                                             24.500164   data required time
                                             -6.466843   data arrival time
---------------------------------------------------------------------------------------------
                                             18.033321   slack (MET)


Startpoint: enable (input port clocked by clk)
Endpoint: _175_ (rising edge-triggered flip-flop clocked by clk)
Path Group: clk
Path Type: max

Fanout         Cap        Slew       Delay        Time   Description
---------------------------------------------------------------------------------------------
                      0.150000    0.000000    0.000000   clock clk (rise edge)
                                  0.000000    0.000000   clock network delay (ideal)
                                  5.000000    5.000000 ^ input external delay
    17    0.057052    0.411977    0.284950    5.284950 ^ enable (in)
                                                         enable (net)
                      0.411977    0.000000    5.284950 ^ _141_/S (sky130_fd_sc_hd__mux2_1)
     1    0.001490    0.098518    0.782867    6.067817 v _141_/X (sky130_fd_sc_hd__mux2_1)
                                                         _040_ (net)
                      0.098518    0.000000    6.067817 v _142_/B (sky130_fd_sc_hd__and2b_2)
     1    0.001577    0.063051    0.399026    6.466843 v _142_/X (sky130_fd_sc_hd__and2b_2)
                                                         _017_ (net)
                      0.063051    0.000000    6.466843 v _175_/D (sky130_fd_sc_hd__dfxtp_2)
                                              6.466843   data arrival time

                      0.150000   25.000000   25.000000   clock clk (rise edge)
                                  0.000000   25.000000   clock network delay (ideal)
                                 -0.250000   24.750000   clock uncertainty
                                  0.000000   24.750000   clock reconvergence pessimism
                                             24.750000 ^ _175_/CLK (sky130_fd_sc_hd__dfxtp_2)
                                 -0.249835   24.500164   library setup time
                                             24.500164   data required time
---------------------------------------------------------------------------------------------
                                             24.500164   data required time
                                             -6.466843   data arrival time
---------------------------------------------------------------------------------------------
                                             18.033321   slack (MET)


Startpoint: enable (input port clocked by clk)
Endpoint: _176_ (rising edge-triggered flip-flop clocked by clk)
Path Group: clk
Path Type: max

Fanout         Cap        Slew       Delay        Time   Description
---------------------------------------------------------------------------------------------
                      0.150000    0.000000    0.000000   clock clk (rise edge)
                                  0.000000    0.000000   clock network delay (ideal)
                                  5.000000    5.000000 ^ input external delay
    17    0.057052    0.411977    0.284950    5.284950 ^ enable (in)
                                                         enable (net)
                      0.411977    0.000000    5.284950 ^ _143_/S (sky130_fd_sc_hd__mux2_1)
     1    0.001490    0.098518    0.782867    6.067817 v _143_/X (sky130_fd_sc_hd__mux2_1)
                                                         _041_ (net)
                      0.098518    0.000000    6.067817 v _144_/B (sky130_fd_sc_hd__and2b_2)
     1    0.001577    0.063051    0.399026    6.466843 v _144_/X (sky130_fd_sc_hd__and2b_2)
                                                         _018_ (net)
                      0.063051    0.000000    6.466843 v _176_/D (sky130_fd_sc_hd__dfxtp_2)
                                              6.466843   data arrival time

                      0.150000   25.000000   25.000000   clock clk (rise edge)
                                  0.000000   25.000000   clock network delay (ideal)
                                 -0.250000   24.750000   clock uncertainty
                                  0.000000   24.750000   clock reconvergence pessimism
                                             24.750000 ^ _176_/CLK (sky130_fd_sc_hd__dfxtp_2)
                                 -0.249835   24.500164   library setup time
                                             24.500164   data required time
---------------------------------------------------------------------------------------------
                                             24.500164   data required time
                                             -6.466843   data arrival time
---------------------------------------------------------------------------------------------
                                             18.033321   slack (MET)


Startpoint: enable (input port clocked by clk)
Endpoint: _177_ (rising edge-triggered flip-flop clocked by clk)
Path Group: clk
Path Type: max

Fanout         Cap        Slew       Delay        Time   Description
---------------------------------------------------------------------------------------------
                      0.150000    0.000000    0.000000   clock clk (rise edge)
                                  0.000000    0.000000   clock network delay (ideal)
                                  5.000000    5.000000 ^ input external delay
    17    0.057052    0.411977    0.284950    5.284950 ^ enable (in)
                                                         enable (net)
                      0.411977    0.000000    5.284950 ^ _145_/S (sky130_fd_sc_hd__mux2_1)
     1    0.001490    0.098518    0.782867    6.067817 v _145_/X (sky130_fd_sc_hd__mux2_1)
                                                         _042_ (net)
                      0.098518    0.000000    6.067817 v _146_/B (sky130_fd_sc_hd__and2b_2)
     1    0.001577    0.063051    0.399026    6.466843 v _146_/X (sky130_fd_sc_hd__and2b_2)
                                                         _019_ (net)
                      0.063051    0.000000    6.466843 v _177_/D (sky130_fd_sc_hd__dfxtp_2)
                                              6.466843   data arrival time

                      0.150000   25.000000   25.000000   clock clk (rise edge)
                                  0.000000   25.000000   clock network delay (ideal)
                                 -0.250000   24.750000   clock uncertainty
                                  0.000000   24.750000   clock reconvergence pessimism
                                             24.750000 ^ _177_/CLK (sky130_fd_sc_hd__dfxtp_2)
                                 -0.249835   24.500164   library setup time
                                             24.500164   data required time
---------------------------------------------------------------------------------------------
                                             24.500164   data required time
                                             -6.466843   data arrival time
---------------------------------------------------------------------------------------------
                                             18.033321   slack (MET)


Startpoint: enable (input port clocked by clk)
Endpoint: _178_ (rising edge-triggered flip-flop clocked by clk)
Path Group: clk
Path Type: max

Fanout         Cap        Slew       Delay        Time   Description
---------------------------------------------------------------------------------------------
                      0.150000    0.000000    0.000000   clock clk (rise edge)
                                  0.000000    0.000000   clock network delay (ideal)
                                  5.000000    5.000000 ^ input external delay
    17    0.057052    0.411977    0.284950    5.284950 ^ enable (in)
                                                         enable (net)
                      0.411977    0.000000    5.284950 ^ _147_/S (sky130_fd_sc_hd__mux2_1)
     1    0.001490    0.098518    0.782867    6.067817 v _147_/X (sky130_fd_sc_hd__mux2_1)
                                                         _043_ (net)
                      0.098518    0.000000    6.067817 v _148_/B (sky130_fd_sc_hd__and2b_2)
     1    0.001577    0.063051    0.399026    6.466843 v _148_/X (sky130_fd_sc_hd__and2b_2)
                                                         _020_ (net)
                      0.063051    0.000000    6.466843 v _178_/D (sky130_fd_sc_hd__dfxtp_2)
                                              6.466843   data arrival time

                      0.150000   25.000000   25.000000   clock clk (rise edge)
                                  0.000000   25.000000   clock network delay (ideal)
                                 -0.250000   24.750000   clock uncertainty
                                  0.000000   24.750000   clock reconvergence pessimism
                                             24.750000 ^ _178_/CLK (sky130_fd_sc_hd__dfxtp_2)
                                 -0.249835   24.500164   library setup time
                                             24.500164   data required time
---------------------------------------------------------------------------------------------
                                             24.500164   data required time
                                             -6.466843   data arrival time
---------------------------------------------------------------------------------------------
                                             18.033321   slack (MET)


Startpoint: enable (input port clocked by clk)
Endpoint: _179_ (rising edge-triggered flip-flop clocked by clk)
Path Group: clk
Path Type: max

Fanout         Cap        Slew       Delay        Time   Description
---------------------------------------------------------------------------------------------
                      0.150000    0.000000    0.000000   clock clk (rise edge)
                                  0.000000    0.000000   clock network delay (ideal)
                                  5.000000    5.000000 ^ input external delay
    17    0.057052    0.411977    0.284950    5.284950 ^ enable (in)
                                                         enable (net)
                      0.411977    0.000000    5.284950 ^ _149_/S (sky130_fd_sc_hd__mux2_1)
     1    0.001490    0.098518    0.782867    6.067817 v _149_/X (sky130_fd_sc_hd__mux2_1)
                                                         _044_ (net)
                      0.098518    0.000000    6.067817 v _150_/B (sky130_fd_sc_hd__and2b_2)
     1    0.001577    0.063051    0.399026    6.466843 v _150_/X (sky130_fd_sc_hd__and2b_2)
                                                         _021_ (net)
                      0.063051    0.000000    6.466843 v _179_/D (sky130_fd_sc_hd__dfxtp_2)
                                              6.466843   data arrival time

                      0.150000   25.000000   25.000000   clock clk (rise edge)
                                  0.000000   25.000000   clock network delay (ideal)
                                 -0.250000   24.750000   clock uncertainty
                                  0.000000   24.750000   clock reconvergence pessimism
                                             24.750000 ^ _179_/CLK (sky130_fd_sc_hd__dfxtp_2)
                                 -0.249835   24.500164   library setup time
                                             24.500164   data required time
---------------------------------------------------------------------------------------------
                                             24.500164   data required time
                                             -6.466843   data arrival time
---------------------------------------------------------------------------------------------
                                             18.033321   slack (MET)


Startpoint: enable (input port clocked by clk)
Endpoint: _180_ (rising edge-triggered flip-flop clocked by clk)
Path Group: clk
Path Type: max

Fanout         Cap        Slew       Delay        Time   Description
---------------------------------------------------------------------------------------------
                      0.150000    0.000000    0.000000   clock clk (rise edge)
                                  0.000000    0.000000   clock network delay (ideal)
                                  5.000000    5.000000 ^ input external delay
    17    0.057052    0.411977    0.284950    5.284950 ^ enable (in)
                                                         enable (net)
                      0.411977    0.000000    5.284950 ^ _151_/S (sky130_fd_sc_hd__mux2_1)
     1    0.001490    0.098518    0.782867    6.067817 v _151_/X (sky130_fd_sc_hd__mux2_1)
                                                         _045_ (net)
                      0.098518    0.000000    6.067817 v _152_/B (sky130_fd_sc_hd__and2b_2)
     1    0.001577    0.063051    0.399026    6.466843 v _152_/X (sky130_fd_sc_hd__and2b_2)
                                                         _022_ (net)
                      0.063051    0.000000    6.466843 v _180_/D (sky130_fd_sc_hd__dfxtp_2)
                                              6.466843   data arrival time

                      0.150000   25.000000   25.000000   clock clk (rise edge)
                                  0.000000   25.000000   clock network delay (ideal)
                                 -0.250000   24.750000   clock uncertainty
                                  0.000000   24.750000   clock reconvergence pessimism
                                             24.750000 ^ _180_/CLK (sky130_fd_sc_hd__dfxtp_2)
                                 -0.249835   24.500164   library setup time
                                             24.500164   data required time
---------------------------------------------------------------------------------------------
                                             24.500164   data required time
                                             -6.466843   data arrival time
---------------------------------------------------------------------------------------------
                                             18.033321   slack (MET)


Startpoint: enable (input port clocked by clk)
Endpoint: _181_ (rising edge-triggered flip-flop clocked by clk)
Path Group: clk
Path Type: max

Fanout         Cap        Slew       Delay        Time   Description
---------------------------------------------------------------------------------------------
                      0.150000    0.000000    0.000000   clock clk (rise edge)
                                  0.000000    0.000000   clock network delay (ideal)
                                  5.000000    5.000000 ^ input external delay
    17    0.057052    0.411977    0.284950    5.284950 ^ enable (in)
                                                         enable (net)
                      0.411977    0.000000    5.284950 ^ _153_/S (sky130_fd_sc_hd__mux2_1)
     1    0.001490    0.098518    0.782867    6.067817 v _153_/X (sky130_fd_sc_hd__mux2_1)
                                                         _046_ (net)
                      0.098518    0.000000    6.067817 v _154_/B (sky130_fd_sc_hd__and2b_2)
     1    0.001577    0.063051    0.399026    6.466843 v _154_/X (sky130_fd_sc_hd__and2b_2)
                                                         _023_ (net)
                      0.063051    0.000000    6.466843 v _181_/D (sky130_fd_sc_hd__dfxtp_2)
                                              6.466843   data arrival time

                      0.150000   25.000000   25.000000   clock clk (rise edge)
                                  0.000000   25.000000   clock network delay (ideal)
                                 -0.250000   24.750000   clock uncertainty
                                  0.000000   24.750000   clock reconvergence pessimism
                                             24.750000 ^ _181_/CLK (sky130_fd_sc_hd__dfxtp_2)
                                 -0.249835   24.500164   library setup time
                                             24.500164   data required time
---------------------------------------------------------------------------------------------
                                             24.500164   data required time
                                             -6.466843   data arrival time
---------------------------------------------------------------------------------------------
                                             18.033321   slack (MET)


Startpoint: enable (input port clocked by clk)
Endpoint: _182_ (rising edge-triggered flip-flop clocked by clk)
Path Group: clk
Path Type: max

Fanout         Cap        Slew       Delay        Time   Description
---------------------------------------------------------------------------------------------
                      0.150000    0.000000    0.000000   clock clk (rise edge)
                                  0.000000    0.000000   clock network delay (ideal)
                                  5.000000    5.000000 ^ input external delay
    17    0.057052    0.411977    0.284950    5.284950 ^ enable (in)
                                                         enable (net)
                      0.411977    0.000000    5.284950 ^ _155_/S (sky130_fd_sc_hd__mux2_1)
     1    0.001490    0.098518    0.782867    6.067817 v _155_/X (sky130_fd_sc_hd__mux2_1)
                                                         _047_ (net)
                      0.098518    0.000000    6.067817 v _156_/B (sky130_fd_sc_hd__and2b_2)
     1    0.001577    0.063051    0.399026    6.466843 v _156_/X (sky130_fd_sc_hd__and2b_2)
                                                         _024_ (net)
                      0.063051    0.000000    6.466843 v _182_/D (sky130_fd_sc_hd__dfxtp_2)
                                              6.466843   data arrival time

                      0.150000   25.000000   25.000000   clock clk (rise edge)
                                  0.000000   25.000000   clock network delay (ideal)
                                 -0.250000   24.750000   clock uncertainty
                                  0.000000   24.750000   clock reconvergence pessimism
                                             24.750000 ^ _182_/CLK (sky130_fd_sc_hd__dfxtp_2)
                                 -0.249835   24.500164   library setup time
                                             24.500164   data required time
---------------------------------------------------------------------------------------------
                                             24.500164   data required time
                                             -6.466843   data arrival time
---------------------------------------------------------------------------------------------
                                             18.033321   slack (MET)


Startpoint: _182_ (rising edge-triggered flip-flop clocked by clk)
Endpoint: _183_ (rising edge-triggered flip-flop clocked by clk)
Path Group: clk
Path Type: max

Fanout         Cap        Slew       Delay        Time   Description
---------------------------------------------------------------------------------------------
                      0.150000    0.000000    0.000000   clock clk (rise edge)
                                  0.000000    0.000000   clock network delay (ideal)
                      0.150000    0.000000    0.000000 ^ _182_/CLK (sky130_fd_sc_hd__dfxtp_2)
     3    0.007159    0.059326    0.653669    0.653669 v _182_/Q (sky130_fd_sc_hd__dfxtp_2)
                                                         cin_r (net)
                      0.059326    0.000000    0.653669 v _079_/A (sky130_fd_sc_hd__or2_2)
     3    0.010384    0.155025    0.718831    1.372500 v _079_/X (sky130_fd_sc_hd__or2_2)
                                                         _048_ (net)
                      0.155025    0.000000    1.372500 v _084_/A2 (sky130_fd_sc_hd__a21boi_2)
     2    0.009751    0.248479    0.334066    1.706567 ^ _084_/Y (sky130_fd_sc_hd__a21boi_2)
                                                         _052_ (net)
                      0.248479    0.000000    1.706567 ^ _086_/B (sky130_fd_sc_hd__xnor2_2)
     2    0.006034    0.214007    0.269765    1.976332 ^ _086_/Y (sky130_fd_sc_hd__xnor2_2)
                                                         _054_ (net)
                      0.214007    0.000000    1.976332 ^ _088_/B (sky130_fd_sc_hd__nand2_2)
     3    0.007947    0.095960    0.174539    2.150870 v _088_/Y (sky130_fd_sc_hd__nand2_2)
                                                         _056_ (net)
                      0.095960    0.000000    2.150870 v _091_/A2 (sky130_fd_sc_hd__a21bo_2)
     2    0.002587    0.060030    0.385737    2.536607 v _091_/X (sky130_fd_sc_hd__a21bo_2)
                                                         _058_ (net)
                      0.060030    0.000000    2.536607 v _095_/B1_N (sky130_fd_sc_hd__a21bo_2)
     2    0.013159    0.137689    0.418938    2.955545 ^ _095_/X (sky130_fd_sc_hd__a21bo_2)
                                                         _061_ (net)
                      0.137689    0.000000    2.955545 ^ _097_/B (sky130_fd_sc_hd__xor2_2)
     2    0.006034    0.196815    0.272980    3.228526 ^ _097_/X (sky130_fd_sc_hd__xor2_2)
                                                         _063_ (net)
                      0.196815    0.000000    3.228526 ^ _099_/B (sky130_fd_sc_hd__nand2_2)
     3    0.007947    0.094962    0.168243    3.396769 v _099_/Y (sky130_fd_sc_hd__nand2_2)
                                                         _065_ (net)
                      0.094962    0.000000    3.396769 v _102_/A2 (sky130_fd_sc_hd__a21bo_2)
     2    0.002587    0.060034    0.385325    3.782094 v _102_/X (sky130_fd_sc_hd__a21bo_2)
                                                         _067_ (net)
                      0.060034    0.000000    3.782094 v _106_/B1_N (sky130_fd_sc_hd__a21bo_2)
     2    0.013159    0.137689    0.418940    4.201034 ^ _106_/X (sky130_fd_sc_hd__a21bo_2)
                                                         _070_ (net)
                      0.137689    0.000000    4.201034 ^ _108_/B (sky130_fd_sc_hd__xor2_2)
     2    0.006034    0.196815    0.272980    4.474014 ^ _108_/X (sky130_fd_sc_hd__xor2_2)
                                                         _072_ (net)
                      0.196815    0.000000    4.474014 ^ _110_/B (sky130_fd_sc_hd__nand2_2)
     3    0.007947    0.094962    0.168243    4.642257 v _110_/Y (sky130_fd_sc_hd__nand2_2)
                                                         _074_ (net)
                      0.094962    0.000000    4.642257 v _113_/A2 (sky130_fd_sc_hd__a21bo_2)
     2    0.002787    0.061124    0.386916    5.029174 v _113_/X (sky130_fd_sc_hd__a21bo_2)
                                                         _076_ (net)
                      0.061124    0.000000    5.029174 v _117_/B1_N (sky130_fd_sc_hd__a21boi_2)
     2    0.009423    0.112696    0.339849    5.369023 v _117_/Y (sky130_fd_sc_hd__a21boi_2)
                                                         _026_ (net)
                      0.112696    0.000000    5.369023 v _119_/B (sky130_fd_sc_hd__xnor2_2)
     2    0.005521    0.106470    0.258277    5.627300 v _119_/Y (sky130_fd_sc_hd__xnor2_2)
                                                         _028_ (net)
                      0.106470    0.000000    5.627300 v _121_/B (sky130_fd_sc_hd__nand2_2)
     2    0.006561    0.088356    0.130870    5.758169 ^ _121_/Y (sky130_fd_sc_hd__nand2_2)
                                                         _030_ (net)
                      0.088356    0.000000    5.758169 ^ _157_/A2 (sky130_fd_sc_hd__a21oi_2)
     1    0.001577    0.090233    0.100698    5.858867 v _157_/Y (sky130_fd_sc_hd__a21oi_2)
                                                         _025_ (net)
                      0.090233    0.000000    5.858867 v _183_/D (sky130_fd_sc_hd__dfxtp_2)
                                              5.858867   data arrival time

                      0.150000   25.000000   25.000000   clock clk (rise edge)
                                  0.000000   25.000000   clock network delay (ideal)
                                 -0.250000   24.750000   clock uncertainty
                                  0.000000   24.750000   clock reconvergence pessimism
                                             24.750000 ^ _183_/CLK (sky130_fd_sc_hd__dfxtp_2)
                                 -0.261120   24.488878   library setup time
                                             24.488878   data required time
---------------------------------------------------------------------------------------------
                                             24.488878   data required time
                                             -5.858867   data arrival time
---------------------------------------------------------------------------------------------
                                             18.630013   slack (MET)


Startpoint: reset (input port clocked by clk)
Endpoint: _159_ (rising edge-triggered flip-flop clocked by clk)
Path Group: clk
Path Type: max

Fanout         Cap        Slew       Delay        Time   Description
---------------------------------------------------------------------------------------------
                      0.150000    0.000000    0.000000   clock clk (rise edge)
                                  0.000000    0.000000   clock network delay (ideal)
                                  5.000000    5.000000 ^ input external delay
    26    0.054600    0.394800    0.272837    5.272837 ^ reset (in)
                                                         reset (net)
                      0.394800    0.000000    5.272837 ^ _089_/A_N (sky130_fd_sc_hd__and3b_2)
     1    0.001577    0.065881    0.517635    5.790472 v _089_/X (sky130_fd_sc_hd__and3b_2)
                                                         _001_ (net)
                      0.065881    0.000000    5.790472 v _159_/D (sky130_fd_sc_hd__dfxtp_2)
                                              5.790472   data arrival time

                      0.150000   25.000000   25.000000   clock clk (rise edge)
                                  0.000000   25.000000   clock network delay (ideal)
                                 -0.250000   24.750000   clock uncertainty
                                  0.000000   24.750000   clock reconvergence pessimism
                                             24.750000 ^ _159_/CLK (sky130_fd_sc_hd__dfxtp_2)
                                 -0.251010   24.498991   library setup time
                                             24.498991   data required time
---------------------------------------------------------------------------------------------
                                             24.498991   data required time
                                             -5.790472   data arrival time
---------------------------------------------------------------------------------------------
                                             18.708517   slack (MET)


Startpoint: reset (input port clocked by clk)
Endpoint: _161_ (rising edge-triggered flip-flop clocked by clk)
Path Group: clk
Path Type: max

Fanout         Cap        Slew       Delay        Time   Description
---------------------------------------------------------------------------------------------
                      0.150000    0.000000    0.000000   clock clk (rise edge)
                                  0.000000    0.000000   clock network delay (ideal)
                                  5.000000    5.000000 ^ input external delay
    26    0.054600    0.394800    0.272837    5.272837 ^ reset (in)
                                                         reset (net)
                      0.394800    0.000000    5.272837 ^ _100_/A_N (sky130_fd_sc_hd__and3b_2)
     1    0.001577    0.065887    0.517635    5.790472 v _100_/X (sky130_fd_sc_hd__and3b_2)
                                                         _003_ (net)
                      0.065887    0.000000    5.790472 v _161_/D (sky130_fd_sc_hd__dfxtp_2)
                                              5.790472   data arrival time

                      0.150000   25.000000   25.000000   clock clk (rise edge)
                                  0.000000   25.000000   clock network delay (ideal)
                                 -0.250000   24.750000   clock uncertainty
                                  0.000000   24.750000   clock reconvergence pessimism
                                             24.750000 ^ _161_/CLK (sky130_fd_sc_hd__dfxtp_2)
                                 -0.251012   24.498989   library setup time
                                             24.498989   data required time
---------------------------------------------------------------------------------------------
                                             24.498989   data required time
                                             -5.790472   data arrival time
---------------------------------------------------------------------------------------------
                                             18.708517   slack (MET)


Startpoint: reset (input port clocked by clk)
Endpoint: _163_ (rising edge-triggered flip-flop clocked by clk)
Path Group: clk
Path Type: max

Fanout         Cap        Slew       Delay        Time   Description
---------------------------------------------------------------------------------------------
                      0.150000    0.000000    0.000000   clock clk (rise edge)
                                  0.000000    0.000000   clock network delay (ideal)
                                  5.000000    5.000000 ^ input external delay
    26    0.054600    0.394800    0.272837    5.272837 ^ reset (in)
                                                         reset (net)
                      0.394800    0.000000    5.272837 ^ _111_/A_N (sky130_fd_sc_hd__and3b_2)
     1    0.001577    0.065887    0.517635    5.790472 v _111_/X (sky130_fd_sc_hd__and3b_2)
                                                         _005_ (net)
                      0.065887    0.000000    5.790472 v _163_/D (sky130_fd_sc_hd__dfxtp_2)
                                              5.790472   data arrival time

                      0.150000   25.000000   25.000000   clock clk (rise edge)
                                  0.000000   25.000000   clock network delay (ideal)
                                 -0.250000   24.750000   clock uncertainty
                                  0.000000   24.750000   clock reconvergence pessimism
                                             24.750000 ^ _163_/CLK (sky130_fd_sc_hd__dfxtp_2)
                                 -0.251012   24.498989   library setup time
                                             24.498989   data required time
---------------------------------------------------------------------------------------------
                                             24.498989   data required time
                                             -5.790472   data arrival time
---------------------------------------------------------------------------------------------
                                             18.708517   slack (MET)


Startpoint: _182_ (rising edge-triggered flip-flop clocked by clk)
Endpoint: _164_ (rising edge-triggered flip-flop clocked by clk)
Path Group: clk
Path Type: max

Fanout         Cap        Slew       Delay        Time   Description
---------------------------------------------------------------------------------------------
                      0.150000    0.000000    0.000000   clock clk (rise edge)
                                  0.000000    0.000000   clock network delay (ideal)
                      0.150000    0.000000    0.000000 ^ _182_/CLK (sky130_fd_sc_hd__dfxtp_2)
     3    0.007159    0.059326    0.653669    0.653669 v _182_/Q (sky130_fd_sc_hd__dfxtp_2)
                                                         cin_r (net)
                      0.059326    0.000000    0.653669 v _079_/A (sky130_fd_sc_hd__or2_2)
     3    0.010384    0.155025    0.718831    1.372500 v _079_/X (sky130_fd_sc_hd__or2_2)
                                                         _048_ (net)
                      0.155025    0.000000    1.372500 v _084_/A2 (sky130_fd_sc_hd__a21boi_2)
     2    0.009751    0.248479    0.334066    1.706567 ^ _084_/Y (sky130_fd_sc_hd__a21boi_2)
                                                         _052_ (net)
                      0.248479    0.000000    1.706567 ^ _086_/B (sky130_fd_sc_hd__xnor2_2)
     2    0.006034    0.214007    0.269765    1.976332 ^ _086_/Y (sky130_fd_sc_hd__xnor2_2)
                                                         _054_ (net)
                      0.214007    0.000000    1.976332 ^ _088_/B (sky130_fd_sc_hd__nand2_2)
     3    0.007947    0.095960    0.174539    2.150870 v _088_/Y (sky130_fd_sc_hd__nand2_2)
                                                         _056_ (net)
                      0.095960    0.000000    2.150870 v _091_/A2 (sky130_fd_sc_hd__a21bo_2)
     2    0.002587    0.060030    0.385737    2.536607 v _091_/X (sky130_fd_sc_hd__a21bo_2)
                                                         _058_ (net)
                      0.060030    0.000000    2.536607 v _095_/B1_N (sky130_fd_sc_hd__a21bo_2)
     2    0.013159    0.137689    0.418938    2.955545 ^ _095_/X (sky130_fd_sc_hd__a21bo_2)
                                                         _061_ (net)
                      0.137689    0.000000    2.955545 ^ _097_/B (sky130_fd_sc_hd__xor2_2)
     2    0.006034    0.196815    0.272980    3.228526 ^ _097_/X (sky130_fd_sc_hd__xor2_2)
                                                         _063_ (net)
                      0.196815    0.000000    3.228526 ^ _099_/B (sky130_fd_sc_hd__nand2_2)
     3    0.007947    0.094962    0.168243    3.396769 v _099_/Y (sky130_fd_sc_hd__nand2_2)
                                                         _065_ (net)
                      0.094962    0.000000    3.396769 v _102_/A2 (sky130_fd_sc_hd__a21bo_2)
     2    0.002587    0.060034    0.385325    3.782094 v _102_/X (sky130_fd_sc_hd__a21bo_2)
                                                         _067_ (net)
                      0.060034    0.000000    3.782094 v _106_/B1_N (sky130_fd_sc_hd__a21bo_2)
     2    0.013159    0.137689    0.418940    4.201034 ^ _106_/X (sky130_fd_sc_hd__a21bo_2)
                                                         _070_ (net)
                      0.137689    0.000000    4.201034 ^ _108_/B (sky130_fd_sc_hd__xor2_2)
     2    0.006034    0.196815    0.272980    4.474014 ^ _108_/X (sky130_fd_sc_hd__xor2_2)
                                                         _072_ (net)
                      0.196815    0.000000    4.474014 ^ _110_/B (sky130_fd_sc_hd__nand2_2)
     3    0.007947    0.094962    0.168243    4.642257 v _110_/Y (sky130_fd_sc_hd__nand2_2)
                                                         _074_ (net)
                      0.094962    0.000000    4.642257 v _113_/A2 (sky130_fd_sc_hd__a21bo_2)
     2    0.002787    0.061124    0.386916    5.029174 v _113_/X (sky130_fd_sc_hd__a21bo_2)
                                                         _076_ (net)
                      0.061124    0.000000    5.029174 v _114_/B (sky130_fd_sc_hd__and2_2)
     2    0.006955    0.091131    0.414779    5.443953 v _114_/X (sky130_fd_sc_hd__and2_2)
                                                         _077_ (net)
                      0.091131    0.000000    5.443953 v _116_/A2 (sky130_fd_sc_hd__o21a_2)
     1    0.001577    0.052457    0.350420    5.794372 v _116_/X (sky130_fd_sc_hd__o21a_2)
                                                         _006_ (net)
                      0.052457    0.000000    5.794372 v _164_/D (sky130_fd_sc_hd__dfxtp_2)
                                              5.794372   data arrival time

                      0.150000   25.000000   25.000000   clock clk (rise edge)
                                  0.000000   25.000000   clock network delay (ideal)
                                 -0.250000   24.750000   clock uncertainty
                                  0.000000   24.750000   clock reconvergence pessimism
                                             24.750000 ^ _164_/CLK (sky130_fd_sc_hd__dfxtp_2)
                                 -0.245437   24.504562   library setup time
                                             24.504562   data required time
---------------------------------------------------------------------------------------------
                                             24.504562   data required time
                                             -5.794372   data arrival time
---------------------------------------------------------------------------------------------
                                             18.710190   slack (MET)


Startpoint: reset (input port clocked by clk)
Endpoint: _160_ (rising edge-triggered flip-flop clocked by clk)
Path Group: clk
Path Type: max

Fanout         Cap        Slew       Delay        Time   Description
---------------------------------------------------------------------------------------------
                      0.150000    0.000000    0.000000   clock clk (rise edge)
                                  0.000000    0.000000   clock network delay (ideal)
                                  5.000000    5.000000 ^ input external delay
    26    0.054600    0.394800    0.272837    5.272837 ^ reset (in)
                                                         reset (net)
                      0.394800    0.000000    5.272837 ^ _093_/B1 (sky130_fd_sc_hd__a21oi_2)
     1    0.002359    0.093306    0.127721    5.400558 v _093_/Y (sky130_fd_sc_hd__a21oi_2)
                                                         _060_ (net)
                      0.093306    0.000000    5.400558 v _094_/B1 (sky130_fd_sc_hd__o21a_2)
     1    0.001577    0.052457    0.207017    5.607574 v _094_/X (sky130_fd_sc_hd__o21a_2)
                                                         _002_ (net)
                      0.052457    0.000000    5.607574 v _160_/D (sky130_fd_sc_hd__dfxtp_2)
                                              5.607574   data arrival time

                      0.150000   25.000000   25.000000   clock clk (rise edge)
                                  0.000000   25.000000   clock network delay (ideal)
                                 -0.250000   24.750000   clock uncertainty
                                  0.000000   24.750000   clock reconvergence pessimism
                                             24.750000 ^ _160_/CLK (sky130_fd_sc_hd__dfxtp_2)
                                 -0.245437   24.504562   library setup time
                                             24.504562   data required time
---------------------------------------------------------------------------------------------
                                             24.504562   data required time
                                             -5.607574   data arrival time
---------------------------------------------------------------------------------------------
                                             18.896988   slack (MET)


Startpoint: reset (input port clocked by clk)
Endpoint: _162_ (rising edge-triggered flip-flop clocked by clk)
Path Group: clk
Path Type: max

Fanout         Cap        Slew       Delay        Time   Description
---------------------------------------------------------------------------------------------
                      0.150000    0.000000    0.000000   clock clk (rise edge)
                                  0.000000    0.000000   clock network delay (ideal)
                                  5.000000    5.000000 ^ input external delay
    26    0.054600    0.394800    0.272837    5.272837 ^ reset (in)
                                                         reset (net)
                      0.394800    0.000000    5.272837 ^ _104_/B1 (sky130_fd_sc_hd__a21oi_2)
     1    0.002359    0.093306    0.127721    5.400558 v _104_/Y (sky130_fd_sc_hd__a21oi_2)
                                                         _069_ (net)
                      0.093306    0.000000    5.400558 v _105_/B1 (sky130_fd_sc_hd__o21a_2)
     1    0.001577    0.052457    0.207017    5.607574 v _105_/X (sky130_fd_sc_hd__o21a_2)
                                                         _004_ (net)
                      0.052457    0.000000    5.607574 v _162_/D (sky130_fd_sc_hd__dfxtp_2)
                                              5.607574   data arrival time

                      0.150000   25.000000   25.000000   clock clk (rise edge)
                                  0.000000   25.000000   clock network delay (ideal)
                                 -0.250000   24.750000   clock uncertainty
                                  0.000000   24.750000   clock reconvergence pessimism
                                             24.750000 ^ _162_/CLK (sky130_fd_sc_hd__dfxtp_2)
                                 -0.245437   24.504562   library setup time
                                             24.504562   data required time
---------------------------------------------------------------------------------------------
                                             24.504562   data required time
                                             -5.607574   data arrival time
---------------------------------------------------------------------------------------------
                                             18.896988   slack (MET)


Startpoint: _183_ (rising edge-triggered flip-flop clocked by clk)
Endpoint: cout (output port clocked by clk)
Path Group: clk
Path Type: max

Fanout         Cap        Slew       Delay        Time   Description
---------------------------------------------------------------------------------------------
                      0.150000    0.000000    0.000000   clock clk (rise edge)
                                  0.000000    0.000000   clock network delay (ideal)
                      0.150000    0.000000    0.000000 ^ _183_/CLK (sky130_fd_sc_hd__dfxtp_2)
     1    0.033442    0.280322    0.852096    0.852096 ^ _183_/Q (sky130_fd_sc_hd__dfxtp_2)
                                                         cout (net)
                      0.280322    0.000000    0.852096 ^ cout (out)
                                              0.852096   data arrival time

                      0.150000   25.000000   25.000000   clock clk (rise edge)
                                  0.000000   25.000000   clock network delay (ideal)
                                 -0.250000   24.750000   clock uncertainty
                                  0.000000   24.750000   clock reconvergence pessimism
                                 -5.000000   19.750000   output external delay
                                             19.750000   data required time
---------------------------------------------------------------------------------------------
                                             19.750000   data required time
                                             -0.852096   data arrival time
---------------------------------------------------------------------------------------------
                                             18.897902   slack (MET)


Startpoint: _158_ (rising edge-triggered flip-flop clocked by clk)
Endpoint: sum[0] (output port clocked by clk)
Path Group: clk
Path Type: max

Fanout         Cap        Slew       Delay        Time   Description
---------------------------------------------------------------------------------------------
                      0.150000    0.000000    0.000000   clock clk (rise edge)
                                  0.000000    0.000000   clock network delay (ideal)
                      0.150000    0.000000    0.000000 ^ _158_/CLK (sky130_fd_sc_hd__dfxtp_2)
     1    0.033442    0.280322    0.852096    0.852096 ^ _158_/Q (sky130_fd_sc_hd__dfxtp_2)
                                                         sum[0] (net)
                      0.280322    0.000000    0.852096 ^ sum[0] (out)
                                              0.852096   data arrival time

                      0.150000   25.000000   25.000000   clock clk (rise edge)
                                  0.000000   25.000000   clock network delay (ideal)
                                 -0.250000   24.750000   clock uncertainty
                                  0.000000   24.750000   clock reconvergence pessimism
                                 -5.000000   19.750000   output external delay
                                             19.750000   data required time
---------------------------------------------------------------------------------------------
                                             19.750000   data required time
                                             -0.852096   data arrival time
---------------------------------------------------------------------------------------------
                                             18.897902   slack (MET)


Startpoint: _159_ (rising edge-triggered flip-flop clocked by clk)
Endpoint: sum[1] (output port clocked by clk)
Path Group: clk
Path Type: max

Fanout         Cap        Slew       Delay        Time   Description
---------------------------------------------------------------------------------------------
                      0.150000    0.000000    0.000000   clock clk (rise edge)
                                  0.000000    0.000000   clock network delay (ideal)
                      0.150000    0.000000    0.000000 ^ _159_/CLK (sky130_fd_sc_hd__dfxtp_2)
     1    0.033442    0.280322    0.852096    0.852096 ^ _159_/Q (sky130_fd_sc_hd__dfxtp_2)
                                                         sum[1] (net)
                      0.280322    0.000000    0.852096 ^ sum[1] (out)
                                              0.852096   data arrival time

                      0.150000   25.000000   25.000000   clock clk (rise edge)
                                  0.000000   25.000000   clock network delay (ideal)
                                 -0.250000   24.750000   clock uncertainty
                                  0.000000   24.750000   clock reconvergence pessimism
                                 -5.000000   19.750000   output external delay
                                             19.750000   data required time
---------------------------------------------------------------------------------------------
                                             19.750000   data required time
                                             -0.852096   data arrival time
---------------------------------------------------------------------------------------------
                                             18.897902   slack (MET)


Startpoint: _160_ (rising edge-triggered flip-flop clocked by clk)
Endpoint: sum[2] (output port clocked by clk)
Path Group: clk
Path Type: max

Fanout         Cap        Slew       Delay        Time   Description
---------------------------------------------------------------------------------------------
                      0.150000    0.000000    0.000000   clock clk (rise edge)
                                  0.000000    0.000000   clock network delay (ideal)
                      0.150000    0.000000    0.000000 ^ _160_/CLK (sky130_fd_sc_hd__dfxtp_2)
     1    0.033442    0.280322    0.852096    0.852096 ^ _160_/Q (sky130_fd_sc_hd__dfxtp_2)
                                                         sum[2] (net)
                      0.280322    0.000000    0.852096 ^ sum[2] (out)
                                              0.852096   data arrival time

                      0.150000   25.000000   25.000000   clock clk (rise edge)
                                  0.000000   25.000000   clock network delay (ideal)
                                 -0.250000   24.750000   clock uncertainty
                                  0.000000   24.750000   clock reconvergence pessimism
                                 -5.000000   19.750000   output external delay
                                             19.750000   data required time
---------------------------------------------------------------------------------------------
                                             19.750000   data required time
                                             -0.852096   data arrival time
---------------------------------------------------------------------------------------------
                                             18.897902   slack (MET)


Startpoint: _161_ (rising edge-triggered flip-flop clocked by clk)
Endpoint: sum[3] (output port clocked by clk)
Path Group: clk
Path Type: max

Fanout         Cap        Slew       Delay        Time   Description
---------------------------------------------------------------------------------------------
                      0.150000    0.000000    0.000000   clock clk (rise edge)
                                  0.000000    0.000000   clock network delay (ideal)
                      0.150000    0.000000    0.000000 ^ _161_/CLK (sky130_fd_sc_hd__dfxtp_2)
     1    0.033442    0.280322    0.852096    0.852096 ^ _161_/Q (sky130_fd_sc_hd__dfxtp_2)
                                                         sum[3] (net)
                      0.280322    0.000000    0.852096 ^ sum[3] (out)
                                              0.852096   data arrival time

                      0.150000   25.000000   25.000000   clock clk (rise edge)
                                  0.000000   25.000000   clock network delay (ideal)
                                 -0.250000   24.750000   clock uncertainty
                                  0.000000   24.750000   clock reconvergence pessimism
                                 -5.000000   19.750000   output external delay
                                             19.750000   data required time
---------------------------------------------------------------------------------------------
                                             19.750000   data required time
                                             -0.852096   data arrival time
---------------------------------------------------------------------------------------------
                                             18.897902   slack (MET)


Startpoint: _162_ (rising edge-triggered flip-flop clocked by clk)
Endpoint: sum[4] (output port clocked by clk)
Path Group: clk
Path Type: max

Fanout         Cap        Slew       Delay        Time   Description
---------------------------------------------------------------------------------------------
                      0.150000    0.000000    0.000000   clock clk (rise edge)
                                  0.000000    0.000000   clock network delay (ideal)
                      0.150000    0.000000    0.000000 ^ _162_/CLK (sky130_fd_sc_hd__dfxtp_2)
     1    0.033442    0.280322    0.852096    0.852096 ^ _162_/Q (sky130_fd_sc_hd__dfxtp_2)
                                                         sum[4] (net)
                      0.280322    0.000000    0.852096 ^ sum[4] (out)
                                              0.852096   data arrival time

                      0.150000   25.000000   25.000000   clock clk (rise edge)
                                  0.000000   25.000000   clock network delay (ideal)
                                 -0.250000   24.750000   clock uncertainty
                                  0.000000   24.750000   clock reconvergence pessimism
                                 -5.000000   19.750000   output external delay
                                             19.750000   data required time
---------------------------------------------------------------------------------------------
                                             19.750000   data required time
                                             -0.852096   data arrival time
---------------------------------------------------------------------------------------------
                                             18.897902   slack (MET)


Startpoint: _163_ (rising edge-triggered flip-flop clocked by clk)
Endpoint: sum[5] (output port clocked by clk)
Path Group: clk
Path Type: max

Fanout         Cap        Slew       Delay        Time   Description
---------------------------------------------------------------------------------------------
                      0.150000    0.000000    0.000000   clock clk (rise edge)
                                  0.000000    0.000000   clock network delay (ideal)
                      0.150000    0.000000    0.000000 ^ _163_/CLK (sky130_fd_sc_hd__dfxtp_2)
     1    0.033442    0.280322    0.852096    0.852096 ^ _163_/Q (sky130_fd_sc_hd__dfxtp_2)
                                                         sum[5] (net)
                      0.280322    0.000000    0.852096 ^ sum[5] (out)
                                              0.852096   data arrival time

                      0.150000   25.000000   25.000000   clock clk (rise edge)
                                  0.000000   25.000000   clock network delay (ideal)
                                 -0.250000   24.750000   clock uncertainty
                                  0.000000   24.750000   clock reconvergence pessimism
                                 -5.000000   19.750000   output external delay
                                             19.750000   data required time
---------------------------------------------------------------------------------------------
                                             19.750000   data required time
                                             -0.852096   data arrival time
---------------------------------------------------------------------------------------------
                                             18.897902   slack (MET)


Startpoint: _164_ (rising edge-triggered flip-flop clocked by clk)
Endpoint: sum[6] (output port clocked by clk)
Path Group: clk
Path Type: max

Fanout         Cap        Slew       Delay        Time   Description
---------------------------------------------------------------------------------------------
                      0.150000    0.000000    0.000000   clock clk (rise edge)
                                  0.000000    0.000000   clock network delay (ideal)
                      0.150000    0.000000    0.000000 ^ _164_/CLK (sky130_fd_sc_hd__dfxtp_2)
     1    0.033442    0.280322    0.852096    0.852096 ^ _164_/Q (sky130_fd_sc_hd__dfxtp_2)
                                                         sum[6] (net)
                      0.280322    0.000000    0.852096 ^ sum[6] (out)
                                              0.852096   data arrival time

                      0.150000   25.000000   25.000000   clock clk (rise edge)
                                  0.000000   25.000000   clock network delay (ideal)
                                 -0.250000   24.750000   clock uncertainty
                                  0.000000   24.750000   clock reconvergence pessimism
                                 -5.000000   19.750000   output external delay
                                             19.750000   data required time
---------------------------------------------------------------------------------------------
                                             19.750000   data required time
                                             -0.852096   data arrival time
---------------------------------------------------------------------------------------------
                                             18.897902   slack (MET)


Startpoint: _165_ (rising edge-triggered flip-flop clocked by clk)
Endpoint: sum[7] (output port clocked by clk)
Path Group: clk
Path Type: max

Fanout         Cap        Slew       Delay        Time   Description
---------------------------------------------------------------------------------------------
                      0.150000    0.000000    0.000000   clock clk (rise edge)
                                  0.000000    0.000000   clock network delay (ideal)
                      0.150000    0.000000    0.000000 ^ _165_/CLK (sky130_fd_sc_hd__dfxtp_2)
     1    0.033442    0.280322    0.852096    0.852096 ^ _165_/Q (sky130_fd_sc_hd__dfxtp_2)
                                                         sum[7] (net)
                      0.280322    0.000000    0.852096 ^ sum[7] (out)
                                              0.852096   data arrival time

                      0.150000   25.000000   25.000000   clock clk (rise edge)
                                  0.000000   25.000000   clock network delay (ideal)
                                 -0.250000   24.750000   clock uncertainty
                                  0.000000   24.750000   clock reconvergence pessimism
                                 -5.000000   19.750000   output external delay
                                             19.750000   data required time
---------------------------------------------------------------------------------------------
                                             19.750000   data required time
                                             -0.852096   data arrival time
---------------------------------------------------------------------------------------------
                                             18.897902   slack (MET)


Startpoint: reset (input port clocked by clk)
Endpoint: _158_ (rising edge-triggered flip-flop clocked by clk)
Path Group: clk
Path Type: max

Fanout         Cap        Slew       Delay        Time   Description
---------------------------------------------------------------------------------------------
                      0.150000    0.000000    0.000000   clock clk (rise edge)
                                  0.000000    0.000000   clock network delay (ideal)
                                  5.000000    5.000000 ^ input external delay
    26    0.054600    0.394800    0.272837    5.272837 ^ reset (in)
                                                         reset (net)
                      0.394800    0.000000    5.272837 ^ _083_/A (sky130_fd_sc_hd__nor3_2)
     1    0.001577    0.086078    0.178755    5.451592 v _083_/Y (sky130_fd_sc_hd__nor3_2)
                                                         _000_ (net)
                      0.086078    0.000000    5.451592 v _158_/D (sky130_fd_sc_hd__dfxtp_2)
                                              5.451592   data arrival time

                      0.150000   25.000000   25.000000   clock clk (rise edge)
                                  0.000000   25.000000   clock network delay (ideal)
                                 -0.250000   24.750000   clock uncertainty
                                  0.000000   24.750000   clock reconvergence pessimism
                                             24.750000 ^ _158_/CLK (sky130_fd_sc_hd__dfxtp_2)
                                 -0.259395   24.490604   library setup time
                                             24.490604   data required time
---------------------------------------------------------------------------------------------
                                             24.490604   data required time
                                             -5.451592   data arrival time
---------------------------------------------------------------------------------------------
                                             19.039011   slack (MET)



