[WARNING ORD-0039] .openroad ignored with -python
                                Cells by Master                                 
┏━━━━━━━━━━━━━━━━━━━━━━━━━━━━━━━━━━━━━━━━━━━━━━━━━━━━━━━━━━━━━━━━┳━━━━━━━━━━━━━┓
┃ Cell                                                           ┃ Count       ┃
┡━━━━━━━━━━━━━━━━━━━━━━━━━━━━━━━━━━━━━━━━━━━━━━━━━━━━━━━━━━━━━━━━╇━━━━━━━━━━━━━┩
│ sky130_ef_sc_hd__decap_12                                      │ 30          │
│ sky130_fd_sc_hd__a21bo_1                                       │ 5           │
│ sky130_fd_sc_hd__a21boi_1                                      │ 2           │
│ sky130_fd_sc_hd__a21oi_1                                       │ 5           │
│ sky130_fd_sc_hd__and2_1                                        │ 3           │
│ sky130_fd_sc_hd__and2b_1                                       │ 17          │
│ sky130_fd_sc_hd__and3_1                                        │ 1           │
│ sky130_fd_sc_hd__and3b_1                                       │ 4           │
│ sky130_fd_sc_hd__buf_1                                         │ 1           │
│ sky130_fd_sc_hd__buf_2                                         │ 10          │
│ sky130_fd_sc_hd__clkbuf_1                                      │ 18          │
│ sky130_fd_sc_hd__clkbuf_16                                     │ 3           │
│ sky130_fd_sc_hd__clkbuf_2                                      │ 3           │
│ sky130_fd_sc_hd__clkbuf_4                                      │ 1           │
│ sky130_fd_sc_hd__clkbuf_8                                      │ 1           │
│ sky130_fd_sc_hd__decap_3                                       │ 44          │
│ sky130_fd_sc_hd__decap_4                                       │ 17          │
│ sky130_fd_sc_hd__decap_6                                       │ 6           │
│ sky130_fd_sc_hd__decap_8                                       │ 14          │
│ sky130_fd_sc_hd__dfxtp_1                                       │ 26          │
│ sky130_fd_sc_hd__dlygate4sd3_1                                 │ 9           │
│ sky130_fd_sc_hd__fill_1                                        │ 35          │
│ sky130_fd_sc_hd__fill_2                                        │ 26          │
│ sky130_fd_sc_hd__mux2_1                                        │ 17          │
│ sky130_fd_sc_hd__nand2_1                                       │ 7           │
│ sky130_fd_sc_hd__nand2b_1                                      │ 2           │
│ sky130_fd_sc_hd__nand3b_1                                      │ 3           │
│ sky130_fd_sc_hd__nor3_1                                        │ 1           │
│ sky130_fd_sc_hd__o21a_1                                        │ 3           │
│ sky130_fd_sc_hd__or2_1                                         │ 5           │
│ sky130_fd_sc_hd__tapvpwrvgnd_1                                 │ 30          │
│ sky130_fd_sc_hd__xnor2_1                                       │ 2           │
│ sky130_fd_sc_hd__xor2_1                                        │ 2           │
└────────────────────────────────────────────────────────────────┴─────────────┘
                               Cells by Function                                
┏━━━━━━━━━━━━━━━━━━━━━━━━━━━━━━━━━━━━━━━━━━━━━━━━━━━━━━━━━━━━━━━┳━━━━━━━━━━━━━━┓
┃ Cell Function                                                 ┃ Count        ┃
┡━━━━━━━━━━━━━━━━━━━━━━━━━━━━━━━━━━━━━━━━━━━━━━━━━━━━━━━━━━━━━━━╇━━━━━━━━━━━━━━┩
│ sky130_ef_sc_hd__decap                                        │ 30           │
│ sky130_fd_sc_hd__a21bo                                        │ 5            │
│ sky130_fd_sc_hd__a21boi                                       │ 2            │
│ sky130_fd_sc_hd__a21oi                                        │ 5            │
│ sky130_fd_sc_hd__and2                                         │ 3            │
│ sky130_fd_sc_hd__and2b                                        │ 17           │
│ sky130_fd_sc_hd__and3                                         │ 1            │
│ sky130_fd_sc_hd__and3b                                        │ 4            │
│ sky130_fd_sc_hd__buf                                          │ 11           │
│ sky130_fd_sc_hd__clkbuf                                       │ 26           │
│ sky130_fd_sc_hd__decap                                        │ 81           │
│ sky130_fd_sc_hd__dfxtp                                        │ 26           │
│ sky130_fd_sc_hd__dlygate4sd3                                  │ 9            │
│ sky130_fd_sc_hd__fill                                         │ 61           │
│ sky130_fd_sc_hd__mux2                                         │ 17           │
│ sky130_fd_sc_hd__nand2                                        │ 7            │
│ sky130_fd_sc_hd__nand2b                                       │ 2            │
│ sky130_fd_sc_hd__nand3b                                       │ 3            │
│ sky130_fd_sc_hd__nor3                                         │ 1            │
│ sky130_fd_sc_hd__o21a                                         │ 3            │
│ sky130_fd_sc_hd__or2                                          │ 5            │
│ sky130_fd_sc_hd__tapvpwrvgnd                                  │ 30           │
│ sky130_fd_sc_hd__xnor2                                        │ 2            │
│ sky130_fd_sc_hd__xor2                                         │ 2            │
└───────────────────────────────────────────────────────────────┴──────────────┘
                                  Cells by SCL                                  
┏━━━━━━━━━━━━━━━━━━━━━━━━━━━━━━━━━━━━━━━━━━━━━━━━━━━━━━━┳━━━━━━━━━━━━━━━━━━━━━━┓
┃ SCL                                                   ┃ Count                ┃
┡━━━━━━━━━━━━━━━━━━━━━━━━━━━━━━━━━━━━━━━━━━━━━━━━━━━━━━━╇━━━━━━━━━━━━━━━━━━━━━━┩
│ sky130_ef_sc_hd                                       │ 30                   │
│ sky130_fd_sc_hd                                       │ 323                  │
└───────────────────────────────────────────────────────┴──────────────────────┘
                             Buffers by Cell Master                             
┏━━━━━━━━━━━━━━━━━━━━━━━━━━━━━━━━━━━━━━━━━━━━━━━━━━━━━━━━━━━━━━━━┳━━━━━━━━━━━━━┓
┃ Buffer                                                         ┃ Count       ┃
┡━━━━━━━━━━━━━━━━━━━━━━━━━━━━━━━━━━━━━━━━━━━━━━━━━━━━━━━━━━━━━━━━╇━━━━━━━━━━━━━┩
│ sky130_fd_sc_hd__buf_1                                         │ 1           │
│ sky130_fd_sc_hd__buf_2                                         │ 10          │
│ sky130_fd_sc_hd__clkbuf_1                                      │ 18          │
│ sky130_fd_sc_hd__clkbuf_16                                     │ 3           │
│ sky130_fd_sc_hd__clkbuf_2                                      │ 3           │
│ sky130_fd_sc_hd__clkbuf_4                                      │ 1           │
│ sky130_fd_sc_hd__clkbuf_8                                      │ 1           │
│ sky130_fd_sc_hd__dlygate4sd3_1                                 │ 9           │
└────────────────────────────────────────────────────────────────┴─────────────┘
