Clock: clk
Sources: clk 
Generated: no
Virtual: yes
Propagated: no
Period: 25.000000

===========================================================================
report_clock_properties
============================================================================
Clock                   Period          Waveform
----------------------------------------------------
clk                  25.000000    0.000000 12.500000

===========================================================================
report_clock_latency
============================================================================
Clock clk
rise -> rise
    min     max
0.000000 0.000000 source latency
0.608964         network latency _308_/CLK
        0.613860 network latency _322_/CLK
---------------
0.608964 0.613860 latency
        0.004895 skew

fall -> fall
    min     max
0.000000 0.000000 source latency
0.596467         network latency _308_/CLK
        0.601080 network latency _322_/CLK
---------------
0.596467 0.601080 latency
        0.004613 skew



===========================================================================
report_clock_min_period
============================================================================
clk period_min = 9.20 fmax = 108.73
